        -:    0:Source:C:/Users/86195/Desktop/lunwen/include/cppjieba/SegmentBase.hpp
        -:    0:Graph:C:\Users\86195\Desktop\lunwen\cmake-build-debug-\CMakeFiles\lunwen.dir\main.cpp.gcno
        -:    0:Data:C:\Users\86195\Desktop\lunwen\cmake-build-debug-\CMakeFiles\lunwen.dir\main.cpp.gcda
        -:    0:Runs:1
        -:    1:#ifndef CPPJIEBA_SEGMENTBASE_H
        -:    2:#define CPPJIEBA_SEGMENTBASE_H
        -:    3:
        -:    4:#include "limonp/Logging.hpp"
        -:    5:#include "PreFilter.hpp"
        -:    6:#include <cassert>
        -:    7:
        -:    8:
        -:    9:namespace cppjieba {
        -:   10:
        -:   11:const char* const SPECIAL_SEPARATORS = " \t\n\xEF\xBC\x8C\xE3\x80\x82";
        -:   12:
        -:   13:using namespace limonp;
        -:   14:
        -:   15:class SegmentBase {
        -:   16: public:
function _ZN8cppjieba11SegmentBaseC2Ev called 3 returned 100% blocks executed 36%
        3:   17:  SegmentBase() {
        3:   17-block  0
call    0 returned 3
       3*:   18:    XCHECK(ResetSeparators(SPECIAL_SEPARATORS));
call    0 returned 3
call    1 returned 3
branch  2 taken 3 (fallthrough)
branch  3 taken 0 (throw)
        3:   18-block  0
call    4 returned 3
branch  5 taken 3 (fallthrough)
branch  6 taken 0 (throw)
        3:   18-block  1
call    7 returned 3
call    8 returned 3
branch  9 taken 0 (fallthrough)
branch 10 taken 3
    %%%%%:   18-block  2
call   11 never executed
branch 12 never executed
branch 13 never executed
    %%%%%:   18-block  3
call   14 never executed
call   15 never executed
branch 16 never executed
branch 17 never executed
    %%%%%:   18-block  4
call   18 never executed
branch 19 never executed
branch 20 never executed
    %%%%%:   18-block  5
call   21 never executed
    $$$$$:   18-block  6
call   22 never executed
    $$$$$:   18-block  7
    $$$$$:   18-block  8
call   23 never executed
    $$$$$:   18-block  9
    $$$$$:   18-block 10
call   24 never executed
    $$$$$:   18-block 11
        3:   19:  }
        3:   19-block  0
    $$$$$:   19-block  1
call    0 never executed
function _ZN8cppjieba11SegmentBaseD2Ev called 3 returned 100% blocks executed 100%
        3:   20:  virtual ~SegmentBase() {
        3:   21:  }
        3:   21-block  0
call    0 returned 3
        -:   22:
        -:   23:  virtual void Cut(const string& sentence, vector<string>& words) const = 0;
        -:   24:
function _ZN8cppjieba11SegmentBase15ResetSeparatorsERKNSt7__cxx1112basic_stringIcSt11char_traitsIcESaIcEEE called 3 returned 100% blocks executed 36%
        3:   25:  bool ResetSeparators(const string& s) {
        3:   26:    symbols_.clear();
        3:   26-block  0
call    0 returned 3
        3:   27:    RuneStrArray runes;
call    0 returned 3
branch  1 taken 3 (fallthrough)
branch  2 taken 0 (throw)
        3:   28:    if (!DecodeRunesInString(s, runes)) {
        3:   28-block  0
call    0 returned 3
branch  1 taken 3 (fallthrough)
branch  2 taken 0 (throw)
        3:   28-block  1
branch  3 taken 0 (fallthrough)
branch  4 taken 3
    #####:   29:      XLOG(ERROR) << "decode " << s << " failed";
    %%%%%:   29-block  0
call    0 never executed
branch  1 never executed
branch  2 never executed
    %%%%%:   29-block  1
call    3 never executed
call    4 never executed
branch  5 never executed
branch  6 never executed
    %%%%%:   29-block  2
call    7 never executed
branch  8 never executed
branch  9 never executed
    %%%%%:   29-block  3
call   10 never executed
branch 11 never executed
branch 12 never executed
    %%%%%:   29-block  4
call   13 never executed
    $$$$$:   29-block  5
call   14 never executed
    $$$$$:   29-block  6
    #####:   30:      return false;
        -:   31:    }
       18:   32:    for (size_t i = 0; i < runes.size(); i++) {
        3:   32-block  0
       15:   32-block  1
       18:   32-block  2
call    0 returned 18
branch  1 taken 15
branch  2 taken 3 (fallthrough)
       15:   33:      if (!symbols_.insert(runes[i].rune).second) {
       15:   33-block  0
call    0 returned 15
call    1 returned 15
branch  2 taken 15 (fallthrough)
branch  3 taken 0 (throw)
       15:   33-block  1
branch  4 taken 0 (fallthrough)
branch  5 taken 15
    #####:   34:        XLOG(ERROR) << s.substr(runes[i].offset, runes[i].len) << " already exists";
    %%%%%:   34-block  0
call    0 never executed
branch  1 never executed
branch  2 never executed
    %%%%%:   34-block  1
call    3 never executed
call    4 never executed
call    5 never executed
call    6 never executed
branch  7 never executed
branch  8 never executed
    %%%%%:   34-block  2
call    9 never executed
branch 10 never executed
branch 11 never executed
    %%%%%:   34-block  3
call   12 never executed
branch 13 never executed
branch 14 never executed
    %%%%%:   34-block  4
call   15 never executed
call   16 never executed
    $$$$$:   34-block  5
call   17 never executed
    $$$$$:   34-block  6
    $$$$$:   34-block  7
call   18 never executed
    $$$$$:   34-block  8
    #####:   35:        return false;
        -:   36:      }
        -:   37:    }
        3:   38:    return true;
        3:   38-block  0
        3:   39:  }
        3:   39-block  0
call    0 returned 3
    $$$$$:   39-block  1
call    1 never executed
        -:   40: protected:
        -:   41:  unordered_set<Rune> symbols_;
        -:   42:}; // class SegmentBase
        -:   43:
        -:   44:} // cppjieba
        -:   45:
        -:   46:#endif
