        -:    0:Source:C:/PROGRA~1/JETBRA~1/CLION2~1.1/bin/mingw/lib/gcc/x86_64-w64-mingw32/11.2.0/include/c++/bits/hashtable.h
        -:    0:Graph:C:\Users\86195\Desktop\lunwen\cmake-build-debug-\CMakeFiles\lunwen.dir\main.cpp.gcno
        -:    0:Data:C:\Users\86195\Desktop\lunwen\cmake-build-debug-\CMakeFiles\lunwen.dir\main.cpp.gcda
        -:    0:Runs:1
        -:    1:// hashtable.h header -*- C++ -*-
        -:    2:
        -:    3:// Copyright (C) 2007-2021 Free Software Foundation, Inc.
        -:    4://
        -:    5:// This file is part of the GNU ISO C++ Library.  This library is free
        -:    6:// software; you can redistribute it and/or modify it under the
        -:    7:// terms of the GNU General Public License as published by the
        -:    8:// Free Software Foundation; either version 3, or (at your option)
        -:    9:// any later version.
        -:   10:
        -:   11:// This library is distributed in the hope that it will be useful,
        -:   12:// but WITHOUT ANY WARRANTY; without even the implied warranty of
        -:   13:// MERCHANTABILITY or FITNESS FOR A PARTICULAR PURPOSE.  See the
        -:   14:// GNU General Public License for more details.
        -:   15:
        -:   16:// Under Section 7 of GPL version 3, you are granted additional
        -:   17:// permissions described in the GCC Runtime Library Exception, version
        -:   18:// 3.1, as published by the Free Software Foundation.
        -:   19:
        -:   20:// You should have received a copy of the GNU General Public License and
        -:   21:// a copy of the GCC Runtime Library Exception along with this program;
        -:   22:// see the files COPYING3 and COPYING.RUNTIME respectively.  If not, see
        -:   23:// <http://www.gnu.org/licenses/>.
        -:   24:
        -:   25:/** @file bits/hashtable.h
        -:   26: *  This is an internal header file, included by other library headers.
        -:   27: *  Do not attempt to use it directly. @headername{unordered_map, unordered_set}
        -:   28: */
        -:   29:
        -:   30:#ifndef _HASHTABLE_H
        -:   31:#define _HASHTABLE_H 1
        -:   32:
        -:   33:#pragma GCC system_header
        -:   34:
        -:   35:#include <bits/hashtable_policy.h>
        -:   36:#if __cplusplus > 201402L
        -:   37:# include <bits/node_handle.h>
        -:   38:#endif
        -:   39:
        -:   40:namespace std _GLIBCXX_VISIBILITY(default)
        -:   41:{
        -:   42:_GLIBCXX_BEGIN_NAMESPACE_VERSION
        -:   43:
        -:   44:  template<typename _Tp, typename _Hash>
        -:   45:    using __cache_default
        -:   46:      =  __not_<__and_<// Do not cache for fast hasher.
        -:   47:		       __is_fast_hash<_Hash>,
        -:   48:		       // Mandatory to have erase not throwing.
        -:   49:		       __is_nothrow_invocable<const _Hash&, const _Tp&>>>;
        -:   50:
        -:   51:  /**
        -:   52:   *  Primary class template _Hashtable.
        -:   53:   *
        -:   54:   *  @ingroup hashtable-detail
        -:   55:   *
        -:   56:   *  @tparam _Value  CopyConstructible type.
        -:   57:   *
        -:   58:   *  @tparam _Key    CopyConstructible type.
        -:   59:   *
        -:   60:   *  @tparam _Alloc  An allocator type
        -:   61:   *  ([lib.allocator.requirements]) whose _Alloc::value_type is
        -:   62:   *  _Value.  As a conforming extension, we allow for
        -:   63:   *  _Alloc::value_type != _Value.
        -:   64:   *
        -:   65:   *  @tparam _ExtractKey  Function object that takes an object of type
        -:   66:   *  _Value and returns a value of type _Key.
        -:   67:   *
        -:   68:   *  @tparam _Equal  Function object that takes two objects of type k
        -:   69:   *  and returns a bool-like value that is true if the two objects
        -:   70:   *  are considered equal.
        -:   71:   *
        -:   72:   *  @tparam _Hash  The hash function. A unary function object with
        -:   73:   *  argument type _Key and result type size_t. Return values should
        -:   74:   *  be distributed over the entire range [0, numeric_limits<size_t>:::max()].
        -:   75:   *
        -:   76:   *  @tparam _RangeHash  The range-hashing function (in the terminology of
        -:   77:   *  Tavori and Dreizin).  A binary function object whose argument
        -:   78:   *  types and result type are all size_t.  Given arguments r and N,
        -:   79:   *  the return value is in the range [0, N).
        -:   80:   *
        -:   81:   *  @tparam _Unused  Not used.
        -:   82:   *
        -:   83:   *  @tparam _RehashPolicy  Policy class with three members, all of
        -:   84:   *  which govern the bucket count. _M_next_bkt(n) returns a bucket
        -:   85:   *  count no smaller than n.  _M_bkt_for_elements(n) returns a
        -:   86:   *  bucket count appropriate for an element count of n.
        -:   87:   *  _M_need_rehash(n_bkt, n_elt, n_ins) determines whether, if the
        -:   88:   *  current bucket count is n_bkt and the current element count is
        -:   89:   *  n_elt, we need to increase the bucket count for n_ins insertions.
        -:   90:   *  If so, returns make_pair(true, n), where n is the new bucket count. If
        -:   91:   *  not, returns make_pair(false, <anything>)
        -:   92:   *
        -:   93:   *  @tparam _Traits  Compile-time class with three boolean
        -:   94:   *  std::integral_constant members:  __cache_hash_code, __constant_iterators,
        -:   95:   *   __unique_keys.
        -:   96:   *
        -:   97:   *  Each _Hashtable data structure has:
        -:   98:   *
        -:   99:   *  - _Bucket[]       _M_buckets
        -:  100:   *  - _Hash_node_base _M_before_begin
        -:  101:   *  - size_type       _M_bucket_count
        -:  102:   *  - size_type       _M_element_count
        -:  103:   *
        -:  104:   *  with _Bucket being _Hash_node_base* and _Hash_node containing:
        -:  105:   *
        -:  106:   *  - _Hash_node*   _M_next
        -:  107:   *  - Tp            _M_value
        -:  108:   *  - size_t        _M_hash_code if cache_hash_code is true
        -:  109:   *
        -:  110:   *  In terms of Standard containers the hashtable is like the aggregation of:
        -:  111:   *
        -:  112:   *  - std::forward_list<_Node> containing the elements
        -:  113:   *  - std::vector<std::forward_list<_Node>::iterator> representing the buckets
        -:  114:   *
        -:  115:   *  The non-empty buckets contain the node before the first node in the
        -:  116:   *  bucket. This design makes it possible to implement something like a
        -:  117:   *  std::forward_list::insert_after on container insertion and
        -:  118:   *  std::forward_list::erase_after on container erase
        -:  119:   *  calls. _M_before_begin is equivalent to
        -:  120:   *  std::forward_list::before_begin. Empty buckets contain
        -:  121:   *  nullptr.  Note that one of the non-empty buckets contains
        -:  122:   *  &_M_before_begin which is not a dereferenceable node so the
        -:  123:   *  node pointer in a bucket shall never be dereferenced, only its
        -:  124:   *  next node can be.
        -:  125:   *
        -:  126:   *  Walking through a bucket's nodes requires a check on the hash code to
        -:  127:   *  see if each node is still in the bucket. Such a design assumes a
        -:  128:   *  quite efficient hash functor and is one of the reasons it is
        -:  129:   *  highly advisable to set __cache_hash_code to true.
        -:  130:   *
        -:  131:   *  The container iterators are simply built from nodes. This way
        -:  132:   *  incrementing the iterator is perfectly efficient independent of
        -:  133:   *  how many empty buckets there are in the container.
        -:  134:   *
        -:  135:   *  On insert we compute the element's hash code and use it to find the
        -:  136:   *  bucket index. If the element must be inserted in an empty bucket
        -:  137:   *  we add it at the beginning of the singly linked list and make the
        -:  138:   *  bucket point to _M_before_begin. The bucket that used to point to
        -:  139:   *  _M_before_begin, if any, is updated to point to its new before
        -:  140:   *  begin node.
        -:  141:   *
        -:  142:   *  On erase, the simple iterator design requires using the hash
        -:  143:   *  functor to get the index of the bucket to update. For this
        -:  144:   *  reason, when __cache_hash_code is set to false the hash functor must
        -:  145:   *  not throw and this is enforced by a static assertion.
        -:  146:   *
        -:  147:   *  Functionality is implemented by decomposition into base classes,
        -:  148:   *  where the derived _Hashtable class is used in _Map_base,
        -:  149:   *  _Insert, _Rehash_base, and _Equality base classes to access the
        -:  150:   *  "this" pointer. _Hashtable_base is used in the base classes as a
        -:  151:   *  non-recursive, fully-completed-type so that detailed nested type
        -:  152:   *  information, such as iterator type and node type, can be
        -:  153:   *  used. This is similar to the "Curiously Recurring Template
        -:  154:   *  Pattern" (CRTP) technique, but uses a reconstructed, not
        -:  155:   *  explicitly passed, template pattern.
        -:  156:   *
        -:  157:   *  Base class templates are: 
        -:  158:   *    - __detail::_Hashtable_base
        -:  159:   *    - __detail::_Map_base
        -:  160:   *    - __detail::_Insert
        -:  161:   *    - __detail::_Rehash_base
        -:  162:   *    - __detail::_Equality
        -:  163:   */
        -:  164:  template<typename _Key, typename _Value, typename _Alloc,
        -:  165:	   typename _ExtractKey, typename _Equal,
        -:  166:	   typename _Hash, typename _RangeHash, typename _Unused,
        -:  167:	   typename _RehashPolicy, typename _Traits>
        -:  168:    class _Hashtable
        -:  169:    : public __detail::_Hashtable_base<_Key, _Value, _ExtractKey, _Equal,
        -:  170:				       _Hash, _RangeHash, _Unused, _Traits>,
        -:  171:      public __detail::_Map_base<_Key, _Value, _Alloc, _ExtractKey, _Equal,
        -:  172:				 _Hash, _RangeHash, _Unused,
        -:  173:				 _RehashPolicy, _Traits>,
        -:  174:      public __detail::_Insert<_Key, _Value, _Alloc, _ExtractKey, _Equal,
        -:  175:			       _Hash, _RangeHash, _Unused,
        -:  176:			       _RehashPolicy, _Traits>,
        -:  177:      public __detail::_Rehash_base<_Key, _Value, _Alloc, _ExtractKey, _Equal,
        -:  178:				    _Hash, _RangeHash, _Unused,
        -:  179:				    _RehashPolicy, _Traits>,
        -:  180:      public __detail::_Equality<_Key, _Value, _Alloc, _ExtractKey, _Equal,
        -:  181:				 _Hash, _RangeHash, _Unused,
        -:  182:				 _RehashPolicy, _Traits>,
        -:  183:      private __detail::_Hashtable_alloc<
        -:  184:	__alloc_rebind<_Alloc,
        -:  185:		       __detail::_Hash_node<_Value,
        -:  186:					    _Traits::__hash_cached::value>>>
        -:  187:    {
        -:  188:      static_assert(is_same<typename remove_cv<_Value>::type, _Value>::value,
        -:  189:	  "unordered container must have a non-const, non-volatile value_type");
        -:  190:#if __cplusplus > 201703L || defined __STRICT_ANSI__
        -:  191:      static_assert(is_same<typename _Alloc::value_type, _Value>{},
        -:  192:	  "unordered container must have the same value_type as its allocator");
        -:  193:#endif
        -:  194:
        -:  195:      using __traits_type = _Traits;
        -:  196:      using __hash_cached = typename __traits_type::__hash_cached;
        -:  197:      using __constant_iterators = typename __traits_type::__constant_iterators;
        -:  198:      using __node_type = __detail::_Hash_node<_Value, __hash_cached::value>;
        -:  199:      using __node_alloc_type = __alloc_rebind<_Alloc, __node_type>;
        -:  200:
        -:  201:      using __hashtable_alloc = __detail::_Hashtable_alloc<__node_alloc_type>;
        -:  202:
        -:  203:      using __node_value_type =
        -:  204:	__detail::_Hash_node_value<_Value, __hash_cached::value>;
        -:  205:      using __node_ptr = typename __hashtable_alloc::__node_ptr;
        -:  206:      using __value_alloc_traits =
        -:  207:	typename __hashtable_alloc::__value_alloc_traits;
        -:  208:      using __node_alloc_traits =
        -:  209:	typename __hashtable_alloc::__node_alloc_traits;
        -:  210:      using __node_base = typename __hashtable_alloc::__node_base;
        -:  211:      using __node_base_ptr = typename __hashtable_alloc::__node_base_ptr;
        -:  212:      using __buckets_ptr = typename __hashtable_alloc::__buckets_ptr;
        -:  213:
        -:  214:      using __insert_base = __detail::_Insert<_Key, _Value, _Alloc, _ExtractKey,
        -:  215:					      _Equal, _Hash,
        -:  216:					      _RangeHash, _Unused,
        -:  217:					      _RehashPolicy, _Traits>;
        -:  218:
        -:  219:    public:
        -:  220:      typedef _Key						key_type;
        -:  221:      typedef _Value						value_type;
        -:  222:      typedef _Alloc						allocator_type;
        -:  223:      typedef _Equal						key_equal;
        -:  224:
        -:  225:      // mapped_type, if present, comes from _Map_base.
        -:  226:      // hasher, if present, comes from _Hash_code_base/_Hashtable_base.
        -:  227:      typedef typename __value_alloc_traits::pointer		pointer;
        -:  228:      typedef typename __value_alloc_traits::const_pointer	const_pointer;
        -:  229:      typedef value_type&					reference;
        -:  230:      typedef const value_type&					const_reference;
        -:  231:
        -:  232:      using iterator = typename __insert_base::iterator;
        -:  233:
        -:  234:      using const_iterator = typename __insert_base::const_iterator;
        -:  235:
        -:  236:      using local_iterator = __detail::_Local_iterator<key_type, _Value,
        -:  237:			_ExtractKey, _Hash, _RangeHash, _Unused,
        -:  238:					     __constant_iterators::value,
        -:  239:					     __hash_cached::value>;
        -:  240:
        -:  241:      using const_local_iterator = __detail::_Local_const_iterator<
        -:  242:			key_type, _Value,
        -:  243:			_ExtractKey, _Hash, _RangeHash, _Unused,
        -:  244:			__constant_iterators::value, __hash_cached::value>;
        -:  245:
        -:  246:    private:
        -:  247:      using __rehash_type = _RehashPolicy;
        -:  248:      using __rehash_state = typename __rehash_type::_State;
        -:  249:
        -:  250:      using __unique_keys = typename __traits_type::__unique_keys;
        -:  251:
        -:  252:      using __hashtable_base = __detail::
        -:  253:	_Hashtable_base<_Key, _Value, _ExtractKey,
        -:  254:			_Equal, _Hash, _RangeHash, _Unused, _Traits>;
        -:  255:
        -:  256:      using __hash_code_base =  typename __hashtable_base::__hash_code_base;
        -:  257:      using __hash_code =  typename __hashtable_base::__hash_code;
        -:  258:      using __ireturn_type = typename __insert_base::__ireturn_type;
        -:  259:
        -:  260:      using __map_base = __detail::_Map_base<_Key, _Value, _Alloc, _ExtractKey,
        -:  261:					     _Equal, _Hash, _RangeHash, _Unused,
        -:  262:					     _RehashPolicy, _Traits>;
        -:  263:
        -:  264:      using __rehash_base = __detail::_Rehash_base<_Key, _Value, _Alloc,
        -:  265:						   _ExtractKey, _Equal,
        -:  266:						   _Hash, _RangeHash, _Unused,
        -:  267:						   _RehashPolicy, _Traits>;
        -:  268:
        -:  269:      using __eq_base = __detail::_Equality<_Key, _Value, _Alloc, _ExtractKey,
        -:  270:					    _Equal, _Hash, _RangeHash, _Unused,
        -:  271:					    _RehashPolicy, _Traits>;
        -:  272:
        -:  273:      using __reuse_or_alloc_node_gen_t =
        -:  274:	__detail::_ReuseOrAllocNode<__node_alloc_type>;
        -:  275:      using __alloc_node_gen_t =
        -:  276:	__detail::_AllocNode<__node_alloc_type>;
        -:  277:
        -:  278:      // Simple RAII type for managing a node containing an element
        -:  279:      struct _Scoped_node
        -:  280:      {
        -:  281:	// Take ownership of a node with a constructed element.
     1294:  282:	_Scoped_node(__node_ptr __n, __hashtable_alloc* __h)
     1294:  283:	: _M_h(__h), _M_node(__n) { }
------------------
_ZNSt10_HashtableINSt7__cxx1112basic_stringIcSt11char_traitsIcESaIcEEES5_SaIS5_ENSt8__detail9_IdentityESt8equal_toIS5_ESt4hashIS5_ENS7_18_Mod_range_hashingENS7_20_Default_ranged_hashENS7_20_Prime_rehash_policyENS7_17_Hashtable_traitsILb1ELb1ELb1EEEE12_Scoped_nodeC1EPNS7_10_Hash_nodeIS5_Lb1EEEPNS7_16_Hashtable_allocISaISL_EEE:
function _ZNSt10_HashtableINSt7__cxx1112basic_stringIcSt11char_traitsIcESaIcEEES5_SaIS5_ENSt8__detail9_IdentityESt8equal_toIS5_ESt4hashIS5_ENS7_18_Mod_range_hashingENS7_20_Default_ranged_hashENS7_20_Prime_rehash_policyENS7_17_Hashtable_traitsILb1ELb1ELb1EEEE12_Scoped_nodeC1EPNS7_10_Hash_nodeIS5_Lb1EEEPNS7_16_Hashtable_allocISaISL_EEE called 1279 returned 100% blocks executed 100%
     1279:  282:	_Scoped_node(__node_ptr __n, __hashtable_alloc* __h)
     1279:  283:	: _M_h(__h), _M_node(__n) { }
------------------
_ZNSt10_HashtableIjjSaIjENSt8__detail9_IdentityESt8equal_toIjESt4hashIjENS1_18_Mod_range_hashingENS1_20_Default_ranged_hashENS1_20_Prime_rehash_policyENS1_17_Hashtable_traitsILb0ELb1ELb1EEEE12_Scoped_nodeC1EPNS1_10_Hash_nodeIjLb0EEEPNS1_16_Hashtable_allocISaISF_EEE:
function _ZNSt10_HashtableIjjSaIjENSt8__detail9_IdentityESt8equal_toIjESt4hashIjENS1_18_Mod_range_hashingENS1_20_Default_ranged_hashENS1_20_Prime_rehash_policyENS1_17_Hashtable_traitsILb0ELb1ELb1EEEE12_Scoped_nodeC1EPNS1_10_Hash_nodeIjLb0EEEPNS1_16_Hashtable_allocISaISF_EEE called 15 returned 100% blocks executed 100%
       15:  282:	_Scoped_node(__node_ptr __n, __hashtable_alloc* __h)
       15:  283:	: _M_h(__h), _M_node(__n) { }
------------------
        -:  284:
        -:  285:	// Allocate a node and construct an element within it.
        -:  286:	template<typename... _Args>
   792039:  287:	  _Scoped_node(__hashtable_alloc* __h, _Args&&... __args)
   792039:  288:	  : _M_h(__h),
   792039:  289:	    _M_node(__h->_M_allocate_node(std::forward<_Args>(__args)...))
   792039:  290:	  { }
------------------
_ZNSt10_HashtableIjSt4pairIKjPN8cppjieba8TrieNodeEESaIS5_ENSt8__detail10_Select1stESt8equal_toIjESt4hashIjENS7_18_Mod_range_hashingENS7_20_Default_ranged_hashENS7_20_Prime_rehash_policyENS7_17_Hashtable_traitsILb0ELb0ELb1EEEE12_Scoped_nodeC1IJS0_IjS4_EEEEPNS7_16_Hashtable_allocISaINS7_10_Hash_nodeIS5_Lb0EEEEEEDpOT_:
function _ZNSt10_HashtableIjSt4pairIKjPN8cppjieba8TrieNodeEESaIS5_ENSt8__detail10_Select1stESt8equal_toIjESt4hashIjENS7_18_Mod_range_hashingENS7_20_Default_ranged_hashENS7_20_Prime_rehash_policyENS7_17_Hashtable_traitsILb0ELb0ELb1EEEE12_Scoped_nodeC1IJS0_IjS4_EEEEPNS7_16_Hashtable_allocISaINS7_10_Hash_nodeIS5_Lb0EEEEEEDpOT_ called 497989 returned 100% blocks executed 100%
   497989:  287:	  _Scoped_node(__hashtable_alloc* __h, _Args&&... __args)
   497989:  288:	  : _M_h(__h),
   497989:  289:	    _M_node(__h->_M_allocate_node(std::forward<_Args>(__args)...))
   497989:  289-block  0
call    0 returned 497989
call    1 returned 497989
   497989:  290:	  { }
------------------
_ZNSt10_HashtableINSt7__cxx1112basic_stringIcSt11char_traitsIcESaIcEEESt4pairIKS5_dESaIS8_ENSt8__detail10_Select1stESt8equal_toIS5_ESt4hashIS5_ENSA_18_Mod_range_hashingENSA_20_Default_ranged_hashENSA_20_Prime_rehash_policyENSA_17_Hashtable_traitsILb1ELb0ELb1EEEE12_Scoped_nodeC1IJRKSt21piecewise_construct_tSt5tupleIJRS7_EESR_IJEEEEEPNSA_16_Hashtable_allocISaINSA_10_Hash_nodeIS8_Lb1EEEEEEDpOT_:
function _ZNSt10_HashtableINSt7__cxx1112basic_stringIcSt11char_traitsIcESaIcEEESt4pairIKS5_dESaIS8_ENSt8__detail10_Select1stESt8equal_toIS5_ESt4hashIS5_ENSA_18_Mod_range_hashingENSA_20_Default_ranged_hashENSA_20_Prime_rehash_policyENSA_17_Hashtable_traitsILb1ELb0ELb1EEEE12_Scoped_nodeC1IJRKSt21piecewise_construct_tSt5tupleIJRS7_EESR_IJEEEEEPNSA_16_Hashtable_allocISaINSA_10_Hash_nodeIS8_Lb1EEEEEEDpOT_ called 258826 returned 100% blocks executed 100%
   258826:  287:	  _Scoped_node(__hashtable_alloc* __h, _Args&&... __args)
   258826:  288:	  : _M_h(__h),
   258826:  289:	    _M_node(__h->_M_allocate_node(std::forward<_Args>(__args)...))
   258826:  289-block  0
call    0 returned 258826
call    1 returned 258826
call    2 returned 258826
call    3 returned 258826
   258826:  290:	  { }
------------------
_ZNSt10_HashtableIjSt4pairIKjdESaIS2_ENSt8__detail10_Select1stESt8equal_toIjESt4hashIjENS4_18_Mod_range_hashingENS4_20_Default_ranged_hashENS4_20_Prime_rehash_policyENS4_17_Hashtable_traitsILb0ELb0ELb1EEEE12_Scoped_nodeC1IJRKSt21piecewise_construct_tSt5tupleIJRS1_EESL_IJEEEEEPNS4_16_Hashtable_allocISaINS4_10_Hash_nodeIS2_Lb0EEEEEEDpOT_:
function _ZNSt10_HashtableIjSt4pairIKjdESaIS2_ENSt8__detail10_Select1stESt8equal_toIjESt4hashIjENS4_18_Mod_range_hashingENS4_20_Default_ranged_hashENS4_20_Prime_rehash_policyENS4_17_Hashtable_traitsILb0ELb0ELb1EEEE12_Scoped_nodeC1IJRKSt21piecewise_construct_tSt5tupleIJRS1_EESL_IJEEEEEPNS4_16_Hashtable_allocISaINS4_10_Hash_nodeIS2_Lb0EEEEEEDpOT_ called 35224 returned 100% blocks executed 100%
    35224:  287:	  _Scoped_node(__hashtable_alloc* __h, _Args&&... __args)
    35224:  288:	  : _M_h(__h),
    35224:  289:	    _M_node(__h->_M_allocate_node(std::forward<_Args>(__args)...))
    35224:  289-block  0
call    0 returned 35224
call    1 returned 35224
call    2 returned 35224
call    3 returned 35224
    35224:  290:	  { }
------------------
        -:  291:
        -:  292:	// Destroy element and deallocate node.
  793333*:  293:	~_Scoped_node() { if (_M_node) _M_h->_M_deallocate_node(_M_node); };
------------------
_ZNSt10_HashtableINSt7__cxx1112basic_stringIcSt11char_traitsIcESaIcEEES5_SaIS5_ENSt8__detail9_IdentityESt8equal_toIS5_ESt4hashIS5_ENS7_18_Mod_range_hashingENS7_20_Default_ranged_hashENS7_20_Prime_rehash_policyENS7_17_Hashtable_traitsILb1ELb1ELb1EEEE12_Scoped_nodeD1Ev:
function _ZNSt10_HashtableINSt7__cxx1112basic_stringIcSt11char_traitsIcESaIcEEES5_SaIS5_ENSt8__detail9_IdentityESt8equal_toIS5_ESt4hashIS5_ENS7_18_Mod_range_hashingENS7_20_Default_ranged_hashENS7_20_Prime_rehash_policyENS7_17_Hashtable_traitsILb1ELb1ELb1EEEE12_Scoped_nodeD1Ev called 1279 returned 100% blocks executed 67%
    1279*:  293:	~_Scoped_node() { if (_M_node) _M_h->_M_deallocate_node(_M_node); };
     1279:  293-block  0
branch  0 taken 0 (fallthrough)
branch  1 taken 1279
    %%%%%:  293-block  1
call    2 never executed
------------------
_ZNSt10_HashtableIjjSaIjENSt8__detail9_IdentityESt8equal_toIjESt4hashIjENS1_18_Mod_range_hashingENS1_20_Default_ranged_hashENS1_20_Prime_rehash_policyENS1_17_Hashtable_traitsILb0ELb1ELb1EEEE12_Scoped_nodeD1Ev:
function _ZNSt10_HashtableIjjSaIjENSt8__detail9_IdentityESt8equal_toIjESt4hashIjENS1_18_Mod_range_hashingENS1_20_Default_ranged_hashENS1_20_Prime_rehash_policyENS1_17_Hashtable_traitsILb0ELb1ELb1EEEE12_Scoped_nodeD1Ev called 15 returned 100% blocks executed 67%
      15*:  293:	~_Scoped_node() { if (_M_node) _M_h->_M_deallocate_node(_M_node); };
       15:  293-block  0
branch  0 taken 0 (fallthrough)
branch  1 taken 15
    %%%%%:  293-block  1
call    2 never executed
------------------
_ZNSt10_HashtableIjSt4pairIKjPN8cppjieba8TrieNodeEESaIS5_ENSt8__detail10_Select1stESt8equal_toIjESt4hashIjENS7_18_Mod_range_hashingENS7_20_Default_ranged_hashENS7_20_Prime_rehash_policyENS7_17_Hashtable_traitsILb0ELb0ELb1EEEE12_Scoped_nodeD1Ev:
function _ZNSt10_HashtableIjSt4pairIKjPN8cppjieba8TrieNodeEESaIS5_ENSt8__detail10_Select1stESt8equal_toIjESt4hashIjENS7_18_Mod_range_hashingENS7_20_Default_ranged_hashENS7_20_Prime_rehash_policyENS7_17_Hashtable_traitsILb0ELb0ELb1EEEE12_Scoped_nodeD1Ev called 497989 returned 100% blocks executed 67%
  497989*:  293:	~_Scoped_node() { if (_M_node) _M_h->_M_deallocate_node(_M_node); };
   497989:  293-block  0
branch  0 taken 0 (fallthrough)
branch  1 taken 497989
    %%%%%:  293-block  1
call    2 never executed
------------------
_ZNSt10_HashtableINSt7__cxx1112basic_stringIcSt11char_traitsIcESaIcEEESt4pairIKS5_dESaIS8_ENSt8__detail10_Select1stESt8equal_toIS5_ESt4hashIS5_ENSA_18_Mod_range_hashingENSA_20_Default_ranged_hashENSA_20_Prime_rehash_policyENSA_17_Hashtable_traitsILb1ELb0ELb1EEEE12_Scoped_nodeD1Ev:
function _ZNSt10_HashtableINSt7__cxx1112basic_stringIcSt11char_traitsIcESaIcEEESt4pairIKS5_dESaIS8_ENSt8__detail10_Select1stESt8equal_toIS5_ESt4hashIS5_ENSA_18_Mod_range_hashingENSA_20_Default_ranged_hashENSA_20_Prime_rehash_policyENSA_17_Hashtable_traitsILb1ELb0ELb1EEEE12_Scoped_nodeD1Ev called 258826 returned 100% blocks executed 67%
  258826*:  293:	~_Scoped_node() { if (_M_node) _M_h->_M_deallocate_node(_M_node); };
   258826:  293-block  0
branch  0 taken 0 (fallthrough)
branch  1 taken 258826
    %%%%%:  293-block  1
call    2 never executed
------------------
_ZNSt10_HashtableIjSt4pairIKjdESaIS2_ENSt8__detail10_Select1stESt8equal_toIjESt4hashIjENS4_18_Mod_range_hashingENS4_20_Default_ranged_hashENS4_20_Prime_rehash_policyENS4_17_Hashtable_traitsILb0ELb0ELb1EEEE12_Scoped_nodeD1Ev:
function _ZNSt10_HashtableIjSt4pairIKjdESaIS2_ENSt8__detail10_Select1stESt8equal_toIjESt4hashIjENS4_18_Mod_range_hashingENS4_20_Default_ranged_hashENS4_20_Prime_rehash_policyENS4_17_Hashtable_traitsILb0ELb0ELb1EEEE12_Scoped_nodeD1Ev called 35224 returned 100% blocks executed 67%
   35224*:  293:	~_Scoped_node() { if (_M_node) _M_h->_M_deallocate_node(_M_node); };
    35224:  293-block  0
branch  0 taken 0 (fallthrough)
branch  1 taken 35224
    %%%%%:  293-block  1
call    2 never executed
------------------
        -:  294:
        -:  295:	_Scoped_node(const _Scoped_node&) = delete;
        -:  296:	_Scoped_node& operator=(const _Scoped_node&) = delete;
        -:  297:
        -:  298:	__hashtable_alloc* _M_h;
        -:  299:	__node_ptr _M_node;
        -:  300:      };
        -:  301:
        -:  302:      template<typename _Ht>
        -:  303:	static constexpr
        -:  304:	typename conditional<std::is_lvalue_reference<_Ht>::value,
        -:  305:			     const value_type&, value_type&&>::type
        -:  306:	__fwd_value_for(value_type& __val) noexcept
        -:  307:	{ return std::move(__val); }
        -:  308:
        -:  309:      // Compile-time diagnostics.
        -:  310:
        -:  311:      // _Hash_code_base has everything protected, so use this derived type to
        -:  312:      // access it.
        -:  313:      struct __hash_code_base_access : __hash_code_base
        -:  314:      { using __hash_code_base::_M_bucket_index; };
        -:  315:
        -:  316:      // Getting a bucket index from a node shall not throw because it is used
        -:  317:      // in methods (erase, swap...) that shall not throw.
        -:  318:      static_assert(noexcept(declval<const __hash_code_base_access&>()
        -:  319:			._M_bucket_index(declval<const __node_value_type&>(),
        -:  320:					 (std::size_t)0)),
        -:  321:		    "Cache the hash code or qualify your functors involved"
        -:  322:		    " in hash code and bucket index computation with noexcept");
        -:  323:
        -:  324:      // To get bucket index we need _RangeHash not to throw.
        -:  325:      static_assert(is_nothrow_default_constructible<_RangeHash>::value,
        -:  326:		    "Functor used to map hash code to bucket index"
        -:  327:		    " must be nothrow default constructible");
        -:  328:      static_assert(noexcept(
        -:  329:	std::declval<const _RangeHash&>()((std::size_t)0, (std::size_t)0)),
        -:  330:		    "Functor used to map hash code to bucket index must be"
        -:  331:		    " noexcept");
        -:  332:
        -:  333:      // To compute bucket index we also need _ExtratKey not to throw.
        -:  334:      static_assert(is_nothrow_default_constructible<_ExtractKey>::value,
        -:  335:		    "_ExtractKey must be nothrow default constructible");
        -:  336:      static_assert(noexcept(
        -:  337:	std::declval<const _ExtractKey&>()(std::declval<_Value>())),
        -:  338:		    "_ExtractKey functor must be noexcept invocable");
        -:  339:
        -:  340:      template<typename _Keya, typename _Valuea, typename _Alloca,
        -:  341:	       typename _ExtractKeya, typename _Equala,
        -:  342:	       typename _Hasha, typename _RangeHasha, typename _Unuseda,
        -:  343:	       typename _RehashPolicya, typename _Traitsa,
        -:  344:	       bool _Unique_keysa>
        -:  345:	friend struct __detail::_Map_base;
        -:  346:
        -:  347:      template<typename _Keya, typename _Valuea, typename _Alloca,
        -:  348:	       typename _ExtractKeya, typename _Equala,
        -:  349:	       typename _Hasha, typename _RangeHasha, typename _Unuseda,
        -:  350:	       typename _RehashPolicya, typename _Traitsa>
        -:  351:	friend struct __detail::_Insert_base;
        -:  352:
        -:  353:      template<typename _Keya, typename _Valuea, typename _Alloca,
        -:  354:	       typename _ExtractKeya, typename _Equala,
        -:  355:	       typename _Hasha, typename _RangeHasha, typename _Unuseda,
        -:  356:	       typename _RehashPolicya, typename _Traitsa,
        -:  357:	       bool _Constant_iteratorsa>
        -:  358:	friend struct __detail::_Insert;
        -:  359:
        -:  360:      template<typename _Keya, typename _Valuea, typename _Alloca,
        -:  361:	       typename _ExtractKeya, typename _Equala,
        -:  362:	       typename _Hasha, typename _RangeHasha, typename _Unuseda,
        -:  363:	       typename _RehashPolicya, typename _Traitsa,
        -:  364:	       bool _Unique_keysa>
        -:  365:	friend struct __detail::_Equality;
        -:  366:
        -:  367:    public:
        -:  368:      using size_type = typename __hashtable_base::size_type;
        -:  369:      using difference_type = typename __hashtable_base::difference_type;
        -:  370:
        -:  371:#if __cplusplus > 201402L
        -:  372:      using node_type = _Node_handle<_Key, _Value, __node_alloc_type>;
        -:  373:      using insert_return_type = _Node_insert_return<iterator, node_type>;
        -:  374:#endif
        -:  375:
        -:  376:    private:
        -:  377:      __buckets_ptr		_M_buckets		= &_M_single_bucket;
        -:  378:      size_type			_M_bucket_count		= 1;
        -:  379:      __node_base		_M_before_begin;
        -:  380:      size_type			_M_element_count	= 0;
        -:  381:      _RehashPolicy		_M_rehash_policy;
        -:  382:
        -:  383:      // A single bucket used when only need for 1 bucket. Especially
        -:  384:      // interesting in move semantic to leave hashtable with only 1 bucket
        -:  385:      // which is not allocated so that we can have those operations noexcept
        -:  386:      // qualified.
        -:  387:      // Note that we can't leave hashtable with 0 bucket without adding
        -:  388:      // numerous checks in the code to avoid 0 modulus.
        -:  389:      __node_base_ptr		_M_single_bucket	= nullptr;
        -:  390:
        -:  391:      void
        -:  392:      _M_update_bbegin()
        -:  393:      {
        -:  394:	if (_M_begin())
        -:  395:	  _M_buckets[_M_bucket_index(*_M_begin())] = &_M_before_begin;
        -:  396:      }
        -:  397:
        -:  398:      void
        -:  399:      _M_update_bbegin(__node_ptr __n)
        -:  400:      {
        -:  401:	_M_before_begin._M_nxt = __n;
        -:  402:	_M_update_bbegin();
        -:  403:      }
        -:  404:
        -:  405:      bool
   408771:  406:      _M_uses_single_bucket(__buckets_ptr __bkts) const
   408771:  407:      { return __builtin_expect(__bkts == &_M_single_bucket, false); }
------------------
_ZNKSt10_HashtableINSt7__cxx1112basic_stringIcSt11char_traitsIcESaIcEEES5_SaIS5_ENSt8__detail9_IdentityESt8equal_toIS5_ESt4hashIS5_ENS7_18_Mod_range_hashingENS7_20_Default_ranged_hashENS7_20_Prime_rehash_policyENS7_17_Hashtable_traitsILb1ELb1ELb1EEEE21_M_uses_single_bucketEPPNS7_15_Hash_node_baseE:
function _ZNKSt10_HashtableINSt7__cxx1112basic_stringIcSt11char_traitsIcESaIcEEES5_SaIS5_ENSt8__detail9_IdentityESt8equal_toIS5_ESt4hashIS5_ENS7_18_Mod_range_hashingENS7_20_Default_ranged_hashENS7_20_Prime_rehash_policyENS7_17_Hashtable_traitsILb1ELb1ELb1EEEE21_M_uses_single_bucketEPPNS7_15_Hash_node_baseE called 9 returned 100% blocks executed 100%
        9:  406:      _M_uses_single_bucket(__buckets_ptr __bkts) const
        9:  407:      { return __builtin_expect(__bkts == &_M_single_bucket, false); }
        9:  407-block  0
------------------
_ZNKSt10_HashtableINSt7__cxx1112basic_stringIcSt11char_traitsIcESaIcEEESt4pairIKS5_dESaIS8_ENSt8__detail10_Select1stESt8equal_toIS5_ESt4hashIS5_ENSA_18_Mod_range_hashingENSA_20_Default_ranged_hashENSA_20_Prime_rehash_policyENSA_17_Hashtable_traitsILb1ELb0ELb1EEEE21_M_uses_single_bucketEPPNSA_15_Hash_node_baseE:
function _ZNKSt10_HashtableINSt7__cxx1112basic_stringIcSt11char_traitsIcESaIcEEESt4pairIKS5_dESaIS8_ENSt8__detail10_Select1stESt8equal_toIS5_ESt4hashIS5_ENSA_18_Mod_range_hashingENSA_20_Default_ranged_hashENSA_20_Prime_rehash_policyENSA_17_Hashtable_traitsILb1ELb0ELb1EEEE21_M_uses_single_bucketEPPNSA_15_Hash_node_baseE called 16 returned 100% blocks executed 100%
       16:  406:      _M_uses_single_bucket(__buckets_ptr __bkts) const
       16:  407:      { return __builtin_expect(__bkts == &_M_single_bucket, false); }
       16:  407-block  0
------------------
_ZNKSt10_HashtableIjSt4pairIKjdESaIS2_ENSt8__detail10_Select1stESt8equal_toIjESt4hashIjENS4_18_Mod_range_hashingENS4_20_Default_ranged_hashENS4_20_Prime_rehash_policyENS4_17_Hashtable_traitsILb0ELb0ELb1EEEE21_M_uses_single_bucketEPPNS4_15_Hash_node_baseE:
function _ZNKSt10_HashtableIjSt4pairIKjdESaIS2_ENSt8__detail10_Select1stESt8equal_toIjESt4hashIjENS4_18_Mod_range_hashingENS4_20_Default_ranged_hashENS4_20_Prime_rehash_policyENS4_17_Hashtable_traitsILb0ELb0ELb1EEEE21_M_uses_single_bucketEPPNS4_15_Hash_node_baseE called 45 returned 100% blocks executed 100%
       45:  406:      _M_uses_single_bucket(__buckets_ptr __bkts) const
       45:  407:      { return __builtin_expect(__bkts == &_M_single_bucket, false); }
       45:  407-block  0
------------------
_ZNKSt10_HashtableIjjSaIjENSt8__detail9_IdentityESt8equal_toIjESt4hashIjENS1_18_Mod_range_hashingENS1_20_Default_ranged_hashENS1_20_Prime_rehash_policyENS1_17_Hashtable_traitsILb0ELb1ELb1EEEE21_M_uses_single_bucketEPPNS1_15_Hash_node_baseE:
function _ZNKSt10_HashtableIjjSaIjENSt8__detail9_IdentityESt8equal_toIjESt4hashIjENS1_18_Mod_range_hashingENS1_20_Default_ranged_hashENS1_20_Prime_rehash_policyENS1_17_Hashtable_traitsILb0ELb1ELb1EEEE21_M_uses_single_bucketEPPNS1_15_Hash_node_baseE called 7 returned 100% blocks executed 100%
        7:  406:      _M_uses_single_bucket(__buckets_ptr __bkts) const
        7:  407:      { return __builtin_expect(__bkts == &_M_single_bucket, false); }
        7:  407-block  0
------------------
_ZNKSt10_HashtableIjSt4pairIKjPN8cppjieba8TrieNodeEESaIS5_ENSt8__detail10_Select1stESt8equal_toIjESt4hashIjENS7_18_Mod_range_hashingENS7_20_Default_ranged_hashENS7_20_Prime_rehash_policyENS7_17_Hashtable_traitsILb0ELb0ELb1EEEE21_M_uses_single_bucketEPPNS7_15_Hash_node_baseE:
function _ZNKSt10_HashtableIjSt4pairIKjPN8cppjieba8TrieNodeEESaIS5_ENSt8__detail10_Select1stESt8equal_toIjESt4hashIjENS7_18_Mod_range_hashingENS7_20_Default_ranged_hashENS7_20_Prime_rehash_policyENS7_17_Hashtable_traitsILb0ELb0ELb1EEEE21_M_uses_single_bucketEPPNS7_15_Hash_node_baseE called 408694 returned 100% blocks executed 100%
   408694:  406:      _M_uses_single_bucket(__buckets_ptr __bkts) const
   408694:  407:      { return __builtin_expect(__bkts == &_M_single_bucket, false); }
   408694:  407-block  0
------------------
        -:  408:
        -:  409:      bool
        -:  410:      _M_uses_single_bucket() const
        -:  411:      { return _M_uses_single_bucket(_M_buckets); }
        -:  412:
        -:  413:      __hashtable_alloc&
        -:  414:      _M_base_alloc() { return *this; }
        -:  415:
        -:  416:      __buckets_ptr
   207753:  417:      _M_allocate_buckets(size_type __bkt_count)
        -:  418:      {
   207753:  419:	if (__builtin_expect(__bkt_count == 1, false))
        -:  420:	  {
    #####:  421:	    _M_single_bucket = nullptr;
    #####:  422:	    return &_M_single_bucket;
        -:  423:	  }
        -:  424:
   207753:  425:	return __hashtable_alloc::_M_allocate_buckets(__bkt_count);
        -:  426:      }
------------------
_ZNSt10_HashtableINSt7__cxx1112basic_stringIcSt11char_traitsIcESaIcEEES5_SaIS5_ENSt8__detail9_IdentityESt8equal_toIS5_ESt4hashIS5_ENS7_18_Mod_range_hashingENS7_20_Default_ranged_hashENS7_20_Prime_rehash_policyENS7_17_Hashtable_traitsILb1ELb1ELb1EEEE19_M_allocate_bucketsEy:
function _ZNSt10_HashtableINSt7__cxx1112basic_stringIcSt11char_traitsIcESaIcEEES5_SaIS5_ENSt8__detail9_IdentityESt8equal_toIS5_ESt4hashIS5_ENS7_18_Mod_range_hashingENS7_20_Default_ranged_hashENS7_20_Prime_rehash_policyENS7_17_Hashtable_traitsILb1ELb1ELb1EEEE19_M_allocate_bucketsEy called 8 returned 100% blocks executed 80%
        8:  417:      _M_allocate_buckets(size_type __bkt_count)
        -:  418:      {
        8:  419:	if (__builtin_expect(__bkt_count == 1, false))
        8:  419-block  0
branch  0 taken 0 (fallthrough)
branch  1 taken 8
        -:  420:	  {
    #####:  421:	    _M_single_bucket = nullptr;
    #####:  422:	    return &_M_single_bucket;
    %%%%%:  422-block  0
        -:  423:	  }
        -:  424:
        8:  425:	return __hashtable_alloc::_M_allocate_buckets(__bkt_count);
        8:  425-block  0
call    0 returned 8
        -:  426:      }
------------------
_ZNSt10_HashtableIjjSaIjENSt8__detail9_IdentityESt8equal_toIjESt4hashIjENS1_18_Mod_range_hashingENS1_20_Default_ranged_hashENS1_20_Prime_rehash_policyENS1_17_Hashtable_traitsILb0ELb1ELb1EEEE19_M_allocate_bucketsEy:
function _ZNSt10_HashtableIjjSaIjENSt8__detail9_IdentityESt8equal_toIjESt4hashIjENS1_18_Mod_range_hashingENS1_20_Default_ranged_hashENS1_20_Prime_rehash_policyENS1_17_Hashtable_traitsILb0ELb1ELb1EEEE19_M_allocate_bucketsEy called 3 returned 100% blocks executed 80%
        3:  417:      _M_allocate_buckets(size_type __bkt_count)
        -:  418:      {
        3:  419:	if (__builtin_expect(__bkt_count == 1, false))
        3:  419-block  0
branch  0 taken 0 (fallthrough)
branch  1 taken 3
        -:  420:	  {
    #####:  421:	    _M_single_bucket = nullptr;
    #####:  422:	    return &_M_single_bucket;
    %%%%%:  422-block  0
        -:  423:	  }
        -:  424:
        3:  425:	return __hashtable_alloc::_M_allocate_buckets(__bkt_count);
        3:  425-block  0
call    0 returned 3
        -:  426:      }
------------------
_ZNSt10_HashtableIjSt4pairIKjPN8cppjieba8TrieNodeEESaIS5_ENSt8__detail10_Select1stESt8equal_toIjESt4hashIjENS7_18_Mod_range_hashingENS7_20_Default_ranged_hashENS7_20_Prime_rehash_policyENS7_17_Hashtable_traitsILb0ELb0ELb1EEEE19_M_allocate_bucketsEy:
function _ZNSt10_HashtableIjSt4pairIKjPN8cppjieba8TrieNodeEESaIS5_ENSt8__detail10_Select1stESt8equal_toIjESt4hashIjENS7_18_Mod_range_hashingENS7_20_Default_ranged_hashENS7_20_Prime_rehash_policyENS7_17_Hashtable_traitsILb0ELb0ELb1EEEE19_M_allocate_bucketsEy called 207686 returned 100% blocks executed 80%
   207686:  417:      _M_allocate_buckets(size_type __bkt_count)
        -:  418:      {
   207686:  419:	if (__builtin_expect(__bkt_count == 1, false))
   207686:  419-block  0
branch  0 taken 0 (fallthrough)
branch  1 taken 207686
        -:  420:	  {
    #####:  421:	    _M_single_bucket = nullptr;
    #####:  422:	    return &_M_single_bucket;
    %%%%%:  422-block  0
        -:  423:	  }
        -:  424:
   207686:  425:	return __hashtable_alloc::_M_allocate_buckets(__bkt_count);
   207686:  425-block  0
call    0 returned 207686
        -:  426:      }
------------------
_ZNSt10_HashtableINSt7__cxx1112basic_stringIcSt11char_traitsIcESaIcEEESt4pairIKS5_dESaIS8_ENSt8__detail10_Select1stESt8equal_toIS5_ESt4hashIS5_ENSA_18_Mod_range_hashingENSA_20_Default_ranged_hashENSA_20_Prime_rehash_policyENSA_17_Hashtable_traitsILb1ELb0ELb1EEEE19_M_allocate_bucketsEy:
function _ZNSt10_HashtableINSt7__cxx1112basic_stringIcSt11char_traitsIcESaIcEEESt4pairIKS5_dESaIS8_ENSt8__detail10_Select1stESt8equal_toIS5_ESt4hashIS5_ENSA_18_Mod_range_hashingENSA_20_Default_ranged_hashENSA_20_Prime_rehash_policyENSA_17_Hashtable_traitsILb1ELb0ELb1EEEE19_M_allocate_bucketsEy called 15 returned 100% blocks executed 80%
       15:  417:      _M_allocate_buckets(size_type __bkt_count)
        -:  418:      {
       15:  419:	if (__builtin_expect(__bkt_count == 1, false))
       15:  419-block  0
branch  0 taken 0 (fallthrough)
branch  1 taken 15
        -:  420:	  {
    #####:  421:	    _M_single_bucket = nullptr;
    #####:  422:	    return &_M_single_bucket;
    %%%%%:  422-block  0
        -:  423:	  }
        -:  424:
       15:  425:	return __hashtable_alloc::_M_allocate_buckets(__bkt_count);
       15:  425-block  0
call    0 returned 15
        -:  426:      }
------------------
_ZNSt10_HashtableIjSt4pairIKjdESaIS2_ENSt8__detail10_Select1stESt8equal_toIjESt4hashIjENS4_18_Mod_range_hashingENS4_20_Default_ranged_hashENS4_20_Prime_rehash_policyENS4_17_Hashtable_traitsILb0ELb0ELb1EEEE19_M_allocate_bucketsEy:
function _ZNSt10_HashtableIjSt4pairIKjdESaIS2_ENSt8__detail10_Select1stESt8equal_toIjESt4hashIjENS4_18_Mod_range_hashingENS4_20_Default_ranged_hashENS4_20_Prime_rehash_policyENS4_17_Hashtable_traitsILb0ELb0ELb1EEEE19_M_allocate_bucketsEy called 41 returned 100% blocks executed 80%
       41:  417:      _M_allocate_buckets(size_type __bkt_count)
        -:  418:      {
       41:  419:	if (__builtin_expect(__bkt_count == 1, false))
       41:  419-block  0
branch  0 taken 0 (fallthrough)
branch  1 taken 41
        -:  420:	  {
    #####:  421:	    _M_single_bucket = nullptr;
    #####:  422:	    return &_M_single_bucket;
    %%%%%:  422-block  0
        -:  423:	  }
        -:  424:
       41:  425:	return __hashtable_alloc::_M_allocate_buckets(__bkt_count);
       41:  425-block  0
call    0 returned 41
        -:  426:      }
------------------
        -:  427:
        -:  428:      void
   408771:  429:      _M_deallocate_buckets(__buckets_ptr __bkts, size_type __bkt_count)
        -:  430:      {
   408771:  431:	if (_M_uses_single_bucket(__bkts))
   201018:  432:	  return;
        -:  433:
   207753:  434:	__hashtable_alloc::_M_deallocate_buckets(__bkts, __bkt_count);
        -:  435:      }
------------------
_ZNSt10_HashtableINSt7__cxx1112basic_stringIcSt11char_traitsIcESaIcEEES5_SaIS5_ENSt8__detail9_IdentityESt8equal_toIS5_ESt4hashIS5_ENS7_18_Mod_range_hashingENS7_20_Default_ranged_hashENS7_20_Prime_rehash_policyENS7_17_Hashtable_traitsILb1ELb1ELb1EEEE21_M_deallocate_bucketsEPPNS7_15_Hash_node_baseEy:
function _ZNSt10_HashtableINSt7__cxx1112basic_stringIcSt11char_traitsIcESaIcEEES5_SaIS5_ENSt8__detail9_IdentityESt8equal_toIS5_ESt4hashIS5_ENS7_18_Mod_range_hashingENS7_20_Default_ranged_hashENS7_20_Prime_rehash_policyENS7_17_Hashtable_traitsILb1ELb1ELb1EEEE21_M_deallocate_bucketsEPPNS7_15_Hash_node_baseEy called 9 returned 100% blocks executed 100%
        9:  429:      _M_deallocate_buckets(__buckets_ptr __bkts, size_type __bkt_count)
        -:  430:      {
        9:  431:	if (_M_uses_single_bucket(__bkts))
        9:  431-block  0
call    0 returned 9
branch  1 taken 1 (fallthrough)
branch  2 taken 8
        1:  432:	  return;
        1:  432-block  0
        -:  433:
        8:  434:	__hashtable_alloc::_M_deallocate_buckets(__bkts, __bkt_count);
        8:  434-block  0
call    0 returned 8
        -:  435:      }
------------------
_ZNSt10_HashtableINSt7__cxx1112basic_stringIcSt11char_traitsIcESaIcEEESt4pairIKS5_dESaIS8_ENSt8__detail10_Select1stESt8equal_toIS5_ESt4hashIS5_ENSA_18_Mod_range_hashingENSA_20_Default_ranged_hashENSA_20_Prime_rehash_policyENSA_17_Hashtable_traitsILb1ELb0ELb1EEEE21_M_deallocate_bucketsEPPNSA_15_Hash_node_baseEy:
function _ZNSt10_HashtableINSt7__cxx1112basic_stringIcSt11char_traitsIcESaIcEEESt4pairIKS5_dESaIS8_ENSt8__detail10_Select1stESt8equal_toIS5_ESt4hashIS5_ENSA_18_Mod_range_hashingENSA_20_Default_ranged_hashENSA_20_Prime_rehash_policyENSA_17_Hashtable_traitsILb1ELb0ELb1EEEE21_M_deallocate_bucketsEPPNSA_15_Hash_node_baseEy called 16 returned 100% blocks executed 100%
       16:  429:      _M_deallocate_buckets(__buckets_ptr __bkts, size_type __bkt_count)
        -:  430:      {
       16:  431:	if (_M_uses_single_bucket(__bkts))
       16:  431-block  0
call    0 returned 16
branch  1 taken 1 (fallthrough)
branch  2 taken 15
        1:  432:	  return;
        1:  432-block  0
        -:  433:
       15:  434:	__hashtable_alloc::_M_deallocate_buckets(__bkts, __bkt_count);
       15:  434-block  0
call    0 returned 15
        -:  435:      }
------------------
_ZNSt10_HashtableIjSt4pairIKjdESaIS2_ENSt8__detail10_Select1stESt8equal_toIjESt4hashIjENS4_18_Mod_range_hashingENS4_20_Default_ranged_hashENS4_20_Prime_rehash_policyENS4_17_Hashtable_traitsILb0ELb0ELb1EEEE21_M_deallocate_bucketsEPPNS4_15_Hash_node_baseEy:
function _ZNSt10_HashtableIjSt4pairIKjdESaIS2_ENSt8__detail10_Select1stESt8equal_toIjESt4hashIjENS4_18_Mod_range_hashingENS4_20_Default_ranged_hashENS4_20_Prime_rehash_policyENS4_17_Hashtable_traitsILb0ELb0ELb1EEEE21_M_deallocate_bucketsEPPNS4_15_Hash_node_baseEy called 45 returned 100% blocks executed 100%
       45:  429:      _M_deallocate_buckets(__buckets_ptr __bkts, size_type __bkt_count)
        -:  430:      {
       45:  431:	if (_M_uses_single_bucket(__bkts))
       45:  431-block  0
call    0 returned 45
branch  1 taken 4 (fallthrough)
branch  2 taken 41
        4:  432:	  return;
        4:  432-block  0
        -:  433:
       41:  434:	__hashtable_alloc::_M_deallocate_buckets(__bkts, __bkt_count);
       41:  434-block  0
call    0 returned 41
        -:  435:      }
------------------
_ZNSt10_HashtableIjjSaIjENSt8__detail9_IdentityESt8equal_toIjESt4hashIjENS1_18_Mod_range_hashingENS1_20_Default_ranged_hashENS1_20_Prime_rehash_policyENS1_17_Hashtable_traitsILb0ELb1ELb1EEEE21_M_deallocate_bucketsEPPNS1_15_Hash_node_baseEy:
function _ZNSt10_HashtableIjjSaIjENSt8__detail9_IdentityESt8equal_toIjESt4hashIjENS1_18_Mod_range_hashingENS1_20_Default_ranged_hashENS1_20_Prime_rehash_policyENS1_17_Hashtable_traitsILb0ELb1ELb1EEEE21_M_deallocate_bucketsEPPNS1_15_Hash_node_baseEy called 7 returned 100% blocks executed 100%
        7:  429:      _M_deallocate_buckets(__buckets_ptr __bkts, size_type __bkt_count)
        -:  430:      {
        7:  431:	if (_M_uses_single_bucket(__bkts))
        7:  431-block  0
call    0 returned 7
branch  1 taken 4 (fallthrough)
branch  2 taken 3
        4:  432:	  return;
        4:  432-block  0
        -:  433:
        3:  434:	__hashtable_alloc::_M_deallocate_buckets(__bkts, __bkt_count);
        3:  434-block  0
call    0 returned 3
        -:  435:      }
------------------
_ZNSt10_HashtableIjSt4pairIKjPN8cppjieba8TrieNodeEESaIS5_ENSt8__detail10_Select1stESt8equal_toIjESt4hashIjENS7_18_Mod_range_hashingENS7_20_Default_ranged_hashENS7_20_Prime_rehash_policyENS7_17_Hashtable_traitsILb0ELb0ELb1EEEE21_M_deallocate_bucketsEPPNS7_15_Hash_node_baseEy:
function _ZNSt10_HashtableIjSt4pairIKjPN8cppjieba8TrieNodeEESaIS5_ENSt8__detail10_Select1stESt8equal_toIjESt4hashIjENS7_18_Mod_range_hashingENS7_20_Default_ranged_hashENS7_20_Prime_rehash_policyENS7_17_Hashtable_traitsILb0ELb0ELb1EEEE21_M_deallocate_bucketsEPPNS7_15_Hash_node_baseEy called 408694 returned 100% blocks executed 100%
   408694:  429:      _M_deallocate_buckets(__buckets_ptr __bkts, size_type __bkt_count)
        -:  430:      {
   408694:  431:	if (_M_uses_single_bucket(__bkts))
   408694:  431-block  0
call    0 returned 408694
branch  1 taken 201008 (fallthrough)
branch  2 taken 207686
   201008:  432:	  return;
   201008:  432-block  0
        -:  433:
   207686:  434:	__hashtable_alloc::_M_deallocate_buckets(__bkts, __bkt_count);
   207686:  434-block  0
call    0 returned 207686
        -:  435:      }
------------------
        -:  436:
        -:  437:      void
   408771:  438:      _M_deallocate_buckets()
   408771:  439:      { _M_deallocate_buckets(_M_buckets, _M_bucket_count); }
------------------
_ZNSt10_HashtableINSt7__cxx1112basic_stringIcSt11char_traitsIcESaIcEEES5_SaIS5_ENSt8__detail9_IdentityESt8equal_toIS5_ESt4hashIS5_ENS7_18_Mod_range_hashingENS7_20_Default_ranged_hashENS7_20_Prime_rehash_policyENS7_17_Hashtable_traitsILb1ELb1ELb1EEEE21_M_deallocate_bucketsEv:
function _ZNSt10_HashtableINSt7__cxx1112basic_stringIcSt11char_traitsIcESaIcEEES5_SaIS5_ENSt8__detail9_IdentityESt8equal_toIS5_ESt4hashIS5_ENS7_18_Mod_range_hashingENS7_20_Default_ranged_hashENS7_20_Prime_rehash_policyENS7_17_Hashtable_traitsILb1ELb1ELb1EEEE21_M_deallocate_bucketsEv called 9 returned 100% blocks executed 100%
        9:  438:      _M_deallocate_buckets()
        9:  439:      { _M_deallocate_buckets(_M_buckets, _M_bucket_count); }
        9:  439-block  0
call    0 returned 9
------------------
_ZNSt10_HashtableINSt7__cxx1112basic_stringIcSt11char_traitsIcESaIcEEESt4pairIKS5_dESaIS8_ENSt8__detail10_Select1stESt8equal_toIS5_ESt4hashIS5_ENSA_18_Mod_range_hashingENSA_20_Default_ranged_hashENSA_20_Prime_rehash_policyENSA_17_Hashtable_traitsILb1ELb0ELb1EEEE21_M_deallocate_bucketsEv:
function _ZNSt10_HashtableINSt7__cxx1112basic_stringIcSt11char_traitsIcESaIcEEESt4pairIKS5_dESaIS8_ENSt8__detail10_Select1stESt8equal_toIS5_ESt4hashIS5_ENSA_18_Mod_range_hashingENSA_20_Default_ranged_hashENSA_20_Prime_rehash_policyENSA_17_Hashtable_traitsILb1ELb0ELb1EEEE21_M_deallocate_bucketsEv called 16 returned 100% blocks executed 100%
       16:  438:      _M_deallocate_buckets()
       16:  439:      { _M_deallocate_buckets(_M_buckets, _M_bucket_count); }
       16:  439-block  0
call    0 returned 16
------------------
_ZNSt10_HashtableIjSt4pairIKjdESaIS2_ENSt8__detail10_Select1stESt8equal_toIjESt4hashIjENS4_18_Mod_range_hashingENS4_20_Default_ranged_hashENS4_20_Prime_rehash_policyENS4_17_Hashtable_traitsILb0ELb0ELb1EEEE21_M_deallocate_bucketsEv:
function _ZNSt10_HashtableIjSt4pairIKjdESaIS2_ENSt8__detail10_Select1stESt8equal_toIjESt4hashIjENS4_18_Mod_range_hashingENS4_20_Default_ranged_hashENS4_20_Prime_rehash_policyENS4_17_Hashtable_traitsILb0ELb0ELb1EEEE21_M_deallocate_bucketsEv called 45 returned 100% blocks executed 100%
       45:  438:      _M_deallocate_buckets()
       45:  439:      { _M_deallocate_buckets(_M_buckets, _M_bucket_count); }
       45:  439-block  0
call    0 returned 45
------------------
_ZNSt10_HashtableIjjSaIjENSt8__detail9_IdentityESt8equal_toIjESt4hashIjENS1_18_Mod_range_hashingENS1_20_Default_ranged_hashENS1_20_Prime_rehash_policyENS1_17_Hashtable_traitsILb0ELb1ELb1EEEE21_M_deallocate_bucketsEv:
function _ZNSt10_HashtableIjjSaIjENSt8__detail9_IdentityESt8equal_toIjESt4hashIjENS1_18_Mod_range_hashingENS1_20_Default_ranged_hashENS1_20_Prime_rehash_policyENS1_17_Hashtable_traitsILb0ELb1ELb1EEEE21_M_deallocate_bucketsEv called 7 returned 100% blocks executed 100%
        7:  438:      _M_deallocate_buckets()
        7:  439:      { _M_deallocate_buckets(_M_buckets, _M_bucket_count); }
        7:  439-block  0
call    0 returned 7
------------------
_ZNSt10_HashtableIjSt4pairIKjPN8cppjieba8TrieNodeEESaIS5_ENSt8__detail10_Select1stESt8equal_toIjESt4hashIjENS7_18_Mod_range_hashingENS7_20_Default_ranged_hashENS7_20_Prime_rehash_policyENS7_17_Hashtable_traitsILb0ELb0ELb1EEEE21_M_deallocate_bucketsEv:
function _ZNSt10_HashtableIjSt4pairIKjPN8cppjieba8TrieNodeEESaIS5_ENSt8__detail10_Select1stESt8equal_toIjESt4hashIjENS7_18_Mod_range_hashingENS7_20_Default_ranged_hashENS7_20_Prime_rehash_policyENS7_17_Hashtable_traitsILb0ELb0ELb1EEEE21_M_deallocate_bucketsEv called 408694 returned 100% blocks executed 100%
   408694:  438:      _M_deallocate_buckets()
   408694:  439:      { _M_deallocate_buckets(_M_buckets, _M_bucket_count); }
   408694:  439-block  0
call    0 returned 408694
------------------
        -:  440:
        -:  441:      // Gets bucket begin, deals with the fact that non-empty buckets contain
        -:  442:      // their before begin node.
        -:  443:      __node_ptr
        -:  444:      _M_bucket_begin(size_type __bkt) const;
        -:  445:
        -:  446:      __node_ptr
   609782:  447:      _M_begin() const
   609782:  448:      { return static_cast<__node_ptr>(_M_before_begin._M_nxt); }
------------------
_ZNKSt10_HashtableINSt7__cxx1112basic_stringIcSt11char_traitsIcESaIcEEES5_SaIS5_ENSt8__detail9_IdentityESt8equal_toIS5_ESt4hashIS5_ENS7_18_Mod_range_hashingENS7_20_Default_ranged_hashENS7_20_Prime_rehash_policyENS7_17_Hashtable_traitsILb1ELb1ELb1EEEE8_M_beginEv:
function _ZNKSt10_HashtableINSt7__cxx1112basic_stringIcSt11char_traitsIcESaIcEEES5_SaIS5_ENSt8__detail9_IdentityESt8equal_toIS5_ESt4hashIS5_ENS7_18_Mod_range_hashingENS7_20_Default_ranged_hashENS7_20_Prime_rehash_policyENS7_17_Hashtable_traitsILb1ELb1ELb1EEEE8_M_beginEv called 9 returned 100% blocks executed 100%
        9:  447:      _M_begin() const
        9:  448:      { return static_cast<__node_ptr>(_M_before_begin._M_nxt); }
        9:  448-block  0
------------------
_ZNKSt10_HashtableINSt7__cxx1112basic_stringIcSt11char_traitsIcESaIcEEESt4pairIKS5_dESaIS8_ENSt8__detail10_Select1stESt8equal_toIS5_ESt4hashIS5_ENSA_18_Mod_range_hashingENSA_20_Default_ranged_hashENSA_20_Prime_rehash_policyENSA_17_Hashtable_traitsILb1ELb0ELb1EEEE8_M_beginEv:
function _ZNKSt10_HashtableINSt7__cxx1112basic_stringIcSt11char_traitsIcESaIcEEESt4pairIKS5_dESaIS8_ENSt8__detail10_Select1stESt8equal_toIS5_ESt4hashIS5_ENSA_18_Mod_range_hashingENSA_20_Default_ranged_hashENSA_20_Prime_rehash_policyENSA_17_Hashtable_traitsILb1ELb0ELb1EEEE8_M_beginEv called 16 returned 100% blocks executed 100%
       16:  447:      _M_begin() const
       16:  448:      { return static_cast<__node_ptr>(_M_before_begin._M_nxt); }
       16:  448-block  0
------------------
_ZNKSt10_HashtableIjSt4pairIKjdESaIS2_ENSt8__detail10_Select1stESt8equal_toIjESt4hashIjENS4_18_Mod_range_hashingENS4_20_Default_ranged_hashENS4_20_Prime_rehash_policyENS4_17_Hashtable_traitsILb0ELb0ELb1EEEE8_M_beginEv:
function _ZNKSt10_HashtableIjSt4pairIKjdESaIS2_ENSt8__detail10_Select1stESt8equal_toIjESt4hashIjENS4_18_Mod_range_hashingENS4_20_Default_ranged_hashENS4_20_Prime_rehash_policyENS4_17_Hashtable_traitsILb0ELb0ELb1EEEE8_M_beginEv called 45 returned 100% blocks executed 100%
       45:  447:      _M_begin() const
       45:  448:      { return static_cast<__node_ptr>(_M_before_begin._M_nxt); }
       45:  448-block  0
------------------
_ZNKSt10_HashtableIjjSaIjENSt8__detail9_IdentityESt8equal_toIjESt4hashIjENS1_18_Mod_range_hashingENS1_20_Default_ranged_hashENS1_20_Prime_rehash_policyENS1_17_Hashtable_traitsILb0ELb1ELb1EEEE8_M_beginEv:
function _ZNKSt10_HashtableIjjSaIjENSt8__detail9_IdentityESt8equal_toIjESt4hashIjENS1_18_Mod_range_hashingENS1_20_Default_ranged_hashENS1_20_Prime_rehash_policyENS1_17_Hashtable_traitsILb0ELb1ELb1EEEE8_M_beginEv called 10 returned 100% blocks executed 100%
       10:  447:      _M_begin() const
       10:  448:      { return static_cast<__node_ptr>(_M_before_begin._M_nxt); }
       10:  448-block  0
------------------
_ZNKSt10_HashtableIjSt4pairIKjPN8cppjieba8TrieNodeEESaIS5_ENSt8__detail10_Select1stESt8equal_toIjESt4hashIjENS7_18_Mod_range_hashingENS7_20_Default_ranged_hashENS7_20_Prime_rehash_policyENS7_17_Hashtable_traitsILb0ELb0ELb1EEEE8_M_beginEv:
function _ZNKSt10_HashtableIjSt4pairIKjPN8cppjieba8TrieNodeEESaIS5_ENSt8__detail10_Select1stESt8equal_toIjESt4hashIjENS7_18_Mod_range_hashingENS7_20_Default_ranged_hashENS7_20_Prime_rehash_policyENS7_17_Hashtable_traitsILb0ELb0ELb1EEEE8_M_beginEv called 609702 returned 100% blocks executed 100%
   609702:  447:      _M_begin() const
   609702:  448:      { return static_cast<__node_ptr>(_M_before_begin._M_nxt); }
   609702:  448-block  0
------------------
        -:  449:
        -:  450:      // Assign *this using another _Hashtable instance. Whether elements
        -:  451:      // are copied or moved depends on the _Ht reference.
        -:  452:      template<typename _Ht>
        -:  453:	void
        -:  454:	_M_assign_elements(_Ht&&);
        -:  455:
        -:  456:      template<typename _Ht, typename _NodeGenerator>
        -:  457:	void
        -:  458:	_M_assign(_Ht&&, const _NodeGenerator&);
        -:  459:
        -:  460:      void
        -:  461:      _M_move_assign(_Hashtable&&, true_type);
        -:  462:
        -:  463:      void
        -:  464:      _M_move_assign(_Hashtable&&, false_type);
        -:  465:
        -:  466:      void
        -:  467:      _M_reset() noexcept;
        -:  468:
        -:  469:      _Hashtable(const _Hash& __h, const _Equal& __eq,
        -:  470:		 const allocator_type& __a)
        -:  471:      : __hashtable_base(__h, __eq),
        -:  472:	__hashtable_alloc(__node_alloc_type(__a))
        -:  473:      { }
        -:  474:
        -:  475:      template<bool _No_realloc = true>
        -:  476:	static constexpr bool
        -:  477:	_S_nothrow_move()
        -:  478:	{
        -:  479:#if __cplusplus <= 201402L
        -:  480:	  return __and_<__bool_constant<_No_realloc>,
        -:  481:			is_nothrow_copy_constructible<_Hash>,
        -:  482:			is_nothrow_copy_constructible<_Equal>>::value;
        -:  483:#else
        -:  484:	  if constexpr (_No_realloc)
        -:  485:	    if constexpr (is_nothrow_copy_constructible<_Hash>())
        -:  486:	      return is_nothrow_copy_constructible<_Equal>();
        -:  487:	  return false;
        -:  488:#endif
        -:  489:	}
        -:  490:
        -:  491:      _Hashtable(_Hashtable&& __ht, __node_alloc_type&& __a,
        -:  492:		 true_type /* alloc always equal */)
        -:  493:	noexcept(_S_nothrow_move());
        -:  494:
        -:  495:      _Hashtable(_Hashtable&&, __node_alloc_type&&,
        -:  496:		 false_type /* alloc always equal */);
        -:  497:
        -:  498:      template<typename _InputIterator>
        -:  499:	_Hashtable(_InputIterator __first, _InputIterator __last,
        -:  500:		   size_type __bkt_count_hint,
        -:  501:		   const _Hash&, const _Equal&, const allocator_type&,
        -:  502:		   true_type __uks);
        -:  503:
        -:  504:      template<typename _InputIterator>
        -:  505:	_Hashtable(_InputIterator __first, _InputIterator __last,
        -:  506:		   size_type __bkt_count_hint,
        -:  507:		   const _Hash&, const _Equal&, const allocator_type&,
        -:  508:		   false_type __uks);
        -:  509:
        -:  510:    public:
        -:  511:      // Constructor, destructor, assignment, swap
   201018:  512:      _Hashtable() = default;
------------------
_ZNSt10_HashtableINSt7__cxx1112basic_stringIcSt11char_traitsIcESaIcEEES5_SaIS5_ENSt8__detail9_IdentityESt8equal_toIS5_ESt4hashIS5_ENS7_18_Mod_range_hashingENS7_20_Default_ranged_hashENS7_20_Prime_rehash_policyENS7_17_Hashtable_traitsILb1ELb1ELb1EEEEC1Ev:
function _ZNSt10_HashtableINSt7__cxx1112basic_stringIcSt11char_traitsIcESaIcEEES5_SaIS5_ENSt8__detail9_IdentityESt8equal_toIS5_ESt4hashIS5_ENS7_18_Mod_range_hashingENS7_20_Default_ranged_hashENS7_20_Prime_rehash_policyENS7_17_Hashtable_traitsILb1ELb1ELb1EEEEC1Ev called 1 returned 100% blocks executed 100%
        1:  512:      _Hashtable() = default;
        1:  512-block  0
call    0 returned 1
call    1 returned 1
call    2 returned 1
------------------
_ZNSt10_HashtableINSt7__cxx1112basic_stringIcSt11char_traitsIcESaIcEEESt4pairIKS5_dESaIS8_ENSt8__detail10_Select1stESt8equal_toIS5_ESt4hashIS5_ENSA_18_Mod_range_hashingENSA_20_Default_ranged_hashENSA_20_Prime_rehash_policyENSA_17_Hashtable_traitsILb1ELb0ELb1EEEEC1Ev:
function _ZNSt10_HashtableINSt7__cxx1112basic_stringIcSt11char_traitsIcESaIcEEESt4pairIKS5_dESaIS8_ENSt8__detail10_Select1stESt8equal_toIS5_ESt4hashIS5_ENSA_18_Mod_range_hashingENSA_20_Default_ranged_hashENSA_20_Prime_rehash_policyENSA_17_Hashtable_traitsILb1ELb0ELb1EEEEC1Ev called 1 returned 100% blocks executed 100%
        1:  512:      _Hashtable() = default;
        1:  512-block  0
call    0 returned 1
call    1 returned 1
call    2 returned 1
------------------
_ZNSt10_HashtableIjSt4pairIKjdESaIS2_ENSt8__detail10_Select1stESt8equal_toIjESt4hashIjENS4_18_Mod_range_hashingENS4_20_Default_ranged_hashENS4_20_Prime_rehash_policyENS4_17_Hashtable_traitsILb0ELb0ELb1EEEEC1Ev:
function _ZNSt10_HashtableIjSt4pairIKjdESaIS2_ENSt8__detail10_Select1stESt8equal_toIjESt4hashIjENS4_18_Mod_range_hashingENS4_20_Default_ranged_hashENS4_20_Prime_rehash_policyENS4_17_Hashtable_traitsILb0ELb0ELb1EEEEC1Ev called 4 returned 100% blocks executed 100%
        4:  512:      _Hashtable() = default;
        4:  512-block  0
call    0 returned 4
call    1 returned 4
call    2 returned 4
------------------
_ZNSt10_HashtableIjjSaIjENSt8__detail9_IdentityESt8equal_toIjESt4hashIjENS1_18_Mod_range_hashingENS1_20_Default_ranged_hashENS1_20_Prime_rehash_policyENS1_17_Hashtable_traitsILb0ELb1ELb1EEEEC1Ev:
function _ZNSt10_HashtableIjjSaIjENSt8__detail9_IdentityESt8equal_toIjESt4hashIjENS1_18_Mod_range_hashingENS1_20_Default_ranged_hashENS1_20_Prime_rehash_policyENS1_17_Hashtable_traitsILb0ELb1ELb1EEEEC1Ev called 4 returned 100% blocks executed 100%
        4:  512:      _Hashtable() = default;
        4:  512-block  0
call    0 returned 4
call    1 returned 4
call    2 returned 4
------------------
_ZNSt10_HashtableIjSt4pairIKjPN8cppjieba8TrieNodeEESaIS5_ENSt8__detail10_Select1stESt8equal_toIjESt4hashIjENS7_18_Mod_range_hashingENS7_20_Default_ranged_hashENS7_20_Prime_rehash_policyENS7_17_Hashtable_traitsILb0ELb0ELb1EEEEC1Ev:
function _ZNSt10_HashtableIjSt4pairIKjPN8cppjieba8TrieNodeEESaIS5_ENSt8__detail10_Select1stESt8equal_toIjESt4hashIjENS7_18_Mod_range_hashingENS7_20_Default_ranged_hashENS7_20_Prime_rehash_policyENS7_17_Hashtable_traitsILb0ELb0ELb1EEEEC1Ev called 201008 returned 100% blocks executed 100%
   201008:  512:      _Hashtable() = default;
   201008:  512-block  0
call    0 returned 201008
call    1 returned 201008
call    2 returned 201008
------------------
        -:  513:
        -:  514:      _Hashtable(const _Hashtable&);
        -:  515:
        -:  516:      _Hashtable(const _Hashtable&, const allocator_type&);
        -:  517:
        -:  518:      explicit
        -:  519:      _Hashtable(size_type __bkt_count_hint,
        -:  520:		 const _Hash& __hf = _Hash(),
        -:  521:		 const key_equal& __eql = key_equal(),
        -:  522:		 const allocator_type& __a = allocator_type());
        -:  523:
        -:  524:      // Use delegating constructors.
        -:  525:      _Hashtable(_Hashtable&& __ht)
        -:  526:	noexcept(_S_nothrow_move())
        -:  527:      : _Hashtable(std::move(__ht), std::move(__ht._M_node_allocator()),
        -:  528:		   true_type{})
        -:  529:      { }
        -:  530:
        -:  531:      _Hashtable(_Hashtable&& __ht, const allocator_type& __a)
        -:  532:	noexcept(_S_nothrow_move<__node_alloc_traits::_S_always_equal()>())
        -:  533:      : _Hashtable(std::move(__ht), __node_alloc_type(__a),
        -:  534:		   typename __node_alloc_traits::is_always_equal{})
        -:  535:      { }
        -:  536:
        -:  537:      explicit
        -:  538:      _Hashtable(const allocator_type& __a)
        -:  539:      : __hashtable_alloc(__node_alloc_type(__a))
        -:  540:      { }
        -:  541:
        -:  542:      template<typename _InputIterator>
        -:  543:	_Hashtable(_InputIterator __f, _InputIterator __l,
        -:  544:		   size_type __bkt_count_hint = 0,
        -:  545:		   const _Hash& __hf = _Hash(),
        -:  546:		   const key_equal& __eql = key_equal(),
        -:  547:		   const allocator_type& __a = allocator_type())
        -:  548:	: _Hashtable(__f, __l, __bkt_count_hint, __hf, __eql, __a,
        -:  549:		     __unique_keys{})
        -:  550:	{ }
        -:  551:
        -:  552:      _Hashtable(initializer_list<value_type> __l,
        -:  553:		 size_type __bkt_count_hint = 0,
        -:  554:		 const _Hash& __hf = _Hash(),
        -:  555:		 const key_equal& __eql = key_equal(),
        -:  556:		 const allocator_type& __a = allocator_type())
        -:  557:      : _Hashtable(__l.begin(), __l.end(), __bkt_count_hint,
        -:  558:		   __hf, __eql, __a, __unique_keys{})
        -:  559:      { }
        -:  560:
        -:  561:      _Hashtable&
        -:  562:      operator=(const _Hashtable& __ht);
        -:  563:
        -:  564:      _Hashtable&
        -:  565:      operator=(_Hashtable&& __ht)
        -:  566:      noexcept(__node_alloc_traits::_S_nothrow_move()
        -:  567:	       && is_nothrow_move_assignable<_Hash>::value
        -:  568:	       && is_nothrow_move_assignable<_Equal>::value)
        -:  569:      {
        -:  570:	constexpr bool __move_storage =
        -:  571:	  __node_alloc_traits::_S_propagate_on_move_assign()
        -:  572:	  || __node_alloc_traits::_S_always_equal();
        -:  573:	_M_move_assign(std::move(__ht), __bool_constant<__move_storage>());
        -:  574:	return *this;
        -:  575:      }
        -:  576:
        -:  577:      _Hashtable&
        -:  578:      operator=(initializer_list<value_type> __l)
        -:  579:      {
        -:  580:	__reuse_or_alloc_node_gen_t __roan(_M_begin(), *this);
        -:  581:	_M_before_begin._M_nxt = nullptr;
        -:  582:	clear();
        -:  583:
        -:  584:	// We consider that all elements of __l are going to be inserted.
        -:  585:	auto __l_bkt_count = _M_rehash_policy._M_bkt_for_elements(__l.size());
        -:  586:
        -:  587:	// Do not shrink to keep potential user reservation.
        -:  588:	if (_M_bucket_count < __l_bkt_count)
        -:  589:	  rehash(__l_bkt_count);
        -:  590:
        -:  591:	this->_M_insert_range(__l.begin(), __l.end(), __roan, __unique_keys{});
        -:  592:	return *this;
        -:  593:      }
        -:  594:
        -:  595:      ~_Hashtable() noexcept;
        -:  596:
        -:  597:      void
        -:  598:      swap(_Hashtable&)
        -:  599:      noexcept(__and_<__is_nothrow_swappable<_Hash>,
        -:  600:		      __is_nothrow_swappable<_Equal>>::value);
        -:  601:
        -:  602:      // Basic container operations
        -:  603:      iterator
function _ZNSt10_HashtableIjSt4pairIKjPN8cppjieba8TrieNodeEESaIS5_ENSt8__detail10_Select1stESt8equal_toIjESt4hashIjENS7_18_Mod_range_hashingENS7_20_Default_ranged_hashENS7_20_Prime_rehash_policyENS7_17_Hashtable_traitsILb0ELb0ELb1EEEE5beginEv called 201008 returned 100% blocks executed 100%
   201008:  604:      begin() noexcept
   201008:  605:      { return iterator(_M_begin()); }
   201008:  605-block  0
call    0 returned 201008
call    1 returned 201008
        -:  606:
        -:  607:      const_iterator
        -:  608:      begin() const noexcept
        -:  609:      { return const_iterator(_M_begin()); }
        -:  610:
        -:  611:      iterator
function _ZNSt10_HashtableIjSt4pairIKjPN8cppjieba8TrieNodeEESaIS5_ENSt8__detail10_Select1stESt8equal_toIjESt4hashIjENS7_18_Mod_range_hashingENS7_20_Default_ranged_hashENS7_20_Prime_rehash_policyENS7_17_Hashtable_traitsILb0ELb0ELb1EEEE3endEv called 2695318 returned 100% blocks executed 100%
  2695318:  612:      end() noexcept
  2695318:  613:      { return iterator(nullptr); }
  2695318:  613-block  0
call    0 returned 2695318
        -:  614:
        -:  615:      const_iterator
  2501700:  616:      end() const noexcept
  2501700:  617:      { return const_iterator(nullptr); }
------------------
_ZNKSt10_HashtableIjjSaIjENSt8__detail9_IdentityESt8equal_toIjESt4hashIjENS1_18_Mod_range_hashingENS1_20_Default_ranged_hashENS1_20_Prime_rehash_policyENS1_17_Hashtable_traitsILb0ELb1ELb1EEEE3endEv:
function _ZNKSt10_HashtableIjjSaIjENSt8__detail9_IdentityESt8equal_toIjESt4hashIjENS1_18_Mod_range_hashingENS1_20_Default_ranged_hashENS1_20_Prime_rehash_policyENS1_17_Hashtable_traitsILb0ELb1ELb1EEEE3endEv called 869088 returned 100% blocks executed 100%
   869088:  616:      end() const noexcept
   869088:  617:      { return const_iterator(nullptr); }
   869088:  617-block  0
call    0 returned 869088
------------------
_ZNKSt10_HashtableINSt7__cxx1112basic_stringIcSt11char_traitsIcESaIcEEESt4pairIKS5_dESaIS8_ENSt8__detail10_Select1stESt8equal_toIS5_ESt4hashIS5_ENSA_18_Mod_range_hashingENSA_20_Default_ranged_hashENSA_20_Prime_rehash_policyENSA_17_Hashtable_traitsILb1ELb0ELb1EEEE3endEv:
function _ZNKSt10_HashtableINSt7__cxx1112basic_stringIcSt11char_traitsIcESaIcEEESt4pairIKS5_dESaIS8_ENSt8__detail10_Select1stESt8equal_toIS5_ESt4hashIS5_ENSA_18_Mod_range_hashingENSA_20_Default_ranged_hashENSA_20_Prime_rehash_policyENSA_17_Hashtable_traitsILb1ELb0ELb1EEEE3endEv called 5738 returned 100% blocks executed 100%
     5738:  616:      end() const noexcept
     5738:  617:      { return const_iterator(nullptr); }
     5738:  617-block  0
call    0 returned 5738
------------------
_ZNKSt10_HashtableINSt7__cxx1112basic_stringIcSt11char_traitsIcESaIcEEES5_SaIS5_ENSt8__detail9_IdentityESt8equal_toIS5_ESt4hashIS5_ENS7_18_Mod_range_hashingENS7_20_Default_ranged_hashENS7_20_Prime_rehash_policyENS7_17_Hashtable_traitsILb1ELb1ELb1EEEE3endEv:
function _ZNKSt10_HashtableINSt7__cxx1112basic_stringIcSt11char_traitsIcESaIcEEES5_SaIS5_ENSt8__detail9_IdentityESt8equal_toIS5_ESt4hashIS5_ENS7_18_Mod_range_hashingENS7_20_Default_ranged_hashENS7_20_Prime_rehash_policyENS7_17_Hashtable_traitsILb1ELb1ELb1EEEE3endEv called 103218 returned 100% blocks executed 100%
   103218:  616:      end() const noexcept
   103218:  617:      { return const_iterator(nullptr); }
   103218:  617-block  0
call    0 returned 103218
------------------
_ZNKSt10_HashtableIjSt4pairIKjdESaIS2_ENSt8__detail10_Select1stESt8equal_toIjESt4hashIjENS4_18_Mod_range_hashingENS4_20_Default_ranged_hashENS4_20_Prime_rehash_policyENS4_17_Hashtable_traitsILb0ELb0ELb1EEEE3endEv:
function _ZNKSt10_HashtableIjSt4pairIKjdESaIS2_ENSt8__detail10_Select1stESt8equal_toIjESt4hashIjENS4_18_Mod_range_hashingENS4_20_Default_ranged_hashENS4_20_Prime_rehash_policyENS4_17_Hashtable_traitsILb0ELb0ELb1EEEE3endEv called 1523656 returned 100% blocks executed 100%
  1523656:  616:      end() const noexcept
  1523656:  617:      { return const_iterator(nullptr); }
  1523656:  617-block  0
call    0 returned 1523656
------------------
        -:  618:
        -:  619:      const_iterator
        -:  620:      cbegin() const noexcept
        -:  621:      { return const_iterator(_M_begin()); }
        -:  622:
        -:  623:      const_iterator
        -:  624:      cend() const noexcept
        -:  625:      { return const_iterator(nullptr); }
        -:  626:
        -:  627:      size_type
function _ZNKSt10_HashtableINSt7__cxx1112basic_stringIcSt11char_traitsIcESaIcEEES5_SaIS5_ENSt8__detail9_IdentityESt8equal_toIS5_ESt4hashIS5_ENS7_18_Mod_range_hashingENS7_20_Default_ranged_hashENS7_20_Prime_rehash_policyENS7_17_Hashtable_traitsILb1ELb1ELb1EEEE4sizeEv called 1 returned 100% blocks executed 100%
        1:  628:      size() const noexcept
        1:  629:      { return _M_element_count; }
        1:  629-block  0
        -:  630:
        -:  631:      _GLIBCXX_NODISCARD bool
        -:  632:      empty() const noexcept
        -:  633:      { return size() == 0; }
        -:  634:
        -:  635:      allocator_type
        -:  636:      get_allocator() const noexcept
        -:  637:      { return allocator_type(this->_M_node_allocator()); }
        -:  638:
        -:  639:      size_type
        -:  640:      max_size() const noexcept
        -:  641:      { return __node_alloc_traits::max_size(this->_M_node_allocator()); }
        -:  642:
        -:  643:      // Observers
        -:  644:      key_equal
        -:  645:      key_eq() const
        -:  646:      { return this->_M_eq(); }
        -:  647:
        -:  648:      // hash_function, if present, comes from _Hash_code_base.
        -:  649:
        -:  650:      // Bucket operations
        -:  651:      size_type
        -:  652:      bucket_count() const noexcept
        -:  653:      { return _M_bucket_count; }
        -:  654:
        -:  655:      size_type
        -:  656:      max_bucket_count() const noexcept
        -:  657:      { return max_size(); }
        -:  658:
        -:  659:      size_type
        -:  660:      bucket_size(size_type __bkt) const
        -:  661:      { return std::distance(begin(__bkt), end(__bkt)); }
        -:  662:
        -:  663:      size_type
        -:  664:      bucket(const key_type& __k) const
        -:  665:      { return _M_bucket_index(this->_M_hash_code(__k)); }
        -:  666:
        -:  667:      local_iterator
        -:  668:      begin(size_type __bkt)
        -:  669:      {
        -:  670:	return local_iterator(*this, _M_bucket_begin(__bkt),
        -:  671:			      __bkt, _M_bucket_count);
        -:  672:      }
        -:  673:
        -:  674:      local_iterator
        -:  675:      end(size_type __bkt)
        -:  676:      { return local_iterator(*this, nullptr, __bkt, _M_bucket_count); }
        -:  677:
        -:  678:      const_local_iterator
        -:  679:      begin(size_type __bkt) const
        -:  680:      {
        -:  681:	return const_local_iterator(*this, _M_bucket_begin(__bkt),
        -:  682:				    __bkt, _M_bucket_count);
        -:  683:      }
        -:  684:
        -:  685:      const_local_iterator
        -:  686:      end(size_type __bkt) const
        -:  687:      { return const_local_iterator(*this, nullptr, __bkt, _M_bucket_count); }
        -:  688:
        -:  689:      // DR 691.
        -:  690:      const_local_iterator
        -:  691:      cbegin(size_type __bkt) const
        -:  692:      {
        -:  693:	return const_local_iterator(*this, _M_bucket_begin(__bkt),
        -:  694:				    __bkt, _M_bucket_count);
        -:  695:      }
        -:  696:
        -:  697:      const_local_iterator
        -:  698:      cend(size_type __bkt) const
        -:  699:      { return const_local_iterator(*this, nullptr, __bkt, _M_bucket_count); }
        -:  700:
        -:  701:      float
        -:  702:      load_factor() const noexcept
        -:  703:      {
        -:  704:	return static_cast<float>(size()) / static_cast<float>(bucket_count());
        -:  705:      }
        -:  706:
        -:  707:      // max_load_factor, if present, comes from _Rehash_base.
        -:  708:
        -:  709:      // Generalization of max_load_factor.  Extension, not found in
        -:  710:      // TR1.  Only useful if _RehashPolicy is something other than
        -:  711:      // the default.
        -:  712:      const _RehashPolicy&
        -:  713:      __rehash_policy() const
        -:  714:      { return _M_rehash_policy; }
        -:  715:
        -:  716:      void
        -:  717:      __rehash_policy(const _RehashPolicy& __pol)
        -:  718:      { _M_rehash_policy = __pol; }
        -:  719:
        -:  720:      // Lookup.
        -:  721:      iterator
        -:  722:      find(const key_type& __k);
        -:  723:
        -:  724:      const_iterator
        -:  725:      find(const key_type& __k) const;
        -:  726:
        -:  727:      size_type
        -:  728:      count(const key_type& __k) const;
        -:  729:
        -:  730:      std::pair<iterator, iterator>
        -:  731:      equal_range(const key_type& __k);
        -:  732:
        -:  733:      std::pair<const_iterator, const_iterator>
        -:  734:      equal_range(const key_type& __k) const;
        -:  735:
        -:  736:#if __cplusplus >= 202002L
        -:  737:#define __cpp_lib_generic_unordered_lookup 201811L
        -:  738:
        -:  739:      template<typename _Kt,
        -:  740:	       typename = __has_is_transparent_t<_Hash, _Kt>,
        -:  741:	       typename = __has_is_transparent_t<_Equal, _Kt>>
        -:  742:	iterator
        -:  743:	_M_find_tr(const _Kt& __k);
        -:  744:
        -:  745:      template<typename _Kt,
        -:  746:	       typename = __has_is_transparent_t<_Hash, _Kt>,
        -:  747:	       typename = __has_is_transparent_t<_Equal, _Kt>>
        -:  748:	const_iterator
        -:  749:	_M_find_tr(const _Kt& __k) const;
        -:  750:
        -:  751:      template<typename _Kt,
        -:  752:	       typename = __has_is_transparent_t<_Hash, _Kt>,
        -:  753:	       typename = __has_is_transparent_t<_Equal, _Kt>>
        -:  754:	size_type
        -:  755:	_M_count_tr(const _Kt& __k) const;
        -:  756:
        -:  757:      template<typename _Kt,
        -:  758:	       typename = __has_is_transparent_t<_Hash, _Kt>,
        -:  759:	       typename = __has_is_transparent_t<_Equal, _Kt>>
        -:  760:	pair<iterator, iterator>
        -:  761:	_M_equal_range_tr(const _Kt& __k);
        -:  762:
        -:  763:      template<typename _Kt,
        -:  764:	       typename = __has_is_transparent_t<_Hash, _Kt>,
        -:  765:	       typename = __has_is_transparent_t<_Equal, _Kt>>
        -:  766:	pair<const_iterator, const_iterator>
        -:  767:	_M_equal_range_tr(const _Kt& __k) const;
        -:  768:#endif // C++20
        -:  769:
        -:  770:    private:
        -:  771:      // Bucket index computation helpers.
        -:  772:      size_type
  1662593:  773:      _M_bucket_index(const __node_value_type& __n) const noexcept
  1662593:  774:      { return __hash_code_base::_M_bucket_index(__n, _M_bucket_count); }
------------------
_ZNKSt10_HashtableIjjSaIjENSt8__detail9_IdentityESt8equal_toIjESt4hashIjENS1_18_Mod_range_hashingENS1_20_Default_ranged_hashENS1_20_Prime_rehash_policyENS1_17_Hashtable_traitsILb0ELb1ELb1EEEE15_M_bucket_indexERKNS1_16_Hash_node_valueIjLb0EEE:
function _ZNKSt10_HashtableIjjSaIjENSt8__detail9_IdentityESt8equal_toIjESt4hashIjENS1_18_Mod_range_hashingENS1_20_Default_ranged_hashENS1_20_Prime_rehash_policyENS1_17_Hashtable_traitsILb0ELb1ELb1EEEE15_M_bucket_indexERKNS1_16_Hash_node_valueIjLb0EEE called 162353 returned 100% blocks executed 100%
   162353:  773:      _M_bucket_index(const __node_value_type& __n) const noexcept
   162353:  774:      { return __hash_code_base::_M_bucket_index(__n, _M_bucket_count); }
   162353:  774-block  0
call    0 returned 162353
------------------
_ZNKSt10_HashtableINSt7__cxx1112basic_stringIcSt11char_traitsIcESaIcEEESt4pairIKS5_dESaIS8_ENSt8__detail10_Select1stESt8equal_toIS5_ESt4hashIS5_ENSA_18_Mod_range_hashingENSA_20_Default_ranged_hashENSA_20_Prime_rehash_policyENSA_17_Hashtable_traitsILb1ELb0ELb1EEEE15_M_bucket_indexERKNSA_16_Hash_node_valueIS8_Lb1EEE:
function _ZNKSt10_HashtableINSt7__cxx1112basic_stringIcSt11char_traitsIcESaIcEEESt4pairIKS5_dESaIS8_ENSt8__detail10_Select1stESt8equal_toIS5_ESt4hashIS5_ENSA_18_Mod_range_hashingENSA_20_Default_ranged_hashENSA_20_Prime_rehash_policyENSA_17_Hashtable_traitsILb1ELb0ELb1EEEE15_M_bucket_indexERKNSA_16_Hash_node_valueIS8_Lb1EEE called 313706 returned 100% blocks executed 100%
   313706:  773:      _M_bucket_index(const __node_value_type& __n) const noexcept
[...]
        -: 2358:	       _Hash, _RangeHash, _Unused, _RehashPolicy, _Traits>::
        -: 2359:    _M_rehash_aux(size_type __bkt_count, true_type /* __uks */)
        -: 2360:    {
   207753: 2361:      __buckets_ptr __new_buckets = _M_allocate_buckets(__bkt_count);
   207753: 2362:      __node_ptr __p = _M_begin();
   207753: 2363:      _M_before_begin._M_nxt = nullptr;
   207753: 2364:      std::size_t __bbegin_bkt = 0;
   840463: 2365:      while (__p)
        -: 2366:	{
  632710*: 2367:	  __node_ptr __next = __p->_M_next();
        -: 2368:	  std::size_t __bkt
  632710*: 2369:	    = __hash_code_base::_M_bucket_index(*__p, __bkt_count);
  632710*: 2370:	  if (!__new_buckets[__bkt])
        -: 2371:	    {
  511792*: 2372:	      __p->_M_nxt = _M_before_begin._M_nxt;
  511792*: 2373:	      _M_before_begin._M_nxt = __p;
  511792*: 2374:	      __new_buckets[__bkt] = &_M_before_begin;
  511792*: 2375:	      if (__p->_M_nxt)
  505056*: 2376:		__new_buckets[__bbegin_bkt] = __p;
  511792*: 2377:	      __bbegin_bkt = __bkt;
        -: 2378:	    }
        -: 2379:	  else
        -: 2380:	    {
  120918*: 2381:	      __p->_M_nxt = __new_buckets[__bkt]->_M_nxt;
  120918*: 2382:	      __new_buckets[__bkt]->_M_nxt = __p;
        -: 2383:	    }
        -: 2384:
  632710*: 2385:	  __p = __next;
        -: 2386:	}
        -: 2387:
   207753: 2388:      _M_deallocate_buckets();
   207753: 2389:      _M_bucket_count = __bkt_count;
   207753: 2390:      _M_buckets = __new_buckets;
   207753: 2391:    }
------------------
_ZNSt10_HashtableINSt7__cxx1112basic_stringIcSt11char_traitsIcESaIcEEES5_SaIS5_ENSt8__detail9_IdentityESt8equal_toIS5_ESt4hashIS5_ENS7_18_Mod_range_hashingENS7_20_Default_ranged_hashENS7_20_Prime_rehash_policyENS7_17_Hashtable_traitsILb1ELb1ELb1EEEE13_M_rehash_auxEySt17integral_constantIbLb1EE:
function _ZNSt10_HashtableINSt7__cxx1112basic_stringIcSt11char_traitsIcESaIcEEES5_SaIS5_ENSt8__detail9_IdentityESt8equal_toIS5_ESt4hashIS5_ENS7_18_Mod_range_hashingENS7_20_Default_ranged_hashENS7_20_Prime_rehash_policyENS7_17_Hashtable_traitsILb1ELb1ELb1EEEE13_M_rehash_auxEySt17integral_constantIbLb1EE called 8 returned 100% blocks executed 100%
        8: 2357:    _Hashtable<_Key, _Value, _Alloc, _ExtractKey, _Equal,
        -: 2358:	       _Hash, _RangeHash, _Unused, _RehashPolicy, _Traits>::
        -: 2359:    _M_rehash_aux(size_type __bkt_count, true_type /* __uks */)
        -: 2360:    {
        8: 2361:      __buckets_ptr __new_buckets = _M_allocate_buckets(__bkt_count);
        8: 2361-block  0
call    0 returned 8
        8: 2362:      __node_ptr __p = _M_begin();
call    0 returned 8
        8: 2363:      _M_before_begin._M_nxt = nullptr;
        8: 2364:      std::size_t __bbegin_bkt = 0;
     2143: 2365:      while (__p)
     2143: 2365-block  0
branch  0 taken 2135
branch  1 taken 8 (fallthrough)
        -: 2366:	{
     2135: 2367:	  __node_ptr __next = __p->_M_next();
     2135: 2367-block  0
call    0 returned 2135
        -: 2368:	  std::size_t __bkt
     2135: 2369:	    = __hash_code_base::_M_bucket_index(*__p, __bkt_count);
call    0 returned 2135
     2135: 2370:	  if (!__new_buckets[__bkt])
branch  0 taken 1706 (fallthrough)
branch  1 taken 429
        -: 2371:	    {
     1706: 2372:	      __p->_M_nxt = _M_before_begin._M_nxt;
     1706: 2373:	      _M_before_begin._M_nxt = __p;
     1706: 2374:	      __new_buckets[__bkt] = &_M_before_begin;
     1706: 2375:	      if (__p->_M_nxt)
     1706: 2375-block  0
branch  0 taken 1699 (fallthrough)
branch  1 taken 7
     1699: 2376:		__new_buckets[__bbegin_bkt] = __p;
     1699: 2376-block  0
     1706: 2377:	      __bbegin_bkt = __bkt;
     1706: 2377-block  0
        -: 2378:	    }
        -: 2379:	  else
        -: 2380:	    {
      429: 2381:	      __p->_M_nxt = __new_buckets[__bkt]->_M_nxt;
      429: 2382:	      __new_buckets[__bkt]->_M_nxt = __p;
      429: 2382-block  0
        -: 2383:	    }
        -: 2384:
     2135: 2385:	  __p = __next;
     2135: 2385-block  0
        -: 2386:	}
        -: 2387:
        8: 2388:      _M_deallocate_buckets();
        8: 2388-block  0
call    0 returned 8
        8: 2389:      _M_bucket_count = __bkt_count;
        8: 2390:      _M_buckets = __new_buckets;
        8: 2391:    }
------------------
_ZNSt10_HashtableIjjSaIjENSt8__detail9_IdentityESt8equal_toIjESt4hashIjENS1_18_Mod_range_hashingENS1_20_Default_ranged_hashENS1_20_Prime_rehash_policyENS1_17_Hashtable_traitsILb0ELb1ELb1EEEE13_M_rehash_auxEySt17integral_constantIbLb1EE:
function _ZNSt10_HashtableIjjSaIjENSt8__detail9_IdentityESt8equal_toIjESt4hashIjENS1_18_Mod_range_hashingENS1_20_Default_ranged_hashENS1_20_Prime_rehash_policyENS1_17_Hashtable_traitsILb0ELb1ELb1EEEE13_M_rehash_auxEySt17integral_constantIbLb1EE called 3 returned 100% blocks executed 43%
        3: 2357:    _Hashtable<_Key, _Value, _Alloc, _ExtractKey, _Equal,
        -: 2358:	       _Hash, _RangeHash, _Unused, _RehashPolicy, _Traits>::
        -: 2359:    _M_rehash_aux(size_type __bkt_count, true_type /* __uks */)
        -: 2360:    {
        3: 2361:      __buckets_ptr __new_buckets = _M_allocate_buckets(__bkt_count);
        3: 2361-block  0
call    0 returned 3
        3: 2362:      __node_ptr __p = _M_begin();
call    0 returned 3
        3: 2363:      _M_before_begin._M_nxt = nullptr;
        3: 2364:      std::size_t __bbegin_bkt = 0;
        3: 2365:      while (__p)
        3: 2365-block  0
branch  0 taken 0
branch  1 taken 3 (fallthrough)
        -: 2366:	{
    #####: 2367:	  __node_ptr __next = __p->_M_next();
    %%%%%: 2367-block  0
call    0 never executed
        -: 2368:	  std::size_t __bkt
    #####: 2369:	    = __hash_code_base::_M_bucket_index(*__p, __bkt_count);
call    0 never executed
    #####: 2370:	  if (!__new_buckets[__bkt])
branch  0 never executed
branch  1 never executed
        -: 2371:	    {
    #####: 2372:	      __p->_M_nxt = _M_before_begin._M_nxt;
    #####: 2373:	      _M_before_begin._M_nxt = __p;
    #####: 2374:	      __new_buckets[__bkt] = &_M_before_begin;
    #####: 2375:	      if (__p->_M_nxt)
    %%%%%: 2375-block  0
branch  0 never executed
branch  1 never executed
    #####: 2376:		__new_buckets[__bbegin_bkt] = __p;
    %%%%%: 2376-block  0
    #####: 2377:	      __bbegin_bkt = __bkt;
    %%%%%: 2377-block  0
        -: 2378:	    }
        -: 2379:	  else
        -: 2380:	    {
    #####: 2381:	      __p->_M_nxt = __new_buckets[__bkt]->_M_nxt;
    #####: 2382:	      __new_buckets[__bkt]->_M_nxt = __p;
    %%%%%: 2382-block  0
        -: 2383:	    }
        -: 2384:
    #####: 2385:	  __p = __next;
    %%%%%: 2385-block  0
        -: 2386:	}
        -: 2387:
        3: 2388:      _M_deallocate_buckets();
        3: 2388-block  0
call    0 returned 3
        3: 2389:      _M_bucket_count = __bkt_count;
        3: 2390:      _M_buckets = __new_buckets;
        3: 2391:    }
------------------
_ZNSt10_HashtableIjSt4pairIKjPN8cppjieba8TrieNodeEESaIS5_ENSt8__detail10_Select1stESt8equal_toIjESt4hashIjENS7_18_Mod_range_hashingENS7_20_Default_ranged_hashENS7_20_Prime_rehash_policyENS7_17_Hashtable_traitsILb0ELb0ELb1EEEE13_M_rehash_auxEySt17integral_constantIbLb1EE:
function _ZNSt10_HashtableIjSt4pairIKjPN8cppjieba8TrieNodeEESaIS5_ENSt8__detail10_Select1stESt8equal_toIjESt4hashIjENS7_18_Mod_range_hashingENS7_20_Default_ranged_hashENS7_20_Prime_rehash_policyENS7_17_Hashtable_traitsILb0ELb0ELb1EEEE13_M_rehash_auxEySt17integral_constantIbLb1EE called 207686 returned 100% blocks executed 100%
   207686: 2357:    _Hashtable<_Key, _Value, _Alloc, _ExtractKey, _Equal,
        -: 2358:	       _Hash, _RangeHash, _Unused, _RehashPolicy, _Traits>::
        -: 2359:    _M_rehash_aux(size_type __bkt_count, true_type /* __uks */)
        -: 2360:    {
   207686: 2361:      __buckets_ptr __new_buckets = _M_allocate_buckets(__bkt_count);
   207686: 2361-block  0
call    0 returned 207686
   207686: 2362:      __node_ptr __p = _M_begin();
call    0 returned 207686
   207686: 2363:      _M_before_begin._M_nxt = nullptr;
   207686: 2364:      std::size_t __bbegin_bkt = 0;
   448862: 2365:      while (__p)
   448862: 2365-block  0
branch  0 taken 241176
branch  1 taken 207686 (fallthrough)
        -: 2366:	{
   241176: 2367:	  __node_ptr __next = __p->_M_next();
   241176: 2367-block  0
call    0 returned 241176
        -: 2368:	  std::size_t __bkt
   241176: 2369:	    = __hash_code_base::_M_bucket_index(*__p, __bkt_count);
call    0 returned 241176
   241176: 2370:	  if (!__new_buckets[__bkt])
branch  0 taken 198500 (fallthrough)
branch  1 taken 42676
        -: 2371:	    {
   198500: 2372:	      __p->_M_nxt = _M_before_begin._M_nxt;
   198500: 2373:	      _M_before_begin._M_nxt = __p;
   198500: 2374:	      __new_buckets[__bkt] = &_M_before_begin;
   198500: 2375:	      if (__p->_M_nxt)
   198500: 2375-block  0
branch  0 taken 191822 (fallthrough)
branch  1 taken 6678
   191822: 2376:		__new_buckets[__bbegin_bkt] = __p;
   191822: 2376-block  0
   198500: 2377:	      __bbegin_bkt = __bkt;
   198500: 2377-block  0
        -: 2378:	    }
        -: 2379:	  else
        -: 2380:	    {
    42676: 2381:	      __p->_M_nxt = __new_buckets[__bkt]->_M_nxt;
    42676: 2382:	      __new_buckets[__bkt]->_M_nxt = __p;
    42676: 2382-block  0
        -: 2383:	    }
        -: 2384:
   241176: 2385:	  __p = __next;
   241176: 2385-block  0
        -: 2386:	}
        -: 2387:
   207686: 2388:      _M_deallocate_buckets();
   207686: 2388-block  0
call    0 returned 207686
   207686: 2389:      _M_bucket_count = __bkt_count;
   207686: 2390:      _M_buckets = __new_buckets;
   207686: 2391:    }
------------------
_ZNSt10_HashtableINSt7__cxx1112basic_stringIcSt11char_traitsIcESaIcEEESt4pairIKS5_dESaIS8_ENSt8__detail10_Select1stESt8equal_toIS5_ESt4hashIS5_ENSA_18_Mod_range_hashingENSA_20_Default_ranged_hashENSA_20_Prime_rehash_policyENSA_17_Hashtable_traitsILb1ELb0ELb1EEEE13_M_rehash_auxEySt17integral_constantIbLb1EE:
function _ZNSt10_HashtableINSt7__cxx1112basic_stringIcSt11char_traitsIcESaIcEEESt4pairIKS5_dESaIS8_ENSt8__detail10_Select1stESt8equal_toIS5_ESt4hashIS5_ENSA_18_Mod_range_hashingENSA_20_Default_ranged_hashENSA_20_Prime_rehash_policyENSA_17_Hashtable_traitsILb1ELb0ELb1EEEE13_M_rehash_auxEySt17integral_constantIbLb1EE called 15 returned 100% blocks executed 100%
       15: 2357:    _Hashtable<_Key, _Value, _Alloc, _ExtractKey, _Equal,
        -: 2358:	       _Hash, _RangeHash, _Unused, _RehashPolicy, _Traits>::
        -: 2359:    _M_rehash_aux(size_type __bkt_count, true_type /* __uks */)
        -: 2360:    {
       15: 2361:      __buckets_ptr __new_buckets = _M_allocate_buckets(__bkt_count);
       15: 2361-block  0
call    0 returned 15
       15: 2362:      __node_ptr __p = _M_begin();
call    0 returned 15
       15: 2363:      _M_before_begin._M_nxt = nullptr;
       15: 2364:      std::size_t __bbegin_bkt = 0;
   340825: 2365:      while (__p)
   340825: 2365-block  0
branch  0 taken 340810
branch  1 taken 15 (fallthrough)
        -: 2366:	{
   340810: 2367:	  __node_ptr __next = __p->_M_next();
   340810: 2367-block  0
call    0 returned 340810
        -: 2368:	  std::size_t __bkt
   340810: 2369:	    = __hash_code_base::_M_bucket_index(*__p, __bkt_count);
call    0 returned 340810
   340810: 2370:	  if (!__new_buckets[__bkt])
branch  0 taken 269052 (fallthrough)
branch  1 taken 71758
        -: 2371:	    {
   269052: 2372:	      __p->_M_nxt = _M_before_begin._M_nxt;
   269052: 2373:	      _M_before_begin._M_nxt = __p;
   269052: 2374:	      __new_buckets[__bkt] = &_M_before_begin;
   269052: 2375:	      if (__p->_M_nxt)
   269052: 2375-block  0
branch  0 taken 269038 (fallthrough)
branch  1 taken 14
   269038: 2376:		__new_buckets[__bbegin_bkt] = __p;
   269038: 2376-block  0
   269052: 2377:	      __bbegin_bkt = __bkt;
   269052: 2377-block  0
        -: 2378:	    }
        -: 2379:	  else
        -: 2380:	    {
    71758: 2381:	      __p->_M_nxt = __new_buckets[__bkt]->_M_nxt;
    71758: 2382:	      __new_buckets[__bkt]->_M_nxt = __p;
    71758: 2382-block  0
        -: 2383:	    }
        -: 2384:
   340810: 2385:	  __p = __next;
   340810: 2385-block  0
        -: 2386:	}
        -: 2387:
       15: 2388:      _M_deallocate_buckets();
       15: 2388-block  0
call    0 returned 15
       15: 2389:      _M_bucket_count = __bkt_count;
       15: 2390:      _M_buckets = __new_buckets;
       15: 2391:    }
------------------
_ZNSt10_HashtableIjSt4pairIKjdESaIS2_ENSt8__detail10_Select1stESt8equal_toIjESt4hashIjENS4_18_Mod_range_hashingENS4_20_Default_ranged_hashENS4_20_Prime_rehash_policyENS4_17_Hashtable_traitsILb0ELb0ELb1EEEE13_M_rehash_auxEySt17integral_constantIbLb1EE:
function _ZNSt10_HashtableIjSt4pairIKjdESaIS2_ENSt8__detail10_Select1stESt8equal_toIjESt4hashIjENS4_18_Mod_range_hashingENS4_20_Default_ranged_hashENS4_20_Prime_rehash_policyENS4_17_Hashtable_traitsILb0ELb0ELb1EEEE13_M_rehash_auxEySt17integral_constantIbLb1EE called 41 returned 100% blocks executed 100%
       41: 2357:    _Hashtable<_Key, _Value, _Alloc, _ExtractKey, _Equal,
        -: 2358:	       _Hash, _RangeHash, _Unused, _RehashPolicy, _Traits>::
        -: 2359:    _M_rehash_aux(size_type __bkt_count, true_type /* __uks */)
        -: 2360:    {
       41: 2361:      __buckets_ptr __new_buckets = _M_allocate_buckets(__bkt_count);
       41: 2361-block  0
call    0 returned 41
       41: 2362:      __node_ptr __p = _M_begin();
call    0 returned 41
       41: 2363:      _M_before_begin._M_nxt = nullptr;
       41: 2364:      std::size_t __bbegin_bkt = 0;
    48630: 2365:      while (__p)
    48630: 2365-block  0
branch  0 taken 48589
branch  1 taken 41 (fallthrough)
        -: 2366:	{
    48589: 2367:	  __node_ptr __next = __p->_M_next();
    48589: 2367-block  0
call    0 returned 48589
        -: 2368:	  std::size_t __bkt
    48589: 2369:	    = __hash_code_base::_M_bucket_index(*__p, __bkt_count);
call    0 returned 48589
    48589: 2370:	  if (!__new_buckets[__bkt])
branch  0 taken 42534 (fallthrough)
branch  1 taken 6055
        -: 2371:	    {
    42534: 2372:	      __p->_M_nxt = _M_before_begin._M_nxt;
    42534: 2373:	      _M_before_begin._M_nxt = __p;
    42534: 2374:	      __new_buckets[__bkt] = &_M_before_begin;
    42534: 2375:	      if (__p->_M_nxt)
    42534: 2375-block  0
branch  0 taken 42497 (fallthrough)
branch  1 taken 37
    42497: 2376:		__new_buckets[__bbegin_bkt] = __p;
    42497: 2376-block  0
    42534: 2377:	      __bbegin_bkt = __bkt;
    42534: 2377-block  0
        -: 2378:	    }
        -: 2379:	  else
        -: 2380:	    {
     6055: 2381:	      __p->_M_nxt = __new_buckets[__bkt]->_M_nxt;
     6055: 2382:	      __new_buckets[__bkt]->_M_nxt = __p;
     6055: 2382-block  0
        -: 2383:	    }
        -: 2384:
    48589: 2385:	  __p = __next;
    48589: 2385-block  0
        -: 2386:	}
        -: 2387:
       41: 2388:      _M_deallocate_buckets();
       41: 2388-block  0
call    0 returned 41
       41: 2389:      _M_bucket_count = __bkt_count;
       41: 2390:      _M_buckets = __new_buckets;
       41: 2391:    }
------------------
        -: 2392:
        -: 2393:  // Rehash when there can be equivalent elements, preserve their relative
        -: 2394:  // order.
        -: 2395:  template<typename _Key, typename _Value, typename _Alloc,
        -: 2396:	   typename _ExtractKey, typename _Equal,
        -: 2397:	   typename _Hash, typename _RangeHash, typename _Unused,
        -: 2398:	   typename _RehashPolicy, typename _Traits>
        -: 2399:    void
        -: 2400:    _Hashtable<_Key, _Value, _Alloc, _ExtractKey, _Equal,
        -: 2401:	       _Hash, _RangeHash, _Unused, _RehashPolicy, _Traits>::
        -: 2402:    _M_rehash_aux(size_type __bkt_count, false_type /* __uks */)
        -: 2403:    {
        -: 2404:      __buckets_ptr __new_buckets = _M_allocate_buckets(__bkt_count);
        -: 2405:      __node_ptr __p = _M_begin();
        -: 2406:      _M_before_begin._M_nxt = nullptr;
        -: 2407:      std::size_t __bbegin_bkt = 0;
        -: 2408:      std::size_t __prev_bkt = 0;
        -: 2409:      __node_ptr __prev_p = nullptr;
        -: 2410:      bool __check_bucket = false;
        -: 2411:
        -: 2412:      while (__p)
        -: 2413:	{
        -: 2414:	  __node_ptr __next = __p->_M_next();
        -: 2415:	  std::size_t __bkt
        -: 2416:	    = __hash_code_base::_M_bucket_index(*__p, __bkt_count);
        -: 2417:
        -: 2418:	  if (__prev_p && __prev_bkt == __bkt)
        -: 2419:	    {
        -: 2420:	      // Previous insert was already in this bucket, we insert after
        -: 2421:	      // the previously inserted one to preserve equivalent elements
        -: 2422:	      // relative order.
        -: 2423:	      __p->_M_nxt = __prev_p->_M_nxt;
        -: 2424:	      __prev_p->_M_nxt = __p;
        -: 2425:
        -: 2426:	      // Inserting after a node in a bucket require to check that we
        -: 2427:	      // haven't change the bucket last node, in this case next
        -: 2428:	      // bucket containing its before begin node must be updated. We
        -: 2429:	      // schedule a check as soon as we move out of the sequence of
        -: 2430:	      // equivalent nodes to limit the number of checks.
        -: 2431:	      __check_bucket = true;
        -: 2432:	    }
        -: 2433:	  else
        -: 2434:	    {
        -: 2435:	      if (__check_bucket)
        -: 2436:		{
        -: 2437:		  // Check if we shall update the next bucket because of
        -: 2438:		  // insertions into __prev_bkt bucket.
        -: 2439:		  if (__prev_p->_M_nxt)
        -: 2440:		    {
        -: 2441:		      std::size_t __next_bkt
        -: 2442:			= __hash_code_base::_M_bucket_index(
        -: 2443:			  *__prev_p->_M_next(), __bkt_count);
        -: 2444:		      if (__next_bkt != __prev_bkt)
        -: 2445:			__new_buckets[__next_bkt] = __prev_p;
        -: 2446:		    }
        -: 2447:		  __check_bucket = false;
        -: 2448:		}
        -: 2449:
        -: 2450:	      if (!__new_buckets[__bkt])
        -: 2451:		{
        -: 2452:		  __p->_M_nxt = _M_before_begin._M_nxt;
        -: 2453:		  _M_before_begin._M_nxt = __p;
        -: 2454:		  __new_buckets[__bkt] = &_M_before_begin;
        -: 2455:		  if (__p->_M_nxt)
        -: 2456:		    __new_buckets[__bbegin_bkt] = __p;
        -: 2457:		  __bbegin_bkt = __bkt;
        -: 2458:		}
        -: 2459:	      else
        -: 2460:		{
        -: 2461:		  __p->_M_nxt = __new_buckets[__bkt]->_M_nxt;
        -: 2462:		  __new_buckets[__bkt]->_M_nxt = __p;
        -: 2463:		}
        -: 2464:	    }
        -: 2465:	  __prev_p = __p;
        -: 2466:	  __prev_bkt = __bkt;
        -: 2467:	  __p = __next;
        -: 2468:	}
        -: 2469:
        -: 2470:      if (__check_bucket && __prev_p->_M_nxt)
        -: 2471:	{
        -: 2472:	  std::size_t __next_bkt
        -: 2473:	    = __hash_code_base::_M_bucket_index(*__prev_p->_M_next(),
        -: 2474:						__bkt_count);
        -: 2475:	  if (__next_bkt != __prev_bkt)
        -: 2476:	    __new_buckets[__next_bkt] = __prev_p;
        -: 2477:	}
        -: 2478:
        -: 2479:      _M_deallocate_buckets();
        -: 2480:      _M_bucket_count = __bkt_count;
        -: 2481:      _M_buckets = __new_buckets;
        -: 2482:    }
        -: 2483:
        -: 2484:#if __cplusplus > 201402L
        -: 2485:  template<typename, typename, typename> class _Hash_merge_helper { };
        -: 2486:#endif // C++17
        -: 2487:
        -: 2488:#if __cpp_deduction_guides >= 201606
        -: 2489:  // Used to constrain deduction guides
        -: 2490:  template<typename _Hash>
        -: 2491:    using _RequireNotAllocatorOrIntegral
        -: 2492:      = __enable_if_t<!__or_<is_integral<_Hash>, __is_allocator<_Hash>>::value>;
        -: 2493:#endif
        -: 2494:
        -: 2495:_GLIBCXX_END_NAMESPACE_VERSION
        -: 2496:} // namespace std
        -: 2497:
        -: 2498:#endif // _HASHTABLE_H
