        -:    0:Source:C:/PROGRA~1/JETBRA~1/CLION2~1.1/bin/mingw/lib/gcc/x86_64-w64-mingw32/11.2.0/include/c++/bits/stl_vector.h
        -:    0:Graph:C:\Users\86195\Desktop\lunwen\cmake-build-debug-\CMakeFiles\lunwen.dir\main.cpp.gcno
        -:    0:Data:C:\Users\86195\Desktop\lunwen\cmake-build-debug-\CMakeFiles\lunwen.dir\main.cpp.gcda
        -:    0:Runs:1
        -:    1:// Vector implementation -*- C++ -*-
        -:    2:
        -:    3:// Copyright (C) 2001-2021 Free Software Foundation, Inc.
        -:    4://
        -:    5:// This file is part of the GNU ISO C++ Library.  This library is free
        -:    6:// software; you can redistribute it and/or modify it under the
        -:    7:// terms of the GNU General Public License as published by the
        -:    8:// Free Software Foundation; either version 3, or (at your option)
        -:    9:// any later version.
        -:   10:
        -:   11:// This library is distributed in the hope that it will be useful,
        -:   12:// but WITHOUT ANY WARRANTY; without even the implied warranty of
        -:   13:// MERCHANTABILITY or FITNESS FOR A PARTICULAR PURPOSE.  See the
        -:   14:// GNU General Public License for more details.
        -:   15:
        -:   16:// Under Section 7 of GPL version 3, you are granted additional
        -:   17:// permissions described in the GCC Runtime Library Exception, version
        -:   18:// 3.1, as published by the Free Software Foundation.
        -:   19:
        -:   20:// You should have received a copy of the GNU General Public License and
        -:   21:// a copy of the GCC Runtime Library Exception along with this program;
        -:   22:// see the files COPYING3 and COPYING.RUNTIME respectively.  If not, see
        -:   23:// <http://www.gnu.org/licenses/>.
        -:   24:
        -:   25:/*
        -:   26: *
        -:   27: * Copyright (c) 1994
        -:   28: * Hewlett-Packard Company
        -:   29: *
        -:   30: * Permission to use, copy, modify, distribute and sell this software
        -:   31: * and its documentation for any purpose is hereby granted without fee,
        -:   32: * provided that the above copyright notice appear in all copies and
        -:   33: * that both that copyright notice and this permission notice appear
        -:   34: * in supporting documentation.  Hewlett-Packard Company makes no
        -:   35: * representations about the suitability of this software for any
        -:   36: * purpose.  It is provided "as is" without express or implied warranty.
        -:   37: *
        -:   38: *
        -:   39: * Copyright (c) 1996
        -:   40: * Silicon Graphics Computer Systems, Inc.
        -:   41: *
        -:   42: * Permission to use, copy, modify, distribute and sell this software
        -:   43: * and its documentation for any purpose is hereby granted without fee,
        -:   44: * provided that the above copyright notice appear in all copies and
        -:   45: * that both that copyright notice and this permission notice appear
        -:   46: * in supporting documentation.  Silicon Graphics makes no
        -:   47: * representations about the suitability of this  software for any
        -:   48: * purpose.  It is provided "as is" without express or implied warranty.
        -:   49: */
        -:   50:
        -:   51:/** @file bits/stl_vector.h
        -:   52: *  This is an internal header file, included by other library headers.
        -:   53: *  Do not attempt to use it directly. @headername{vector}
        -:   54: */
        -:   55:
        -:   56:#ifndef _STL_VECTOR_H
        -:   57:#define _STL_VECTOR_H 1
        -:   58:
        -:   59:#include <bits/stl_iterator_base_funcs.h>
        -:   60:#include <bits/functexcept.h>
        -:   61:#include <bits/concept_check.h>
        -:   62:#if __cplusplus >= 201103L
        -:   63:#include <initializer_list>
        -:   64:#endif
        -:   65:#if __cplusplus > 201703L
        -:   66:# include <compare>
        -:   67:#endif
        -:   68:
        -:   69:#include <debug/assertions.h>
        -:   70:
        -:   71:#if _GLIBCXX_SANITIZE_STD_ALLOCATOR && _GLIBCXX_SANITIZE_VECTOR
        -:   72:extern "C" void
        -:   73:__sanitizer_annotate_contiguous_container(const void*, const void*,
        -:   74:					  const void*, const void*);
        -:   75:#endif
        -:   76:
        -:   77:namespace std _GLIBCXX_VISIBILITY(default)
        -:   78:{
        -:   79:_GLIBCXX_BEGIN_NAMESPACE_VERSION
        -:   80:_GLIBCXX_BEGIN_NAMESPACE_CONTAINER
        -:   81:
        -:   82:  /// See bits/stl_deque.h's _Deque_base for an explanation.
        -:   83:  template<typename _Tp, typename _Alloc>
        -:   84:    struct _Vector_base
        -:   85:    {
        -:   86:      typedef typename __gnu_cxx::__alloc_traits<_Alloc>::template
        -:   87:	rebind<_Tp>::other _Tp_alloc_type;
        -:   88:      typedef typename __gnu_cxx::__alloc_traits<_Tp_alloc_type>::pointer
        -:   89:       	pointer;
        -:   90:
        -:   91:      struct _Vector_impl_data
        -:   92:      {
        -:   93:	pointer _M_start;
        -:   94:	pointer _M_finish;
        -:   95:	pointer _M_end_of_storage;
        -:   96:
   276923:   97:	_Vector_impl_data() _GLIBCXX_NOEXCEPT
   276923:   98:	: _M_start(), _M_finish(), _M_end_of_storage()
   276923:   99:	{ }
------------------
_ZNSt12_Vector_baseIdSaIdEE17_Vector_impl_dataC2Ev:
function _ZNSt12_Vector_baseIdSaIdEE17_Vector_impl_dataC2Ev called 25914 returned 100% blocks executed 100%
    25914:   97:	_Vector_impl_data() _GLIBCXX_NOEXCEPT
    25914:   98:	: _M_start(), _M_finish(), _M_end_of_storage()
    25914:   99:	{ }
------------------
_ZNSt12_Vector_baseIiSaIiEE17_Vector_impl_dataC2Ev:
function _ZNSt12_Vector_baseIiSaIiEE17_Vector_impl_dataC2Ev called 25912 returned 100% blocks executed 100%
    25912:   97:	_Vector_impl_data() _GLIBCXX_NOEXCEPT
    25912:   98:	: _M_start(), _M_finish(), _M_end_of_storage()
    25912:   99:	{ }
------------------
_ZNSt12_Vector_baseISt4pairIydESaIS1_EE17_Vector_impl_dataC2Ev:
function _ZNSt12_Vector_baseISt4pairIydESaIS1_EE17_Vector_impl_dataC2Ev called 2 returned 100% blocks executed 100%
        2:   97:	_Vector_impl_data() _GLIBCXX_NOEXCEPT
        2:   98:	: _M_start(), _M_finish(), _M_end_of_storage()
        2:   99:	{ }
------------------
_ZNSt12_Vector_baseISt4pairINSt7__cxx1112basic_stringIcSt11char_traitsIcESaIcEEEdESaIS7_EE17_Vector_impl_dataC2Ev:
function _ZNSt12_Vector_baseISt4pairINSt7__cxx1112basic_stringIcSt11char_traitsIcESaIcEEEdESaIS7_EE17_Vector_impl_dataC2Ev called 4 returned 100% blocks executed 100%
        4:   97:	_Vector_impl_data() _GLIBCXX_NOEXCEPT
        4:   98:	: _M_start(), _M_finish(), _M_end_of_storage()
        4:   99:	{ }
------------------
_ZNSt12_Vector_baseIN8cppjieba16KeywordExtractor4WordESaIS2_EE17_Vector_impl_dataC2Ev:
function _ZNSt12_Vector_baseIN8cppjieba16KeywordExtractor4WordESaIS2_EE17_Vector_impl_dataC2Ev called 4 returned 100% blocks executed 100%
        4:   97:	_Vector_impl_data() _GLIBCXX_NOEXCEPT
        4:   98:	: _M_start(), _M_finish(), _M_end_of_storage()
        4:   99:	{ }
------------------
_ZNSt12_Vector_baseIySaIyEE17_Vector_impl_dataC1Ev:
function _ZNSt12_Vector_baseIySaIyEE17_Vector_impl_dataC1Ev called 95240 returned 100% blocks executed 100%
    95240:   97:	_Vector_impl_data() _GLIBCXX_NOEXCEPT
    95240:   98:	: _M_start(), _M_finish(), _M_end_of_storage()
    95240:   99:	{ }
------------------
_ZNSt12_Vector_baseIySaIyEE17_Vector_impl_dataC2Ev:
function _ZNSt12_Vector_baseIySaIyEE17_Vector_impl_dataC2Ev called 85008 returned 100% blocks executed 100%
    85008:   97:	_Vector_impl_data() _GLIBCXX_NOEXCEPT
    85008:   98:	: _M_start(), _M_finish(), _M_end_of_storage()
    85008:   99:	{ }
------------------
_ZNSt12_Vector_baseIPSt13unordered_mapIjdSt4hashIjESt8equal_toIjESaISt4pairIKjdEEESaISA_EE17_Vector_impl_dataC2Ev:
function _ZNSt12_Vector_baseIPSt13unordered_mapIjdSt4hashIjESt8equal_toIjESaISt4pairIKjdEEESaISA_EE17_Vector_impl_dataC2Ev called 1 returned 100% blocks executed 100%
        1:   97:	_Vector_impl_data() _GLIBCXX_NOEXCEPT
        1:   98:	: _M_start(), _M_finish(), _M_end_of_storage()
        1:   99:	{ }
------------------
_ZNSt12_Vector_baseIN8cppjieba3DagESaIS1_EE17_Vector_impl_dataC2Ev:
function _ZNSt12_Vector_baseIN8cppjieba3DagESaIS1_EE17_Vector_impl_dataC2Ev called 14936 returned 100% blocks executed 100%
    14936:   97:	_Vector_impl_data() _GLIBCXX_NOEXCEPT
    14936:   98:	: _M_start(), _M_finish(), _M_end_of_storage()
    14936:   99:	{ }
------------------
_ZNSt12_Vector_baseIN8cppjieba9WordRangeESaIS1_EE17_Vector_impl_dataC2Ev:
function _ZNSt12_Vector_baseIN8cppjieba9WordRangeESaIS1_EE17_Vector_impl_dataC2Ev called 29876 returned 100% blocks executed 100%
    29876:   97:	_Vector_impl_data() _GLIBCXX_NOEXCEPT
    29876:   98:	: _M_start(), _M_finish(), _M_end_of_storage()
    29876:   99:	{ }
------------------
_ZNSt12_Vector_baseIPKN8cppjieba8DictUnitESaIS3_EE17_Vector_impl_dataC2Ev:
function _ZNSt12_Vector_baseIPKN8cppjieba8DictUnitESaIS3_EE17_Vector_impl_dataC2Ev called 1 returned 100% blocks executed 100%
        1:   97:	_Vector_impl_data() _GLIBCXX_NOEXCEPT
        1:   98:	: _M_start(), _M_finish(), _M_end_of_storage()
        1:   99:	{ }
------------------
_ZNSt12_Vector_baseIN6limonp11LocalVectorIjEESaIS2_EE17_Vector_impl_dataC2Ev:
function _ZNSt12_Vector_baseIN6limonp11LocalVectorIjEESaIS2_EE17_Vector_impl_dataC2Ev called 1 returned 100% blocks executed 100%
        1:   97:	_Vector_impl_data() _GLIBCXX_NOEXCEPT
        1:   98:	: _M_start(), _M_finish(), _M_end_of_storage()
        1:   99:	{ }
------------------
_ZNSt12_Vector_baseIN8cppjieba8DictUnitESaIS1_EE17_Vector_impl_dataC1Ev:
function _ZNSt12_Vector_baseIN8cppjieba8DictUnitESaIS1_EE17_Vector_impl_dataC1Ev called 1 returned 100% blocks executed 100%
        1:   97:	_Vector_impl_data() _GLIBCXX_NOEXCEPT
        1:   98:	: _M_start(), _M_finish(), _M_end_of_storage()
        1:   99:	{ }
------------------
_ZNSt12_Vector_baseIN8cppjieba8DictUnitESaIS1_EE17_Vector_impl_dataC2Ev:
function _ZNSt12_Vector_baseIN8cppjieba8DictUnitESaIS1_EE17_Vector_impl_dataC2Ev called 3 returned 100% blocks executed 100%
        3:   97:	_Vector_impl_data() _GLIBCXX_NOEXCEPT
        3:   98:	: _M_start(), _M_finish(), _M_end_of_storage()
        3:   99:	{ }
------------------
_ZNSt12_Vector_baseIN8cppjieba4WordESaIS1_EE17_Vector_impl_dataC2Ev:
function _ZNSt12_Vector_baseIN8cppjieba4WordESaIS1_EE17_Vector_impl_dataC2Ev called 4 returned 100% blocks executed 100%
        4:   97:	_Vector_impl_data() _GLIBCXX_NOEXCEPT
        4:   98:	: _M_start(), _M_finish(), _M_end_of_storage()
        4:   99:	{ }
------------------
_ZNSt12_Vector_baseINSt7__cxx1112basic_stringIcSt11char_traitsIcESaIcEEESaIS5_EE17_Vector_impl_dataC2Ev:
function _ZNSt12_Vector_baseINSt7__cxx1112basic_stringIcSt11char_traitsIcESaIcEEESaIS5_EE17_Vector_impl_dataC2Ev called 16 returned 100% blocks executed 100%
       16:   97:	_Vector_impl_data() _GLIBCXX_NOEXCEPT
       16:   98:	: _M_start(), _M_finish(), _M_end_of_storage()
       16:   99:	{ }
------------------
        -:  100:
        -:  101:#if __cplusplus >= 201103L
function _ZNSt12_Vector_baseIySaIyEE17_Vector_impl_dataC2EOS2_ called 15270 returned 100% blocks executed 100%
    15270:  102:	_Vector_impl_data(_Vector_impl_data&& __x) noexcept
    15270:  103:	: _M_start(__x._M_start), _M_finish(__x._M_finish),
    15270:  104:	  _M_end_of_storage(__x._M_end_of_storage)
    15270:  105:	{ __x._M_start = __x._M_finish = __x._M_end_of_storage = pointer(); }
        -:  106:#endif
        -:  107:
        -:  108:	void
   285723:  109:	_M_copy_data(_Vector_impl_data const& __x) _GLIBCXX_NOEXCEPT
        -:  110:	{
   285723:  111:	  _M_start = __x._M_start;
   285723:  112:	  _M_finish = __x._M_finish;
   285723:  113:	  _M_end_of_storage = __x._M_end_of_storage;
   285723:  114:	}
------------------
_ZNSt12_Vector_baseIySaIyEE17_Vector_impl_data12_M_copy_dataERKS2_:
function _ZNSt12_Vector_baseIySaIyEE17_Vector_impl_data12_M_copy_dataERKS2_ called 285720 returned 100% blocks executed 100%
   285720:  109:	_M_copy_data(_Vector_impl_data const& __x) _GLIBCXX_NOEXCEPT
        -:  110:	{
   285720:  111:	  _M_start = __x._M_start;
   285720:  112:	  _M_finish = __x._M_finish;
   285720:  113:	  _M_end_of_storage = __x._M_end_of_storage;
   285720:  114:	}
------------------
_ZNSt12_Vector_baseIN8cppjieba8DictUnitESaIS1_EE17_Vector_impl_data12_M_copy_dataERKS4_:
function _ZNSt12_Vector_baseIN8cppjieba8DictUnitESaIS1_EE17_Vector_impl_data12_M_copy_dataERKS4_ called 3 returned 100% blocks executed 100%
        3:  109:	_M_copy_data(_Vector_impl_data const& __x) _GLIBCXX_NOEXCEPT
        -:  110:	{
        3:  111:	  _M_start = __x._M_start;
        3:  112:	  _M_finish = __x._M_finish;
        3:  113:	  _M_end_of_storage = __x._M_end_of_storage;
        3:  114:	}
------------------
        -:  115:
        -:  116:	void
    95241:  117:	_M_swap_data(_Vector_impl_data& __x) _GLIBCXX_NOEXCEPT
        -:  118:	{
        -:  119:	  // Do not use std::swap(_M_start, __x._M_start), etc as it loses
        -:  120:	  // information used by TBAA.
    95241:  121:	  _Vector_impl_data __tmp;
    95241:  122:	  __tmp._M_copy_data(*this);
    95241:  123:	  _M_copy_data(__x);
    95241:  124:	  __x._M_copy_data(__tmp);
    95241:  125:	}
------------------
_ZNSt12_Vector_baseIySaIyEE17_Vector_impl_data12_M_swap_dataERS2_:
function _ZNSt12_Vector_baseIySaIyEE17_Vector_impl_data12_M_swap_dataERS2_ called 95240 returned 100% blocks executed 100%
    95240:  117:	_M_swap_data(_Vector_impl_data& __x) _GLIBCXX_NOEXCEPT
        -:  118:	{
        -:  119:	  // Do not use std::swap(_M_start, __x._M_start), etc as it loses
        -:  120:	  // information used by TBAA.
    95240:  121:	  _Vector_impl_data __tmp;
    95240:  121-block  0
call    0 returned 95240
    95240:  122:	  __tmp._M_copy_data(*this);
call    0 returned 95240
    95240:  123:	  _M_copy_data(__x);
call    0 returned 95240
    95240:  124:	  __x._M_copy_data(__tmp);
call    0 returned 95240
    95240:  125:	}
------------------
_ZNSt12_Vector_baseIN8cppjieba8DictUnitESaIS1_EE17_Vector_impl_data12_M_swap_dataERS4_:
function _ZNSt12_Vector_baseIN8cppjieba8DictUnitESaIS1_EE17_Vector_impl_data12_M_swap_dataERS4_ called 1 returned 100% blocks executed 100%
        1:  117:	_M_swap_data(_Vector_impl_data& __x) _GLIBCXX_NOEXCEPT
        -:  118:	{
        -:  119:	  // Do not use std::swap(_M_start, __x._M_start), etc as it loses
        -:  120:	  // information used by TBAA.
        1:  121:	  _Vector_impl_data __tmp;
        1:  121-block  0
call    0 returned 1
        1:  122:	  __tmp._M_copy_data(*this);
call    0 returned 1
        1:  123:	  _M_copy_data(__x);
call    0 returned 1
        1:  124:	  __x._M_copy_data(__tmp);
call    0 returned 1
        1:  125:	}
------------------
        -:  126:      };
        -:  127:
        -:  128:      struct _Vector_impl
        -:  129:	: public _Tp_alloc_type, public _Vector_impl_data
        -:  130:      {
    76496:  131:	_Vector_impl() _GLIBCXX_NOEXCEPT_IF(
        -:  132:	    is_nothrow_default_constructible<_Tp_alloc_type>::value)
    76496:  133:	: _Tp_alloc_type()
    76496:  134:	{ }
------------------
_ZNSt12_Vector_baseISt4pairIydESaIS1_EE12_Vector_implC1Ev:
function _ZNSt12_Vector_baseISt4pairIydESaIS1_EE12_Vector_implC1Ev called 2 returned 100% blocks executed 100%
        2:  131:	_Vector_impl() _GLIBCXX_NOEXCEPT_IF(
        -:  132:	    is_nothrow_default_constructible<_Tp_alloc_type>::value)
        2:  133:	: _Tp_alloc_type()
        2:  133-block  0
call    0 returned 2
call    1 returned 2
        2:  134:	{ }
------------------
_ZNSt12_Vector_baseISt4pairINSt7__cxx1112basic_stringIcSt11char_traitsIcESaIcEEEdESaIS7_EE12_Vector_implC1Ev:
function _ZNSt12_Vector_baseISt4pairINSt7__cxx1112basic_stringIcSt11char_traitsIcESaIcEEEdESaIS7_EE12_Vector_implC1Ev called 4 returned 100% blocks executed 100%
        4:  131:	_Vector_impl() _GLIBCXX_NOEXCEPT_IF(
        -:  132:	    is_nothrow_default_constructible<_Tp_alloc_type>::value)
        4:  133:	: _Tp_alloc_type()
        4:  133-block  0
call    0 returned 4
call    1 returned 4
        4:  134:	{ }
------------------
_ZNSt12_Vector_baseIN8cppjieba16KeywordExtractor4WordESaIS2_EE12_Vector_implC1Ev:
function _ZNSt12_Vector_baseIN8cppjieba16KeywordExtractor4WordESaIS2_EE12_Vector_implC1Ev called 4 returned 100% blocks executed 100%
        4:  131:	_Vector_impl() _GLIBCXX_NOEXCEPT_IF(
        -:  132:	    is_nothrow_default_constructible<_Tp_alloc_type>::value)
        4:  133:	: _Tp_alloc_type()
        4:  133-block  0
call    0 returned 4
call    1 returned 4
        4:  134:	{ }
------------------
_ZNSt12_Vector_baseIySaIyEE12_Vector_implC1Ev:
function _ZNSt12_Vector_baseIySaIyEE12_Vector_implC1Ev called 31650 returned 100% blocks executed 100%
    31650:  131:	_Vector_impl() _GLIBCXX_NOEXCEPT_IF(
        -:  132:	    is_nothrow_default_constructible<_Tp_alloc_type>::value)
    31650:  133:	: _Tp_alloc_type()
    31650:  133-block  0
call    0 returned 31650
call    1 returned 31650
    31650:  134:	{ }
------------------
_ZNSt12_Vector_baseIPSt13unordered_mapIjdSt4hashIjESt8equal_toIjESaISt4pairIKjdEEESaISA_EE12_Vector_implC1Ev:
function _ZNSt12_Vector_baseIPSt13unordered_mapIjdSt4hashIjESt8equal_toIjESaISt4pairIKjdEEESaISA_EE12_Vector_implC1Ev called 1 returned 100% blocks executed 100%
        1:  131:	_Vector_impl() _GLIBCXX_NOEXCEPT_IF(
        -:  132:	    is_nothrow_default_constructible<_Tp_alloc_type>::value)
        1:  133:	: _Tp_alloc_type()
        1:  133-block  0
call    0 returned 1
call    1 returned 1
        1:  134:	{ }
------------------
_ZNSt12_Vector_baseIN8cppjieba3DagESaIS1_EE12_Vector_implC1Ev:
function _ZNSt12_Vector_baseIN8cppjieba3DagESaIS1_EE12_Vector_implC1Ev called 14936 returned 100% blocks executed 100%
    14936:  131:	_Vector_impl() _GLIBCXX_NOEXCEPT_IF(
        -:  132:	    is_nothrow_default_constructible<_Tp_alloc_type>::value)
    14936:  133:	: _Tp_alloc_type()
    14936:  133-block  0
call    0 returned 14936
call    1 returned 14936
    14936:  134:	{ }
------------------
_ZNSt12_Vector_baseIN8cppjieba9WordRangeESaIS1_EE12_Vector_implC1Ev:
function _ZNSt12_Vector_baseIN8cppjieba9WordRangeESaIS1_EE12_Vector_implC1Ev called 29876 returned 100% blocks executed 100%
    29876:  131:	_Vector_impl() _GLIBCXX_NOEXCEPT_IF(
        -:  132:	    is_nothrow_default_constructible<_Tp_alloc_type>::value)
    29876:  133:	: _Tp_alloc_type()
    29876:  133-block  0
call    0 returned 29876
call    1 returned 29876
    29876:  134:	{ }
------------------
_ZNSt12_Vector_baseIPKN8cppjieba8DictUnitESaIS3_EE12_Vector_implC1Ev:
function _ZNSt12_Vector_baseIPKN8cppjieba8DictUnitESaIS3_EE12_Vector_implC1Ev called 1 returned 100% blocks executed 100%
        1:  131:	_Vector_impl() _GLIBCXX_NOEXCEPT_IF(
        -:  132:	    is_nothrow_default_constructible<_Tp_alloc_type>::value)
        1:  133:	: _Tp_alloc_type()
        1:  133-block  0
call    0 returned 1
call    1 returned 1
        1:  134:	{ }
------------------
_ZNSt12_Vector_baseIN6limonp11LocalVectorIjEESaIS2_EE12_Vector_implC1Ev:
function _ZNSt12_Vector_baseIN6limonp11LocalVectorIjEESaIS2_EE12_Vector_implC1Ev called 1 returned 100% blocks executed 100%
        1:  131:	_Vector_impl() _GLIBCXX_NOEXCEPT_IF(
        -:  132:	    is_nothrow_default_constructible<_Tp_alloc_type>::value)
        1:  133:	: _Tp_alloc_type()
        1:  133-block  0
call    0 returned 1
call    1 returned 1
        1:  134:	{ }
------------------
_ZNSt12_Vector_baseIN8cppjieba8DictUnitESaIS1_EE12_Vector_implC1Ev:
function _ZNSt12_Vector_baseIN8cppjieba8DictUnitESaIS1_EE12_Vector_implC1Ev called 1 returned 100% blocks executed 100%
        1:  131:	_Vector_impl() _GLIBCXX_NOEXCEPT_IF(
        -:  132:	    is_nothrow_default_constructible<_Tp_alloc_type>::value)
        1:  133:	: _Tp_alloc_type()
        1:  133-block  0
call    0 returned 1
call    1 returned 1
        1:  134:	{ }
------------------
_ZNSt12_Vector_baseIN8cppjieba4WordESaIS1_EE12_Vector_implC1Ev:
function _ZNSt12_Vector_baseIN8cppjieba4WordESaIS1_EE12_Vector_implC1Ev called 4 returned 100% blocks executed 100%
        4:  131:	_Vector_impl() _GLIBCXX_NOEXCEPT_IF(
        -:  132:	    is_nothrow_default_constructible<_Tp_alloc_type>::value)
        4:  133:	: _Tp_alloc_type()
        4:  133-block  0
call    0 returned 4
call    1 returned 4
        4:  134:	{ }
------------------
_ZNSt12_Vector_baseINSt7__cxx1112basic_stringIcSt11char_traitsIcESaIcEEESaIS5_EE12_Vector_implC1Ev:
function _ZNSt12_Vector_baseINSt7__cxx1112basic_stringIcSt11char_traitsIcESaIcEEESaIS5_EE12_Vector_implC1Ev called 16 returned 100% blocks executed 100%
       16:  131:	_Vector_impl() _GLIBCXX_NOEXCEPT_IF(
        -:  132:	    is_nothrow_default_constructible<_Tp_alloc_type>::value)
       16:  133:	: _Tp_alloc_type()
       16:  133-block  0
call    0 returned 16
call    1 returned 16
       16:  134:	{ }
------------------
        -:  135:
   105186:  136:	_Vector_impl(_Tp_alloc_type const& __a) _GLIBCXX_NOEXCEPT
   105186:  137:	: _Tp_alloc_type(__a)
   105186:  138:	{ }
------------------
_ZNSt12_Vector_baseIySaIyEE12_Vector_implC1ERKS0_:
function _ZNSt12_Vector_baseIySaIyEE12_Vector_implC1ERKS0_ called 53358 returned 100% blocks executed 100%
    53358:  136:	_Vector_impl(_Tp_alloc_type const& __a) _GLIBCXX_NOEXCEPT
    53358:  137:	: _Tp_alloc_type(__a)
    53358:  137-block  0
call    0 returned 53358
call    1 returned 53358
    53358:  138:	{ }
------------------
_ZNSt12_Vector_baseIdSaIdEE12_Vector_implC1ERKS0_:
function _ZNSt12_Vector_baseIdSaIdEE12_Vector_implC1ERKS0_ called 25914 returned 100% blocks executed 100%
    25914:  136:	_Vector_impl(_Tp_alloc_type const& __a) _GLIBCXX_NOEXCEPT
    25914:  137:	: _Tp_alloc_type(__a)
    25914:  137-block  0
call    0 returned 25914
call    1 returned 25914
    25914:  138:	{ }
------------------
_ZNSt12_Vector_baseIiSaIiEE12_Vector_implC1ERKS0_:
function _ZNSt12_Vector_baseIiSaIiEE12_Vector_implC1ERKS0_ called 25912 returned 100% blocks executed 100%
    25912:  136:	_Vector_impl(_Tp_alloc_type const& __a) _GLIBCXX_NOEXCEPT
    25912:  137:	: _Tp_alloc_type(__a)
    25912:  137-block  0
call    0 returned 25912
call    1 returned 25912
    25912:  138:	{ }
------------------
_ZNSt12_Vector_baseIN8cppjieba8DictUnitESaIS1_EE12_Vector_implC1ERKS2_:
function _ZNSt12_Vector_baseIN8cppjieba8DictUnitESaIS1_EE12_Vector_implC1ERKS2_ called 2 returned 100% blocks executed 100%
        2:  136:	_Vector_impl(_Tp_alloc_type const& __a) _GLIBCXX_NOEXCEPT
        2:  137:	: _Tp_alloc_type(__a)
        2:  137-block  0
call    0 returned 2
call    1 returned 2
        2:  138:	{ }
------------------
        -:  139:
        -:  140:#if __cplusplus >= 201103L
        -:  141:	// Not defaulted, to enforce noexcept(true) even when
        -:  142:	// !is_nothrow_move_constructible<_Tp_alloc_type>.
function _ZNSt12_Vector_baseIySaIyEE12_Vector_implC1EOS2_ called 15270 returned 100% blocks executed 100%
    15270:  143:	_Vector_impl(_Vector_impl&& __x) noexcept
    15270:  144:	: _Tp_alloc_type(std::move(__x)), _Vector_impl_data(std::move(__x))
    15270:  144-block  0
call    0 returned 15270
call    1 returned 15270
call    2 returned 15270
call    3 returned 15270
    15270:  145:	{ }
        -:  146:
        -:  147:	_Vector_impl(_Tp_alloc_type&& __a) noexcept
        -:  148:	: _Tp_alloc_type(std::move(__a))
        -:  149:	{ }
        -:  150:
        -:  151:	_Vector_impl(_Tp_alloc_type&& __a, _Vector_impl&& __rv) noexcept
        -:  152:	: _Tp_alloc_type(std::move(__a)), _Vector_impl_data(std::move(__rv))
        -:  153:	{ }
        -:  154:#endif
        -:  155:
        -:  156:#if _GLIBCXX_SANITIZE_STD_ALLOCATOR && _GLIBCXX_SANITIZE_VECTOR
        -:  157:	template<typename = _Tp_alloc_type>
        -:  158:	  struct _Asan
        -:  159:	  {
        -:  160:	    typedef typename __gnu_cxx::__alloc_traits<_Tp_alloc_type>
        -:  161:	      ::size_type size_type;
        -:  162:
        -:  163:	    static void _S_shrink(_Vector_impl&, size_type) { }
        -:  164:	    static void _S_on_dealloc(_Vector_impl&) { }
        -:  165:
        -:  166:	    typedef _Vector_impl& _Reinit;
        -:  167:
        -:  168:	    struct _Grow
        -:  169:	    {
        -:  170:	      _Grow(_Vector_impl&, size_type) { }
        -:  171:	      void _M_grew(size_type) { }
        -:  172:	    };
        -:  173:	  };
        -:  174:
        -:  175:	// Enable ASan annotations for memory obtained from std::allocator.
        -:  176:	template<typename _Up>
        -:  177:	  struct _Asan<allocator<_Up> >
        -:  178:	  {
        -:  179:	    typedef typename __gnu_cxx::__alloc_traits<_Tp_alloc_type>
        -:  180:	      ::size_type size_type;
        -:  181:
        -:  182:	    // Adjust ASan annotation for [_M_start, _M_end_of_storage) to
        -:  183:	    // mark end of valid region as __curr instead of __prev.
        -:  184:	    static void
        -:  185:	    _S_adjust(_Vector_impl& __impl, pointer __prev, pointer __curr)
        -:  186:	    {
        -:  187:	      __sanitizer_annotate_contiguous_container(__impl._M_start,
        -:  188:		  __impl._M_end_of_storage, __prev, __curr);
        -:  189:	    }
        -:  190:
        -:  191:	    static void
        -:  192:	    _S_grow(_Vector_impl& __impl, size_type __n)
        -:  193:	    { _S_adjust(__impl, __impl._M_finish, __impl._M_finish + __n); }
        -:  194:
        -:  195:	    static void
        -:  196:	    _S_shrink(_Vector_impl& __impl, size_type __n)
        -:  197:	    { _S_adjust(__impl, __impl._M_finish + __n, __impl._M_finish); }
        -:  198:
        -:  199:	    static void
        -:  200:	    _S_on_dealloc(_Vector_impl& __impl)
        -:  201:	    {
        -:  202:	      if (__impl._M_start)
        -:  203:		_S_adjust(__impl, __impl._M_finish, __impl._M_end_of_storage);
        -:  204:	    }
        -:  205:
        -:  206:	    // Used on reallocation to tell ASan unused capacity is invalid.
        -:  207:	    struct _Reinit
        -:  208:	    {
        -:  209:	      explicit _Reinit(_Vector_impl& __impl) : _M_impl(__impl)
        -:  210:	      {
        -:  211:		// Mark unused capacity as valid again before deallocating it.
        -:  212:		_S_on_dealloc(_M_impl);
        -:  213:	      }
        -:  214:
        -:  215:	      ~_Reinit()
        -:  216:	      {
        -:  217:		// Mark unused capacity as invalid after reallocation.
        -:  218:		if (_M_impl._M_start)
        -:  219:		  _S_adjust(_M_impl, _M_impl._M_end_of_storage,
        -:  220:			    _M_impl._M_finish);
        -:  221:	      }
        -:  222:
        -:  223:	      _Vector_impl& _M_impl;
        -:  224:
        -:  225:#if __cplusplus >= 201103L
        -:  226:	      _Reinit(const _Reinit&) = delete;
        -:  227:	      _Reinit& operator=(const _Reinit&) = delete;
        -:  228:#endif
        -:  229:	    };
        -:  230:
        -:  231:	    // Tell ASan when unused capacity is initialized to be valid.
        -:  232:	    struct _Grow
        -:  233:	    {
        -:  234:	      _Grow(_Vector_impl& __impl, size_type __n)
        -:  235:	      : _M_impl(__impl), _M_n(__n)
        -:  236:	      { _S_grow(_M_impl, __n); }
        -:  237:
        -:  238:	      ~_Grow() { if (_M_n) _S_shrink(_M_impl, _M_n); }
        -:  239:
        -:  240:	      void _M_grew(size_type __n) { _M_n -= __n; }
        -:  241:
        -:  242:#if __cplusplus >= 201103L
        -:  243:	      _Grow(const _Grow&) = delete;
        -:  244:	      _Grow& operator=(const _Grow&) = delete;
        -:  245:#endif
        -:  246:	    private:
        -:  247:	      _Vector_impl& _M_impl;
        -:  248:	      size_type _M_n;
        -:  249:	    };
        -:  250:	  };
        -:  251:
        -:  252:#define _GLIBCXX_ASAN_ANNOTATE_REINIT \
        -:  253:  typename _Base::_Vector_impl::template _Asan<>::_Reinit const \
        -:  254:	__attribute__((__unused__)) __reinit_guard(this->_M_impl)
        -:  255:#define _GLIBCXX_ASAN_ANNOTATE_GROW(n) \
        -:  256:  typename _Base::_Vector_impl::template _Asan<>::_Grow \
        -:  257:	__attribute__((__unused__)) __grow_guard(this->_M_impl, (n))
        -:  258:#define _GLIBCXX_ASAN_ANNOTATE_GREW(n) __grow_guard._M_grew(n)
        -:  259:#define _GLIBCXX_ASAN_ANNOTATE_SHRINK(n) \
        -:  260:  _Base::_Vector_impl::template _Asan<>::_S_shrink(this->_M_impl, n)
        -:  261:#define _GLIBCXX_ASAN_ANNOTATE_BEFORE_DEALLOC \
        -:  262:  _Base::_Vector_impl::template _Asan<>::_S_on_dealloc(this->_M_impl)
        -:  263:#else // ! (_GLIBCXX_SANITIZE_STD_ALLOCATOR && _GLIBCXX_SANITIZE_VECTOR)
        -:  264:#define _GLIBCXX_ASAN_ANNOTATE_REINIT
        -:  265:#define _GLIBCXX_ASAN_ANNOTATE_GROW(n)
        -:  266:#define _GLIBCXX_ASAN_ANNOTATE_GREW(n)
        -:  267:#define _GLIBCXX_ASAN_ANNOTATE_SHRINK(n)
        -:  268:#define _GLIBCXX_ASAN_ANNOTATE_BEFORE_DEALLOC
        -:  269:#endif // _GLIBCXX_SANITIZE_STD_ALLOCATOR && _GLIBCXX_SANITIZE_VECTOR
        -:  270:      };
        -:  271:
        -:  272:    public:
        -:  273:      typedef _Alloc allocator_type;
        -:  274:
        -:  275:      _Tp_alloc_type&
 1170127*:  276:      _M_get_Tp_allocator() _GLIBCXX_NOEXCEPT
 1170127*:  277:      { return this->_M_impl; }
------------------
_ZNSt12_Vector_baseISt4pairINSt7__cxx1112basic_stringIcSt11char_traitsIcESaIcEEES6_ESaIS7_EE19_M_get_Tp_allocatorEv:
function _ZNSt12_Vector_baseISt4pairINSt7__cxx1112basic_stringIcSt11char_traitsIcESaIcEEES6_ESaIS7_EE19_M_get_Tp_allocatorEv called 0 returned 0% blocks executed 0%
    #####:  276:      _M_get_Tp_allocator() _GLIBCXX_NOEXCEPT
    #####:  277:      { return this->_M_impl; }
    %%%%%:  277-block  0
------------------
_ZNSt12_Vector_baseISt4pairIydESaIS1_EE19_M_get_Tp_allocatorEv:
function _ZNSt12_Vector_baseISt4pairIydESaIS1_EE19_M_get_Tp_allocatorEv called 6 returned 100% blocks executed 100%
        6:  276:      _M_get_Tp_allocator() _GLIBCXX_NOEXCEPT
        6:  277:      { return this->_M_impl; }
        6:  277-block  0
------------------
_ZNSt12_Vector_baseISt4pairINSt7__cxx1112basic_stringIcSt11char_traitsIcESaIcEEEdESaIS7_EE19_M_get_Tp_allocatorEv:
function _ZNSt12_Vector_baseISt4pairINSt7__cxx1112basic_stringIcSt11char_traitsIcESaIcEEEdESaIS7_EE19_M_get_Tp_allocatorEv called 50 returned 100% blocks executed 100%
       50:  276:      _M_get_Tp_allocator() _GLIBCXX_NOEXCEPT
       50:  277:      { return this->_M_impl; }
       50:  277-block  0
------------------
_ZNSt12_Vector_baseIN8cppjieba16KeywordExtractor4WordESaIS2_EE19_M_get_Tp_allocatorEv:
function _ZNSt12_Vector_baseIN8cppjieba16KeywordExtractor4WordESaIS2_EE19_M_get_Tp_allocatorEv called 10 returned 100% blocks executed 100%
       10:  276:      _M_get_Tp_allocator() _GLIBCXX_NOEXCEPT
       10:  277:      { return this->_M_impl; }
       10:  277-block  0
------------------
_ZNSt12_Vector_baseIdSaIdEE19_M_get_Tp_allocatorEv:
function _ZNSt12_Vector_baseIdSaIdEE19_M_get_Tp_allocatorEv called 51828 returned 100% blocks executed 100%
    51828:  276:      _M_get_Tp_allocator() _GLIBCXX_NOEXCEPT
    51828:  277:      { return this->_M_impl; }
    51828:  277-block  0
------------------
_ZNSt12_Vector_baseIiSaIiEE19_M_get_Tp_allocatorEv:
function _ZNSt12_Vector_baseIiSaIiEE19_M_get_Tp_allocatorEv called 51824 returned 100% blocks executed 100%
    51824:  276:      _M_get_Tp_allocator() _GLIBCXX_NOEXCEPT
    51824:  277:      { return this->_M_impl; }
    51824:  277-block  0
------------------
_ZNSt12_Vector_baseIySaIyEE19_M_get_Tp_allocatorEv:
function _ZNSt12_Vector_baseIySaIyEE19_M_get_Tp_allocatorEv called 277888 returned 100% blocks executed 100%
   277888:  276:      _M_get_Tp_allocator() _GLIBCXX_NOEXCEPT
   277888:  277:      { return this->_M_impl; }
   277888:  277-block  0
------------------
_ZNSt12_Vector_baseIPSt13unordered_mapIjdSt4hashIjESt8equal_toIjESaISt4pairIKjdEEESaISA_EE19_M_get_Tp_allocatorEv:
function _ZNSt12_Vector_baseIPSt13unordered_mapIjdSt4hashIjESt8equal_toIjESaISt4pairIKjdEEESaISA_EE19_M_get_Tp_allocatorEv called 7 returned 100% blocks executed 100%
        7:  276:      _M_get_Tp_allocator() _GLIBCXX_NOEXCEPT
        7:  277:      { return this->_M_impl; }
        7:  277-block  0
------------------
_ZNSt12_Vector_baseIN8cppjieba3DagESaIS1_EE19_M_get_Tp_allocatorEv:
function _ZNSt12_Vector_baseIN8cppjieba3DagESaIS1_EE19_M_get_Tp_allocatorEv called 59744 returned 100% blocks executed 100%
    59744:  276:      _M_get_Tp_allocator() _GLIBCXX_NOEXCEPT
    59744:  277:      { return this->_M_impl; }
    59744:  277-block  0
------------------
_ZNSt12_Vector_baseIN8cppjieba9WordRangeESaIS1_EE19_M_get_Tp_allocatorEv:
function _ZNSt12_Vector_baseIN8cppjieba9WordRangeESaIS1_EE19_M_get_Tp_allocatorEv called 85392 returned 100% blocks executed 100%
    85392:  276:      _M_get_Tp_allocator() _GLIBCXX_NOEXCEPT
    85392:  277:      { return this->_M_impl; }
    85392:  277-block  0
------------------
_ZNSt12_Vector_baseIPKN8cppjieba8DictUnitESaIS3_EE19_M_get_Tp_allocatorEv:
function _ZNSt12_Vector_baseIPKN8cppjieba8DictUnitESaIS3_EE19_M_get_Tp_allocatorEv called 41 returned 100% blocks executed 100%
       41:  276:      _M_get_Tp_allocator() _GLIBCXX_NOEXCEPT
       41:  277:      { return this->_M_impl; }
       41:  277-block  0
------------------
_ZNSt12_Vector_baseIN6limonp11LocalVectorIjEESaIS2_EE19_M_get_Tp_allocatorEv:
function _ZNSt12_Vector_baseIN6limonp11LocalVectorIjEESaIS2_EE19_M_get_Tp_allocatorEv called 61 returned 100% blocks executed 100%
       61:  276:      _M_get_Tp_allocator() _GLIBCXX_NOEXCEPT
       61:  277:      { return this->_M_impl; }
       61:  277-block  0
------------------
_ZNSt12_Vector_baseIN8cppjieba8DictUnitESaIS1_EE19_M_get_Tp_allocatorEv:
function _ZNSt12_Vector_baseIN8cppjieba8DictUnitESaIS1_EE19_M_get_Tp_allocatorEv called 68 returned 100% blocks executed 100%
       68:  276:      _M_get_Tp_allocator() _GLIBCXX_NOEXCEPT
       68:  277:      { return this->_M_impl; }
       68:  277-block  0
------------------
_ZNSt12_Vector_baseIN8cppjieba4WordESaIS1_EE19_M_get_Tp_allocatorEv:
function _ZNSt12_Vector_baseIN8cppjieba4WordESaIS1_EE19_M_get_Tp_allocatorEv called 8 returned 100% blocks executed 100%
        8:  276:      _M_get_Tp_allocator() _GLIBCXX_NOEXCEPT
        8:  277:      { return this->_M_impl; }
        8:  277-block  0
------------------
_ZNSt12_Vector_baseINSt7__cxx1112basic_stringIcSt11char_traitsIcESaIcEEESaIS5_EE19_M_get_Tp_allocatorEv:
function _ZNSt12_Vector_baseINSt7__cxx1112basic_stringIcSt11char_traitsIcESaIcEEESaIS5_EE19_M_get_Tp_allocatorEv called 643200 returned 100% blocks executed 100%
   643200:  276:      _M_get_Tp_allocator() _GLIBCXX_NOEXCEPT
   643200:  277:      { return this->_M_impl; }
   643200:  277-block  0
------------------
        -:  278:
        -:  279:      const _Tp_alloc_type&
  271787*:  280:      _M_get_Tp_allocator() const _GLIBCXX_NOEXCEPT
  271787*:  281:      { return this->_M_impl; }
------------------
_ZNKSt12_Vector_baseISt4pairINSt7__cxx1112basic_stringIcSt11char_traitsIcESaIcEEEdESaIS7_EE19_M_get_Tp_allocatorEv:
function _ZNKSt12_Vector_baseISt4pairINSt7__cxx1112basic_stringIcSt11char_traitsIcESaIcEEEdESaIS7_EE19_M_get_Tp_allocatorEv called 48 returned 100% blocks executed 100%
       48:  280:      _M_get_Tp_allocator() const _GLIBCXX_NOEXCEPT
       48:  281:      { return this->_M_impl; }
       48:  281-block  0
------------------
_ZNKSt12_Vector_baseIPSt13unordered_mapIjdSt4hashIjESt8equal_toIjESaISt4pairIKjdEEESaISA_EE19_M_get_Tp_allocatorEv:
function _ZNKSt12_Vector_baseIPSt13unordered_mapIjdSt4hashIjESt8equal_toIjESaISt4pairIKjdEEESaISA_EE19_M_get_Tp_allocatorEv called 6 returned 100% blocks executed 100%
        6:  280:      _M_get_Tp_allocator() const _GLIBCXX_NOEXCEPT
        6:  281:      { return this->_M_impl; }
        6:  281-block  0
------------------
_ZNKSt12_Vector_baseISt4pairINSt7__cxx1112basic_stringIcSt11char_traitsIcESaIcEEES6_ESaIS7_EE19_M_get_Tp_allocatorEv:
function _ZNKSt12_Vector_baseISt4pairINSt7__cxx1112basic_stringIcSt11char_traitsIcESaIcEEES6_ESaIS7_EE19_M_get_Tp_allocatorEv called 0 returned 0% blocks executed 0%
    #####:  280:      _M_get_Tp_allocator() const _GLIBCXX_NOEXCEPT
    #####:  281:      { return this->_M_impl; }
    %%%%%:  281-block  0
------------------
_ZNKSt12_Vector_baseIPKN8cppjieba8DictUnitESaIS3_EE19_M_get_Tp_allocatorEv:
function _ZNKSt12_Vector_baseIPKN8cppjieba8DictUnitESaIS3_EE19_M_get_Tp_allocatorEv called 40 returned 100% blocks executed 100%
       40:  280:      _M_get_Tp_allocator() const _GLIBCXX_NOEXCEPT
       40:  281:      { return this->_M_impl; }
       40:  281-block  0
------------------
_ZNKSt12_Vector_baseIN6limonp11LocalVectorIjEESaIS2_EE19_M_get_Tp_allocatorEv:
function _ZNKSt12_Vector_baseIN6limonp11LocalVectorIjEESaIS2_EE19_M_get_Tp_allocatorEv called 40 returned 100% blocks executed 100%
       40:  280:      _M_get_Tp_allocator() const _GLIBCXX_NOEXCEPT
       40:  281:      { return this->_M_impl; }
       40:  281-block  0
------------------
_ZNKSt12_Vector_baseISt4pairIydESaIS1_EE19_M_get_Tp_allocatorEv:
function _ZNKSt12_Vector_baseISt4pairIydESaIS1_EE19_M_get_Tp_allocatorEv called 8 returned 100% blocks executed 100%
        8:  280:      _M_get_Tp_allocator() const _GLIBCXX_NOEXCEPT
        8:  281:      { return this->_M_impl; }
        8:  281-block  0
------------------
_ZNKSt12_Vector_baseIySaIyEE19_M_get_Tp_allocatorEv:
function _ZNKSt12_Vector_baseIySaIyEE19_M_get_Tp_allocatorEv called 181814 returned 100% blocks executed 100%
   181814:  280:      _M_get_Tp_allocator() const _GLIBCXX_NOEXCEPT
   181814:  281:      { return this->_M_impl; }
   181814:  281-block  0
------------------
_ZNKSt12_Vector_baseIN8cppjieba3DagESaIS1_EE19_M_get_Tp_allocatorEv:
function _ZNKSt12_Vector_baseIN8cppjieba3DagESaIS1_EE19_M_get_Tp_allocatorEv called 59744 returned 100% blocks executed 100%
    59744:  280:      _M_get_Tp_allocator() const _GLIBCXX_NOEXCEPT
    59744:  281:      { return this->_M_impl; }
    59744:  281-block  0
------------------
_ZNKSt12_Vector_baseINSt7__cxx1112basic_stringIcSt11char_traitsIcESaIcEEESaIS5_EE19_M_get_Tp_allocatorEv:
function _ZNKSt12_Vector_baseINSt7__cxx1112basic_stringIcSt11char_traitsIcESaIcEEESaIS5_EE19_M_get_Tp_allocatorEv called 162 returned 100% blocks executed 100%
      162:  280:      _M_get_Tp_allocator() const _GLIBCXX_NOEXCEPT
      162:  281:      { return this->_M_impl; }
      162:  281-block  0
------------------
_ZNKSt12_Vector_baseIN8cppjieba16KeywordExtractor4WordESaIS2_EE19_M_get_Tp_allocatorEv:
function _ZNKSt12_Vector_baseIN8cppjieba16KeywordExtractor4WordESaIS2_EE19_M_get_Tp_allocatorEv called 4 returned 100% blocks executed 100%
        4:  280:      _M_get_Tp_allocator() const _GLIBCXX_NOEXCEPT
        4:  281:      { return this->_M_impl; }
        4:  281-block  0
------------------
_ZNKSt12_Vector_baseIN8cppjieba4WordESaIS1_EE19_M_get_Tp_allocatorEv:
function _ZNKSt12_Vector_baseIN8cppjieba4WordESaIS1_EE19_M_get_Tp_allocatorEv called 4 returned 100% blocks executed 100%
        4:  280:      _M_get_Tp_allocator() const _GLIBCXX_NOEXCEPT
        4:  281:      { return this->_M_impl; }
        4:  281-block  0
------------------
_ZNKSt12_Vector_baseIN8cppjieba9WordRangeESaIS1_EE19_M_get_Tp_allocatorEv:
function _ZNKSt12_Vector_baseIN8cppjieba9WordRangeESaIS1_EE19_M_get_Tp_allocatorEv called 29876 returned 100% blocks executed 100%
    29876:  280:      _M_get_Tp_allocator() const _GLIBCXX_NOEXCEPT
    29876:  281:      { return this->_M_impl; }
    29876:  281-block  0
------------------
_ZNKSt12_Vector_baseIN8cppjieba8DictUnitESaIS1_EE19_M_get_Tp_allocatorEv:
function _ZNKSt12_Vector_baseIN8cppjieba8DictUnitESaIS1_EE19_M_get_Tp_allocatorEv called 41 returned 100% blocks executed 100%
       41:  280:      _M_get_Tp_allocator() const _GLIBCXX_NOEXCEPT
       41:  281:      { return this->_M_impl; }
       41:  281-block  0
------------------
        -:  282:
        -:  283:      allocator_type
function _ZNKSt12_Vector_baseIySaIyEE13get_allocatorEv called 47620 returned 100% blocks executed 100%
    47620:  284:      get_allocator() const _GLIBCXX_NOEXCEPT
    47620:  285:      { return allocator_type(_M_get_Tp_allocator()); }
    47620:  285-block  0
call    0 returned 47620
call    1 returned 47620
        -:  286:
        -:  287:#if __cplusplus >= 201103L
    76496:  288:      _Vector_base() = default;
------------------
_ZNSt12_Vector_baseISt4pairIydESaIS1_EEC2Ev:
function _ZNSt12_Vector_baseISt4pairIydESaIS1_EEC2Ev called 2 returned 100% blocks executed 100%
        2:  288:      _Vector_base() = default;
        2:  288-block  0
call    0 returned 2
------------------
_ZNSt12_Vector_baseISt4pairINSt7__cxx1112basic_stringIcSt11char_traitsIcESaIcEEEdESaIS7_EEC2Ev:
function _ZNSt12_Vector_baseISt4pairINSt7__cxx1112basic_stringIcSt11char_traitsIcESaIcEEEdESaIS7_EEC2Ev called 4 returned 100% blocks executed 100%
        4:  288:      _Vector_base() = default;
        4:  288-block  0
call    0 returned 4
------------------
_ZNSt12_Vector_baseIN8cppjieba16KeywordExtractor4WordESaIS2_EEC2Ev:
function _ZNSt12_Vector_baseIN8cppjieba16KeywordExtractor4WordESaIS2_EEC2Ev called 4 returned 100% blocks executed 100%
        4:  288:      _Vector_base() = default;
        4:  288-block  0
call    0 returned 4
------------------
_ZNSt12_Vector_baseIySaIyEEC2Ev:
function _ZNSt12_Vector_baseIySaIyEEC2Ev called 31650 returned 100% blocks executed 100%
    31650:  288:      _Vector_base() = default;
    31650:  288-block  0
call    0 returned 31650
------------------
_ZNSt12_Vector_baseIPSt13unordered_mapIjdSt4hashIjESt8equal_toIjESaISt4pairIKjdEEESaISA_EEC2Ev:
function _ZNSt12_Vector_baseIPSt13unordered_mapIjdSt4hashIjESt8equal_toIjESaISt4pairIKjdEEESaISA_EEC2Ev called 1 returned 100% blocks executed 100%
        1:  288:      _Vector_base() = default;
        1:  288-block  0
call    0 returned 1
------------------
_ZNSt12_Vector_baseIN8cppjieba3DagESaIS1_EEC2Ev:
function _ZNSt12_Vector_baseIN8cppjieba3DagESaIS1_EEC2Ev called 14936 returned 100% blocks executed 100%
    14936:  288:      _Vector_base() = default;
    14936:  288-block  0
call    0 returned 14936
------------------
_ZNSt12_Vector_baseIN8cppjieba9WordRangeESaIS1_EEC2Ev:
function _ZNSt12_Vector_baseIN8cppjieba9WordRangeESaIS1_EEC2Ev called 29876 returned 100% blocks executed 100%
    29876:  288:      _Vector_base() = default;
    29876:  288-block  0
call    0 returned 29876
------------------
_ZNSt12_Vector_baseIPKN8cppjieba8DictUnitESaIS3_EEC2Ev:
function _ZNSt12_Vector_baseIPKN8cppjieba8DictUnitESaIS3_EEC2Ev called 1 returned 100% blocks executed 100%
        1:  288:      _Vector_base() = default;
        1:  288-block  0
call    0 returned 1
------------------
_ZNSt12_Vector_baseIN6limonp11LocalVectorIjEESaIS2_EEC2Ev:
function _ZNSt12_Vector_baseIN6limonp11LocalVectorIjEESaIS2_EEC2Ev called 1 returned 100% blocks executed 100%
        1:  288:      _Vector_base() = default;
        1:  288-block  0
call    0 returned 1
------------------
_ZNSt12_Vector_baseIN8cppjieba8DictUnitESaIS1_EEC2Ev:
function _ZNSt12_Vector_baseIN8cppjieba8DictUnitESaIS1_EEC2Ev called 1 returned 100% blocks executed 100%
        1:  288:      _Vector_base() = default;
        1:  288-block  0
call    0 returned 1
------------------
_ZNSt12_Vector_baseIN8cppjieba4WordESaIS1_EEC2Ev:
function _ZNSt12_Vector_baseIN8cppjieba4WordESaIS1_EEC2Ev called 4 returned 100% blocks executed 100%
        4:  288:      _Vector_base() = default;
        4:  288-block  0
call    0 returned 4
------------------
_ZNSt12_Vector_baseINSt7__cxx1112basic_stringIcSt11char_traitsIcESaIcEEESaIS5_EEC2Ev:
function _ZNSt12_Vector_baseINSt7__cxx1112basic_stringIcSt11char_traitsIcESaIcEEESaIS5_EEC2Ev called 16 returned 100% blocks executed 100%
       16:  288:      _Vector_base() = default;
       16:  288-block  0
call    0 returned 16
------------------
        -:  289:#else
        -:  290:      _Vector_base() { }
        -:  291:#endif
        -:  292:
    47621:  293:      _Vector_base(const allocator_type& __a) _GLIBCXX_NOEXCEPT
    47621:  294:      : _M_impl(__a) { }
------------------
_ZNSt12_Vector_baseIySaIyEEC2ERKS0_:
function _ZNSt12_Vector_baseIySaIyEEC2ERKS0_ called 47620 returned 100% blocks executed 100%
    47620:  293:      _Vector_base(const allocator_type& __a) _GLIBCXX_NOEXCEPT
    47620:  294:      : _M_impl(__a) { }
    47620:  294-block  0
call    0 returned 47620
------------------
_ZNSt12_Vector_baseIN8cppjieba8DictUnitESaIS1_EEC2ERKS2_:
function _ZNSt12_Vector_baseIN8cppjieba8DictUnitESaIS1_EEC2ERKS2_ called 1 returned 100% blocks executed 100%
        1:  293:      _Vector_base(const allocator_type& __a) _GLIBCXX_NOEXCEPT
        1:  294:      : _M_impl(__a) { }
        1:  294-block  0
call    0 returned 1
------------------
        -:  295:
        -:  296:      // Kept for ABI compatibility.
        -:  297:#if !_GLIBCXX_INLINE_VERSION
        -:  298:      _Vector_base(size_t __n)
        -:  299:      : _M_impl()
        -:  300:      { _M_create_storage(__n); }
        -:  301:#endif
        -:  302:
    57565:  303:      _Vector_base(size_t __n, const allocator_type& __a)
    57565:  304:      : _M_impl(__a)
    57565:  305:      { _M_create_storage(__n); }
------------------
_ZNSt12_Vector_baseIySaIyEEC2EyRKS0_:
function _ZNSt12_Vector_baseIySaIyEEC2EyRKS0_ called 5738 returned 100% blocks executed 80%
     5738:  303:      _Vector_base(size_t __n, const allocator_type& __a)
     5738:  304:      : _M_impl(__a)
     5738:  304-block  0
call    0 returned 5738
     5738:  305:      { _M_create_storage(__n); }
call    0 returned 5738
branch  1 taken 5738 (fallthrough)
branch  2 taken 0 (throw)
     5738:  305-block  0
    $$$$$:  305-block  1
call    3 never executed
------------------
_ZNSt12_Vector_baseIdSaIdEEC2EyRKS0_:
function _ZNSt12_Vector_baseIdSaIdEEC2EyRKS0_ called 25914 returned 100% blocks executed 80%
    25914:  303:      _Vector_base(size_t __n, const allocator_type& __a)
    25914:  304:      : _M_impl(__a)
    25914:  304-block  0
call    0 returned 25914
    25914:  305:      { _M_create_storage(__n); }
call    0 returned 25914
branch  1 taken 25914 (fallthrough)
branch  2 taken 0 (throw)
    25914:  305-block  0
    $$$$$:  305-block  1
call    3 never executed
------------------
_ZNSt12_Vector_baseIiSaIiEEC2EyRKS0_:
function _ZNSt12_Vector_baseIiSaIiEEC2EyRKS0_ called 25912 returned 100% blocks executed 80%
    25912:  303:      _Vector_base(size_t __n, const allocator_type& __a)
    25912:  304:      : _M_impl(__a)
    25912:  304-block  0
call    0 returned 25912
    25912:  305:      { _M_create_storage(__n); }
call    0 returned 25912
branch  1 taken 25912 (fallthrough)
branch  2 taken 0 (throw)
    25912:  305-block  0
    $$$$$:  305-block  1
call    3 never executed
------------------
_ZNSt12_Vector_baseIN8cppjieba8DictUnitESaIS1_EEC2EyRKS2_:
function _ZNSt12_Vector_baseIN8cppjieba8DictUnitESaIS1_EEC2EyRKS2_ called 1 returned 100% blocks executed 80%
        1:  303:      _Vector_base(size_t __n, const allocator_type& __a)
        1:  304:      : _M_impl(__a)
        1:  304-block  0
call    0 returned 1
        1:  305:      { _M_create_storage(__n); }
call    0 returned 1
branch  1 taken 1 (fallthrough)
branch  2 taken 0 (throw)
        1:  305-block  0
    $$$$$:  305-block  1
call    3 never executed
------------------
        -:  306:
        -:  307:#if __cplusplus >= 201103L
function _ZNSt12_Vector_baseIySaIyEEC2EOS1_ called 15270 returned 100% blocks executed 100%
    15270:  308:      _Vector_base(_Vector_base&&) = default;
    15270:  308-block  0
call    0 returned 15270
        -:  309:
        -:  310:      // Kept for ABI compatibility.
        -:  311:# if !_GLIBCXX_INLINE_VERSION
        -:  312:      _Vector_base(_Tp_alloc_type&& __a) noexcept
        -:  313:      : _M_impl(std::move(__a)) { }
        -:  314:
        -:  315:      _Vector_base(_Vector_base&& __x, const allocator_type& __a)
        -:  316:      : _M_impl(__a)
        -:  317:      {
        -:  318:	if (__x.get_allocator() == __a)
        -:  319:	  this->_M_impl._M_swap_data(__x._M_impl);
        -:  320:	else
        -:  321:	  {
        -:  322:	    size_t __n = __x._M_impl._M_finish - __x._M_impl._M_start;
        -:  323:	    _M_create_storage(__n);
        -:  324:	  }
        -:  325:      }
        -:  326:# endif
        -:  327:
        -:  328:      _Vector_base(const allocator_type& __a, _Vector_base&& __x)
        -:  329:      : _M_impl(_Tp_alloc_type(__a), std::move(__x._M_impl))
        -:  330:      { }
        -:  331:#endif
        -:  332:
   196950:  333:      ~_Vector_base() _GLIBCXX_NOEXCEPT
        -:  334:      {
   196950:  335:	_M_deallocate(_M_impl._M_start,
   196950:  336:		      _M_impl._M_end_of_storage - _M_impl._M_start);
   196950:  337:      }
------------------
_ZNSt12_Vector_baseIdSaIdEED2Ev:
function _ZNSt12_Vector_baseIdSaIdEED2Ev called 25914 returned 100% blocks executed 100%
    25914:  333:      ~_Vector_base() _GLIBCXX_NOEXCEPT
        -:  334:      {
    25914:  335:	_M_deallocate(_M_impl._M_start,
    25914:  336:		      _M_impl._M_end_of_storage - _M_impl._M_start);
    25914:  336-block  0
call    0 returned 25914
    25914:  337:      }
call    0 returned 25914
------------------
_ZNSt12_Vector_baseIiSaIiEED2Ev:
function _ZNSt12_Vector_baseIiSaIiEED2Ev called 25912 returned 100% blocks executed 100%
    25912:  333:      ~_Vector_base() _GLIBCXX_NOEXCEPT
        -:  334:      {
    25912:  335:	_M_deallocate(_M_impl._M_start,
    25912:  336:		      _M_impl._M_end_of_storage - _M_impl._M_start);
    25912:  336-block  0
call    0 returned 25912
    25912:  337:      }
call    0 returned 25912
------------------
_ZNSt12_Vector_baseISt4pairIydESaIS1_EED2Ev:
function _ZNSt12_Vector_baseISt4pairIydESaIS1_EED2Ev called 2 returned 100% blocks executed 100%
        2:  333:      ~_Vector_base() _GLIBCXX_NOEXCEPT
        -:  334:      {
        2:  335:	_M_deallocate(_M_impl._M_start,
        2:  336:		      _M_impl._M_end_of_storage - _M_impl._M_start);
        2:  336-block  0
call    0 returned 2
        2:  337:      }
call    0 returned 2
------------------
_ZNSt12_Vector_baseISt4pairINSt7__cxx1112basic_stringIcSt11char_traitsIcESaIcEEEdESaIS7_EED2Ev:
function _ZNSt12_Vector_baseISt4pairINSt7__cxx1112basic_stringIcSt11char_traitsIcESaIcEEEdESaIS7_EED2Ev called 2 returned 100% blocks executed 100%
        2:  333:      ~_Vector_base() _GLIBCXX_NOEXCEPT
        -:  334:      {
        2:  335:	_M_deallocate(_M_impl._M_start,
        2:  336:		      _M_impl._M_end_of_storage - _M_impl._M_start);
        2:  336-block  0
call    0 returned 2
        2:  337:      }
call    0 returned 2
------------------
_ZNSt12_Vector_baseIN8cppjieba16KeywordExtractor4WordESaIS2_EED2Ev:
function _ZNSt12_Vector_baseIN8cppjieba16KeywordExtractor4WordESaIS2_EED2Ev called 4 returned 100% blocks executed 100%
        4:  333:      ~_Vector_base() _GLIBCXX_NOEXCEPT
        -:  334:      {
        4:  335:	_M_deallocate(_M_impl._M_start,
        4:  336:		      _M_impl._M_end_of_storage - _M_impl._M_start);
        4:  336-block  0
call    0 returned 4
        4:  337:      }
call    0 returned 4
------------------
_ZNSt12_Vector_baseIySaIyEED2Ev:
function _ZNSt12_Vector_baseIySaIyEED2Ev called 100278 returned 100% blocks executed 100%
   100278:  333:      ~_Vector_base() _GLIBCXX_NOEXCEPT
        -:  334:      {
   100278:  335:	_M_deallocate(_M_impl._M_start,
   100278:  336:		      _M_impl._M_end_of_storage - _M_impl._M_start);
   100278:  336-block  0
call    0 returned 100278
   100278:  337:      }
call    0 returned 100278
------------------
_ZNSt12_Vector_baseIPSt13unordered_mapIjdSt4hashIjESt8equal_toIjESaISt4pairIKjdEEESaISA_EED2Ev:
function _ZNSt12_Vector_baseIPSt13unordered_mapIjdSt4hashIjESt8equal_toIjESaISt4pairIKjdEEESaISA_EED2Ev called 1 returned 100% blocks executed 100%
        1:  333:      ~_Vector_base() _GLIBCXX_NOEXCEPT
        -:  334:      {
        1:  335:	_M_deallocate(_M_impl._M_start,
        1:  336:		      _M_impl._M_end_of_storage - _M_impl._M_start);
        1:  336-block  0
call    0 returned 1
        1:  337:      }
call    0 returned 1
------------------
_ZNSt12_Vector_baseIN8cppjieba3DagESaIS1_EED2Ev:
function _ZNSt12_Vector_baseIN8cppjieba3DagESaIS1_EED2Ev called 14936 returned 100% blocks executed 100%
    14936:  333:      ~_Vector_base() _GLIBCXX_NOEXCEPT
        -:  334:      {
    14936:  335:	_M_deallocate(_M_impl._M_start,
    14936:  336:		      _M_impl._M_end_of_storage - _M_impl._M_start);
    14936:  336-block  0
call    0 returned 14936
    14936:  337:      }
call    0 returned 14936
------------------
_ZNSt12_Vector_baseIN8cppjieba9WordRangeESaIS1_EED2Ev:
function _ZNSt12_Vector_baseIN8cppjieba9WordRangeESaIS1_EED2Ev called 29876 returned 100% blocks executed 100%
    29876:  333:      ~_Vector_base() _GLIBCXX_NOEXCEPT
        -:  334:      {
    29876:  335:	_M_deallocate(_M_impl._M_start,
    29876:  336:		      _M_impl._M_end_of_storage - _M_impl._M_start);
    29876:  336-block  0
call    0 returned 29876
    29876:  337:      }
call    0 returned 29876
------------------
_ZNSt12_Vector_baseIPKN8cppjieba8DictUnitESaIS3_EED2Ev:
function _ZNSt12_Vector_baseIPKN8cppjieba8DictUnitESaIS3_EED2Ev called 1 returned 100% blocks executed 100%
        1:  333:      ~_Vector_base() _GLIBCXX_NOEXCEPT
        -:  334:      {
        1:  335:	_M_deallocate(_M_impl._M_start,
        1:  336:		      _M_impl._M_end_of_storage - _M_impl._M_start);
        1:  336-block  0
call    0 returned 1
        1:  337:      }
call    0 returned 1
------------------
_ZNSt12_Vector_baseIN6limonp11LocalVectorIjEESaIS2_EED2Ev:
function _ZNSt12_Vector_baseIN6limonp11LocalVectorIjEESaIS2_EED2Ev called 1 returned 100% blocks executed 100%
        1:  333:      ~_Vector_base() _GLIBCXX_NOEXCEPT
        -:  334:      {
        1:  335:	_M_deallocate(_M_impl._M_start,
        1:  336:		      _M_impl._M_end_of_storage - _M_impl._M_start);
        1:  336-block  0
call    0 returned 1
        1:  337:      }
call    0 returned 1
------------------
_ZNSt12_Vector_baseIN8cppjieba8DictUnitESaIS1_EED2Ev:
function _ZNSt12_Vector_baseIN8cppjieba8DictUnitESaIS1_EED2Ev called 3 returned 100% blocks executed 100%
        3:  333:      ~_Vector_base() _GLIBCXX_NOEXCEPT
        -:  334:      {
        3:  335:	_M_deallocate(_M_impl._M_start,
        3:  336:		      _M_impl._M_end_of_storage - _M_impl._M_start);
        3:  336-block  0
call    0 returned 3
        3:  337:      }
call    0 returned 3
------------------
_ZNSt12_Vector_baseIN8cppjieba4WordESaIS1_EED2Ev:
function _ZNSt12_Vector_baseIN8cppjieba4WordESaIS1_EED2Ev called 4 returned 100% blocks executed 100%
        4:  333:      ~_Vector_base() _GLIBCXX_NOEXCEPT
        -:  334:      {
        4:  335:	_M_deallocate(_M_impl._M_start,
        4:  336:		      _M_impl._M_end_of_storage - _M_impl._M_start);
        4:  336-block  0
call    0 returned 4
        4:  337:      }
call    0 returned 4
------------------
_ZNSt12_Vector_baseINSt7__cxx1112basic_stringIcSt11char_traitsIcESaIcEEESaIS5_EED2Ev:
function _ZNSt12_Vector_baseINSt7__cxx1112basic_stringIcSt11char_traitsIcESaIcEEESaIS5_EED2Ev called 16 returned 100% blocks executed 100%
       16:  333:      ~_Vector_base() _GLIBCXX_NOEXCEPT
        -:  334:      {
       16:  335:	_M_deallocate(_M_impl._M_start,
       16:  336:		      _M_impl._M_end_of_storage - _M_impl._M_start);
       16:  336-block  0
call    0 returned 16
       16:  337:      }
call    0 returned 16
------------------
        -:  338:
        -:  339:    public:
        -:  340:      _Vector_impl _M_impl;
        -:  341:
        -:  342:      pointer
  140868*:  343:      _M_allocate(size_t __n)
        -:  344:      {
        -:  345:	typedef __gnu_cxx::__alloc_traits<_Tp_alloc_type> _Tr;
  140868*:  346:	return __n != 0 ? _Tr::allocate(_M_impl, __n) : pointer();
        -:  347:      }
------------------
_ZNSt12_Vector_baseISt4pairINSt7__cxx1112basic_stringIcSt11char_traitsIcESaIcEEEdESaIS7_EE11_M_allocateEy:
function _ZNSt12_Vector_baseISt4pairINSt7__cxx1112basic_stringIcSt11char_traitsIcESaIcEEEdESaIS7_EE11_M_allocateEy called 24 returned 100% blocks executed 83%
       24:  343:      _M_allocate(size_t __n)
        -:  344:      {
        -:  345:	typedef __gnu_cxx::__alloc_traits<_Tp_alloc_type> _Tr;
      24*:  346:	return __n != 0 ? _Tr::allocate(_M_impl, __n) : pointer();
       24:  346-block  0
branch  0 taken 24 (fallthrough)
branch  1 taken 0
       24:  346-block  1
call    2 returned 24
    %%%%%:  346-block  2
       24:  346-block  3
        -:  347:      }
------------------
_ZNSt12_Vector_baseIdSaIdEE11_M_allocateEy:
function _ZNSt12_Vector_baseIdSaIdEE11_M_allocateEy called 25914 returned 100% blocks executed 83%
    25914:  343:      _M_allocate(size_t __n)
        -:  344:      {
        -:  345:	typedef __gnu_cxx::__alloc_traits<_Tp_alloc_type> _Tr;
   25914*:  346:	return __n != 0 ? _Tr::allocate(_M_impl, __n) : pointer();
    25914:  346-block  0
branch  0 taken 25914 (fallthrough)
branch  1 taken 0
    25914:  346-block  1
call    2 returned 25914
    %%%%%:  346-block  2
    25914:  346-block  3
        -:  347:      }
------------------
_ZNSt12_Vector_baseIiSaIiEE11_M_allocateEy:
function _ZNSt12_Vector_baseIiSaIiEE11_M_allocateEy called 25912 returned 100% blocks executed 83%
    25912:  343:      _M_allocate(size_t __n)
        -:  344:      {
        -:  345:	typedef __gnu_cxx::__alloc_traits<_Tp_alloc_type> _Tr;
   25912*:  346:	return __n != 0 ? _Tr::allocate(_M_impl, __n) : pointer();
    25912:  346-block  0
branch  0 taken 25912 (fallthrough)
branch  1 taken 0
    25912:  346-block  1
call    2 returned 25912
    %%%%%:  346-block  2
    25912:  346-block  3
        -:  347:      }
------------------
_ZNSt12_Vector_baseIPSt13unordered_mapIjdSt4hashIjESt8equal_toIjESaISt4pairIKjdEEESaISA_EE11_M_allocateEy:
function _ZNSt12_Vector_baseIPSt13unordered_mapIjdSt4hashIjESt8equal_toIjESaISt4pairIKjdEEESaISA_EE11_M_allocateEy called 3 returned 100% blocks executed 83%
        3:  343:      _M_allocate(size_t __n)
        -:  344:      {
        -:  345:	typedef __gnu_cxx::__alloc_traits<_Tp_alloc_type> _Tr;
       3*:  346:	return __n != 0 ? _Tr::allocate(_M_impl, __n) : pointer();
        3:  346-block  0
branch  0 taken 3 (fallthrough)
branch  1 taken 0
        3:  346-block  1
call    2 returned 3
    %%%%%:  346-block  2
        3:  346-block  3
        -:  347:      }
------------------
_ZNSt12_Vector_baseISt4pairINSt7__cxx1112basic_stringIcSt11char_traitsIcESaIcEEES6_ESaIS7_EE11_M_allocateEy:
function _ZNSt12_Vector_baseISt4pairINSt7__cxx1112basic_stringIcSt11char_traitsIcESaIcEEES6_ESaIS7_EE11_M_allocateEy called 0 returned 0% blocks executed 0%
    #####:  343:      _M_allocate(size_t __n)
        -:  344:      {
        -:  345:	typedef __gnu_cxx::__alloc_traits<_Tp_alloc_type> _Tr;
    #####:  346:	return __n != 0 ? _Tr::allocate(_M_impl, __n) : pointer();
    %%%%%:  346-block  0
branch  0 never executed
branch  1 never executed
    %%%%%:  346-block  1
call    2 never executed
    %%%%%:  346-block  2
    %%%%%:  346-block  3
        -:  347:      }
------------------
_ZNSt12_Vector_baseIPKN8cppjieba8DictUnitESaIS3_EE11_M_allocateEy:
function _ZNSt12_Vector_baseIPKN8cppjieba8DictUnitESaIS3_EE11_M_allocateEy called 20 returned 100% blocks executed 83%
       20:  343:      _M_allocate(size_t __n)
        -:  344:      {
        -:  345:	typedef __gnu_cxx::__alloc_traits<_Tp_alloc_type> _Tr;
      20*:  346:	return __n != 0 ? _Tr::allocate(_M_impl, __n) : pointer();
       20:  346-block  0
branch  0 taken 20 (fallthrough)
branch  1 taken 0
       20:  346-block  1
call    2 returned 20
    %%%%%:  346-block  2
       20:  346-block  3
        -:  347:      }
------------------
_ZNSt12_Vector_baseISt4pairIydESaIS1_EE11_M_allocateEy:
function _ZNSt12_Vector_baseISt4pairIydESaIS1_EE11_M_allocateEy called 2 returned 100% blocks executed 83%
        2:  343:      _M_allocate(size_t __n)
        -:  344:      {
        -:  345:	typedef __gnu_cxx::__alloc_traits<_Tp_alloc_type> _Tr;
       2*:  346:	return __n != 0 ? _Tr::allocate(_M_impl, __n) : pointer();
        2:  346-block  0
branch  0 taken 2 (fallthrough)
branch  1 taken 0
        2:  346-block  1
call    2 returned 2
    %%%%%:  346-block  2
        2:  346-block  3
        -:  347:      }
------------------
_ZNSt12_Vector_baseIySaIyEE11_M_allocateEy:
function _ZNSt12_Vector_baseIySaIyEE11_M_allocateEy called 44054 returned 100% blocks executed 83%
    44054:  343:      _M_allocate(size_t __n)
        -:  344:      {
        -:  345:	typedef __gnu_cxx::__alloc_traits<_Tp_alloc_type> _Tr;
   44054*:  346:	return __n != 0 ? _Tr::allocate(_M_impl, __n) : pointer();
    44054:  346-block  0
branch  0 taken 44054 (fallthrough)
branch  1 taken 0
    44054:  346-block  1
call    2 returned 44054
    %%%%%:  346-block  2
    44054:  346-block  3
        -:  347:      }
------------------
_ZNSt12_Vector_baseIN6limonp11LocalVectorIjEESaIS2_EE11_M_allocateEy:
function _ZNSt12_Vector_baseIN6limonp11LocalVectorIjEESaIS2_EE11_M_allocateEy called 20 returned 100% blocks executed 83%
       20:  343:      _M_allocate(size_t __n)
        -:  344:      {
        -:  345:	typedef __gnu_cxx::__alloc_traits<_Tp_alloc_type> _Tr;
      20*:  346:	return __n != 0 ? _Tr::allocate(_M_impl, __n) : pointer();
       20:  346-block  0
branch  0 taken 20 (fallthrough)
branch  1 taken 0
       20:  346-block  1
call    2 returned 20
    %%%%%:  346-block  2
       20:  346-block  3
        -:  347:      }
------------------
_ZNSt12_Vector_baseIN8cppjieba8DictUnitESaIS1_EE11_M_allocateEy:
function _ZNSt12_Vector_baseIN8cppjieba8DictUnitESaIS1_EE11_M_allocateEy called 22 returned 100% blocks executed 83%
       22:  343:      _M_allocate(size_t __n)
        -:  344:      {
        -:  345:	typedef __gnu_cxx::__alloc_traits<_Tp_alloc_type> _Tr;
      22*:  346:	return __n != 0 ? _Tr::allocate(_M_impl, __n) : pointer();
       22:  346-block  0
branch  0 taken 22 (fallthrough)
branch  1 taken 0
       22:  346-block  1
call    2 returned 22
    %%%%%:  346-block  2
       22:  346-block  3
        -:  347:      }
------------------
_ZNSt12_Vector_baseIN8cppjieba3DagESaIS1_EE11_M_allocateEy:
function _ZNSt12_Vector_baseIN8cppjieba3DagESaIS1_EE11_M_allocateEy called 14936 returned 100% blocks executed 83%
    14936:  343:      _M_allocate(size_t __n)
        -:  344:      {
        -:  345:	typedef __gnu_cxx::__alloc_traits<_Tp_alloc_type> _Tr;
   14936*:  346:	return __n != 0 ? _Tr::allocate(_M_impl, __n) : pointer();
    14936:  346-block  0
branch  0 taken 14936 (fallthrough)
branch  1 taken 0
    14936:  346-block  1
call    2 returned 14936
    %%%%%:  346-block  2
    14936:  346-block  3
        -:  347:      }
------------------
_ZNSt12_Vector_baseINSt7__cxx1112basic_stringIcSt11char_traitsIcESaIcEEESaIS5_EE11_M_allocateEy:
function _ZNSt12_Vector_baseINSt7__cxx1112basic_stringIcSt11char_traitsIcESaIcEEESaIS5_EE11_M_allocateEy called 77 returned 100% blocks executed 83%
       77:  343:      _M_allocate(size_t __n)
        -:  344:      {
        -:  345:	typedef __gnu_cxx::__alloc_traits<_Tp_alloc_type> _Tr;
      77*:  346:	return __n != 0 ? _Tr::allocate(_M_impl, __n) : pointer();
       77:  346-block  0
branch  0 taken 77 (fallthrough)
branch  1 taken 0
       77:  346-block  1
call    2 returned 77
    %%%%%:  346-block  2
       77:  346-block  3
        -:  347:      }
------------------
_ZNSt12_Vector_baseIN8cppjieba16KeywordExtractor4WordESaIS2_EE11_M_allocateEy:
function _ZNSt12_Vector_baseIN8cppjieba16KeywordExtractor4WordESaIS2_EE11_M_allocateEy called 4 returned 100% blocks executed 83%
        4:  343:      _M_allocate(size_t __n)
        -:  344:      {
        -:  345:	typedef __gnu_cxx::__alloc_traits<_Tp_alloc_type> _Tr;
       4*:  346:	return __n != 0 ? _Tr::allocate(_M_impl, __n) : pointer();
        4:  346-block  0
branch  0 taken 4 (fallthrough)
branch  1 taken 0
        4:  346-block  1
call    2 returned 4
    %%%%%:  346-block  2
        4:  346-block  3
        -:  347:      }
------------------
_ZNSt12_Vector_baseIN8cppjieba4WordESaIS1_EE11_M_allocateEy:
function _ZNSt12_Vector_baseIN8cppjieba4WordESaIS1_EE11_M_allocateEy called 4 returned 100% blocks executed 83%
        4:  343:      _M_allocate(size_t __n)
        -:  344:      {
        -:  345:	typedef __gnu_cxx::__alloc_traits<_Tp_alloc_type> _Tr;
       4*:  346:	return __n != 0 ? _Tr::allocate(_M_impl, __n) : pointer();
        4:  346-block  0
branch  0 taken 4 (fallthrough)
branch  1 taken 0
        4:  346-block  1
call    2 returned 4
    %%%%%:  346-block  2
        4:  346-block  3
        -:  347:      }
------------------
_ZNSt12_Vector_baseIN8cppjieba9WordRangeESaIS1_EE11_M_allocateEy:
function _ZNSt12_Vector_baseIN8cppjieba9WordRangeESaIS1_EE11_M_allocateEy called 29876 returned 100% blocks executed 83%
    29876:  343:      _M_allocate(size_t __n)
        -:  344:      {
        -:  345:	typedef __gnu_cxx::__alloc_traits<_Tp_alloc_type> _Tr;
   29876*:  346:	return __n != 0 ? _Tr::allocate(_M_impl, __n) : pointer();
    29876:  346-block  0
branch  0 taken 29876 (fallthrough)
branch  1 taken 0
    29876:  346-block  1
call    2 returned 29876
    %%%%%:  346-block  2
    29876:  346-block  3
        -:  347:      }
------------------
        -:  348:
        -:  349:      void
  280252*:  350:      _M_deallocate(pointer __p, size_t __n)
        -:  351:      {
        -:  352:	typedef __gnu_cxx::__alloc_traits<_Tp_alloc_type> _Tr;
  280252*:  353:	if (__p)
  140866*:  354:	  _Tr::deallocate(_M_impl, __p, __n);
  280252*:  355:      }
------------------
_ZNSt12_Vector_baseISt4pairINSt7__cxx1112basic_stringIcSt11char_traitsIcESaIcEEES6_ESaIS7_EE13_M_deallocateEPS7_y:
function _ZNSt12_Vector_baseISt4pairINSt7__cxx1112basic_stringIcSt11char_traitsIcESaIcEEES6_ESaIS7_EE13_M_deallocateEPS7_y called 0 returned 0% blocks executed 0%
    #####:  350:      _M_deallocate(pointer __p, size_t __n)
        -:  351:      {
        -:  352:	typedef __gnu_cxx::__alloc_traits<_Tp_alloc_type> _Tr;
    #####:  353:	if (__p)
    %%%%%:  353-block  0
branch  0 never executed
branch  1 never executed
    #####:  354:	  _Tr::deallocate(_M_impl, __p, __n);
    %%%%%:  354-block  0
call    0 never executed
    #####:  355:      }
------------------
_ZNSt12_Vector_baseIdSaIdEE13_M_deallocateEPdy:
function _ZNSt12_Vector_baseIdSaIdEE13_M_deallocateEPdy called 25914 returned 100% blocks executed 100%
    25914:  350:      _M_deallocate(pointer __p, size_t __n)
        -:  351:      {
        -:  352:	typedef __gnu_cxx::__alloc_traits<_Tp_alloc_type> _Tr;
    25914:  353:	if (__p)
    25914:  353-block  0
branch  0 taken 25914 (fallthrough)
branch  1 taken 0
    25914:  354:	  _Tr::deallocate(_M_impl, __p, __n);
    25914:  354-block  0
call    0 returned 25914
    25914:  355:      }
------------------
_ZNSt12_Vector_baseIiSaIiEE13_M_deallocateEPiy:
function _ZNSt12_Vector_baseIiSaIiEE13_M_deallocateEPiy called 25912 returned 100% blocks executed 100%
    25912:  350:      _M_deallocate(pointer __p, size_t __n)
        -:  351:      {
        -:  352:	typedef __gnu_cxx::__alloc_traits<_Tp_alloc_type> _Tr;
    25912:  353:	if (__p)
    25912:  353-block  0
branch  0 taken 25912 (fallthrough)
branch  1 taken 0
    25912:  354:	  _Tr::deallocate(_M_impl, __p, __n);
    25912:  354-block  0
call    0 returned 25912
    25912:  355:      }
------------------
_ZNSt12_Vector_baseISt4pairIydESaIS1_EE13_M_deallocateEPS1_y:
function _ZNSt12_Vector_baseISt4pairIydESaIS1_EE13_M_deallocateEPS1_y called 4 returned 100% blocks executed 100%
        4:  350:      _M_deallocate(pointer __p, size_t __n)
        -:  351:      {
        -:  352:	typedef __gnu_cxx::__alloc_traits<_Tp_alloc_type> _Tr;
        4:  353:	if (__p)
        4:  353-block  0
branch  0 taken 2 (fallthrough)
branch  1 taken 2
        2:  354:	  _Tr::deallocate(_M_impl, __p, __n);
        2:  354-block  0
call    0 returned 2
        4:  355:      }
------------------
_ZNSt12_Vector_baseISt4pairINSt7__cxx1112basic_stringIcSt11char_traitsIcESaIcEEEdESaIS7_EE13_M_deallocateEPS7_y:
function _ZNSt12_Vector_baseISt4pairINSt7__cxx1112basic_stringIcSt11char_traitsIcESaIcEEEdESaIS7_EE13_M_deallocateEPS7_y called 26 returned 100% blocks executed 100%
       26:  350:      _M_deallocate(pointer __p, size_t __n)
        -:  351:      {
        -:  352:	typedef __gnu_cxx::__alloc_traits<_Tp_alloc_type> _Tr;
       26:  353:	if (__p)
       26:  353-block  0
branch  0 taken 22 (fallthrough)
branch  1 taken 4
       22:  354:	  _Tr::deallocate(_M_impl, __p, __n);
       22:  354-block  0
call    0 returned 22
       26:  355:      }
------------------
_ZNSt12_Vector_baseIN8cppjieba16KeywordExtractor4WordESaIS2_EE13_M_deallocateEPS2_y:
function _ZNSt12_Vector_baseIN8cppjieba16KeywordExtractor4WordESaIS2_EE13_M_deallocateEPS2_y called 8 returned 100% blocks executed 100%
        8:  350:      _M_deallocate(pointer __p, size_t __n)
        -:  351:      {
        -:  352:	typedef __gnu_cxx::__alloc_traits<_Tp_alloc_type> _Tr;
        8:  353:	if (__p)
        8:  353-block  0
branch  0 taken 4 (fallthrough)
branch  1 taken 4
        4:  354:	  _Tr::deallocate(_M_impl, __p, __n);
        4:  354-block  0
call    0 returned 4
        8:  355:      }
------------------
_ZNSt12_Vector_baseIySaIyEE13_M_deallocateEPyy:
function _ZNSt12_Vector_baseIySaIyEE13_M_deallocateEPyy called 138594 returned 100% blocks executed 100%
   138594:  350:      _M_deallocate(pointer __p, size_t __n)
        -:  351:      {
        -:  352:	typedef __gnu_cxx::__alloc_traits<_Tp_alloc_type> _Tr;
   138594:  353:	if (__p)
   138594:  353-block  0
branch  0 taken 44054 (fallthrough)
branch  1 taken 94540
    44054:  354:	  _Tr::deallocate(_M_impl, __p, __n);
    44054:  354-block  0
call    0 returned 44054
   138594:  355:      }
------------------
_ZNSt12_Vector_baseIPSt13unordered_mapIjdSt4hashIjESt8equal_toIjESaISt4pairIKjdEEESaISA_EE13_M_deallocateEPSA_y:
function _ZNSt12_Vector_baseIPSt13unordered_mapIjdSt4hashIjESt8equal_toIjESaISt4pairIKjdEEESaISA_EE13_M_deallocateEPSA_y called 4 returned 100% blocks executed 100%
        4:  350:      _M_deallocate(pointer __p, size_t __n)
        -:  351:      {
        -:  352:	typedef __gnu_cxx::__alloc_traits<_Tp_alloc_type> _Tr;
        4:  353:	if (__p)
        4:  353-block  0
branch  0 taken 3 (fallthrough)
branch  1 taken 1
        3:  354:	  _Tr::deallocate(_M_impl, __p, __n);
        3:  354-block  0
call    0 returned 3
        4:  355:      }
------------------
_ZNSt12_Vector_baseIN8cppjieba3DagESaIS1_EE13_M_deallocateEPS1_y:
function _ZNSt12_Vector_baseIN8cppjieba3DagESaIS1_EE13_M_deallocateEPS1_y called 29872 returned 100% blocks executed 100%
    29872:  350:      _M_deallocate(pointer __p, size_t __n)
        -:  351:      {
        -:  352:	typedef __gnu_cxx::__alloc_traits<_Tp_alloc_type> _Tr;
    29872:  353:	if (__p)
    29872:  353-block  0
branch  0 taken 14936 (fallthrough)
branch  1 taken 14936
    14936:  354:	  _Tr::deallocate(_M_impl, __p, __n);
    14936:  354-block  0
call    0 returned 14936
    29872:  355:      }
------------------
_ZNSt12_Vector_baseIN8cppjieba9WordRangeESaIS1_EE13_M_deallocateEPS1_y:
function _ZNSt12_Vector_baseIN8cppjieba9WordRangeESaIS1_EE13_M_deallocateEPS1_y called 59752 returned 100% blocks executed 100%
    59752:  350:      _M_deallocate(pointer __p, size_t __n)
        -:  351:      {
        -:  352:	typedef __gnu_cxx::__alloc_traits<_Tp_alloc_type> _Tr;
    59752:  353:	if (__p)
    59752:  353-block  0
branch  0 taken 29876 (fallthrough)
branch  1 taken 29876
    29876:  354:	  _Tr::deallocate(_M_impl, __p, __n);
    29876:  354-block  0
call    0 returned 29876
    59752:  355:      }
------------------
_ZNSt12_Vector_baseIPKN8cppjieba8DictUnitESaIS3_EE13_M_deallocateEPS3_y:
function _ZNSt12_Vector_baseIPKN8cppjieba8DictUnitESaIS3_EE13_M_deallocateEPS3_y called 21 returned 100% blocks executed 100%
       21:  350:      _M_deallocate(pointer __p, size_t __n)
        -:  351:      {
        -:  352:	typedef __gnu_cxx::__alloc_traits<_Tp_alloc_type> _Tr;
       21:  353:	if (__p)
       21:  353-block  0
branch  0 taken 20 (fallthrough)
branch  1 taken 1
       20:  354:	  _Tr::deallocate(_M_impl, __p, __n);
       20:  354-block  0
call    0 returned 20
       21:  355:      }
------------------
_ZNSt12_Vector_baseIN6limonp11LocalVectorIjEESaIS2_EE13_M_deallocateEPS2_y:
function _ZNSt12_Vector_baseIN6limonp11LocalVectorIjEESaIS2_EE13_M_deallocateEPS2_y called 21 returned 100% blocks executed 100%
       21:  350:      _M_deallocate(pointer __p, size_t __n)
        -:  351:      {
        -:  352:	typedef __gnu_cxx::__alloc_traits<_Tp_alloc_type> _Tr;
       21:  353:	if (__p)
       21:  353-block  0
branch  0 taken 20 (fallthrough)
branch  1 taken 1
       20:  354:	  _Tr::deallocate(_M_impl, __p, __n);
       20:  354-block  0
call    0 returned 20
       21:  355:      }
------------------
_ZNSt12_Vector_baseIN8cppjieba8DictUnitESaIS1_EE13_M_deallocateEPS1_y:
function _ZNSt12_Vector_baseIN8cppjieba8DictUnitESaIS1_EE13_M_deallocateEPS1_y called 23 returned 100% blocks executed 100%
       23:  350:      _M_deallocate(pointer __p, size_t __n)
        -:  351:      {
        -:  352:	typedef __gnu_cxx::__alloc_traits<_Tp_alloc_type> _Tr;
       23:  353:	if (__p)
       23:  353-block  0
branch  0 taken 22 (fallthrough)
branch  1 taken 1
       22:  354:	  _Tr::deallocate(_M_impl, __p, __n);
       22:  354-block  0
call    0 returned 22
       23:  355:      }
------------------
_ZNSt12_Vector_baseIN8cppjieba4WordESaIS1_EE13_M_deallocateEPS1_y:
function _ZNSt12_Vector_baseIN8cppjieba4WordESaIS1_EE13_M_deallocateEPS1_y called 8 returned 100% blocks executed 100%
        8:  350:      _M_deallocate(pointer __p, size_t __n)
        -:  351:      {
        -:  352:	typedef __gnu_cxx::__alloc_traits<_Tp_alloc_type> _Tr;
        8:  353:	if (__p)
        8:  353-block  0
branch  0 taken 4 (fallthrough)
branch  1 taken 4
        4:  354:	  _Tr::deallocate(_M_impl, __p, __n);
        4:  354-block  0
call    0 returned 4
        8:  355:      }
------------------
_ZNSt12_Vector_baseINSt7__cxx1112basic_stringIcSt11char_traitsIcESaIcEEESaIS5_EE13_M_deallocateEPS5_y:
function _ZNSt12_Vector_baseINSt7__cxx1112basic_stringIcSt11char_traitsIcESaIcEEESaIS5_EE13_M_deallocateEPS5_y called 93 returned 100% blocks executed 100%
       93:  350:      _M_deallocate(pointer __p, size_t __n)
        -:  351:      {
        -:  352:	typedef __gnu_cxx::__alloc_traits<_Tp_alloc_type> _Tr;
       93:  353:	if (__p)
       93:  353-block  0
branch  0 taken 77 (fallthrough)
branch  1 taken 16
       77:  354:	  _Tr::deallocate(_M_impl, __p, __n);
       77:  354-block  0
call    0 returned 77
       93:  355:      }
------------------
        -:  356:
        -:  357:    protected:
        -:  358:      void
    57565:  359:      _M_create_storage(size_t __n)
        -:  360:      {
    57565:  361:	this->_M_impl._M_start = this->_M_allocate(__n);
    57565:  362:	this->_M_impl._M_finish = this->_M_impl._M_start;
    57565:  363:	this->_M_impl._M_end_of_storage = this->_M_impl._M_start + __n;
    57565:  364:      }
------------------
_ZNSt12_Vector_baseIySaIyEE17_M_create_storageEy:
function _ZNSt12_Vector_baseIySaIyEE17_M_create_storageEy called 5738 returned 100% blocks executed 100%
     5738:  359:      _M_create_storage(size_t __n)
        -:  360:      {
     5738:  361:	this->_M_impl._M_start = this->_M_allocate(__n);
     5738:  361-block  0
call    0 returned 5738
     5738:  362:	this->_M_impl._M_finish = this->_M_impl._M_start;
     5738:  363:	this->_M_impl._M_end_of_storage = this->_M_impl._M_start + __n;
     5738:  364:      }
------------------
_ZNSt12_Vector_baseIdSaIdEE17_M_create_storageEy:
function _ZNSt12_Vector_baseIdSaIdEE17_M_create_storageEy called 25914 returned 100% blocks executed 100%
    25914:  359:      _M_create_storage(size_t __n)
        -:  360:      {
    25914:  361:	this->_M_impl._M_start = this->_M_allocate(__n);
    25914:  361-block  0
call    0 returned 25914
    25914:  362:	this->_M_impl._M_finish = this->_M_impl._M_start;
    25914:  363:	this->_M_impl._M_end_of_storage = this->_M_impl._M_start + __n;
    25914:  364:      }
------------------
_ZNSt12_Vector_baseIiSaIiEE17_M_create_storageEy:
function _ZNSt12_Vector_baseIiSaIiEE17_M_create_storageEy called 25912 returned 100% blocks executed 100%
    25912:  359:      _M_create_storage(size_t __n)
        -:  360:      {
    25912:  361:	this->_M_impl._M_start = this->_M_allocate(__n);
    25912:  361-block  0
call    0 returned 25912
    25912:  362:	this->_M_impl._M_finish = this->_M_impl._M_start;
    25912:  363:	this->_M_impl._M_end_of_storage = this->_M_impl._M_start + __n;
    25912:  364:      }
------------------
_ZNSt12_Vector_baseIN8cppjieba8DictUnitESaIS1_EE17_M_create_storageEy:
function _ZNSt12_Vector_baseIN8cppjieba8DictUnitESaIS1_EE17_M_create_storageEy called 1 returned 100% blocks executed 100%
        1:  359:      _M_create_storage(size_t __n)
        -:  360:      {
        1:  361:	this->_M_impl._M_start = this->_M_allocate(__n);
        1:  361-block  0
call    0 returned 1
        1:  362:	this->_M_impl._M_finish = this->_M_impl._M_start;
        1:  363:	this->_M_impl._M_end_of_storage = this->_M_impl._M_start + __n;
        1:  364:      }
------------------
        -:  365:    };
        -:  366:
        -:  367:  /**
        -:  368:   *  @brief A standard container which offers fixed time access to
        -:  369:   *  individual elements in any order.
        -:  370:   *
        -:  371:   *  @ingroup sequences
        -:  372:   *
        -:  373:   *  @tparam _Tp  Type of element.
        -:  374:   *  @tparam _Alloc  Allocator type, defaults to allocator<_Tp>.
        -:  375:   *
        -:  376:   *  Meets the requirements of a <a href="tables.html#65">container</a>, a
        -:  377:   *  <a href="tables.html#66">reversible container</a>, and a
        -:  378:   *  <a href="tables.html#67">sequence</a>, including the
        -:  379:   *  <a href="tables.html#68">optional sequence requirements</a> with the
        -:  380:   *  %exception of @c push_front and @c pop_front.
        -:  381:   *
        -:  382:   *  In some terminology a %vector can be described as a dynamic
        -:  383:   *  C-style array, it offers fast and efficient access to individual
        -:  384:   *  elements in any order and saves the user from worrying about
        -:  385:   *  memory and size allocation.  Subscripting ( @c [] ) access is
        -:  386:   *  also provided as with C-style arrays.
        -:  387:  */
        -:  388:  template<typename _Tp, typename _Alloc = std::allocator<_Tp> >
        -:  389:    class vector : protected _Vector_base<_Tp, _Alloc>
        -:  390:    {
        -:  391:#ifdef _GLIBCXX_CONCEPT_CHECKS
        -:  392:      // Concept requirements.
        -:  393:      typedef typename _Alloc::value_type		_Alloc_value_type;
        -:  394:# if __cplusplus < 201103L
        -:  395:      __glibcxx_class_requires(_Tp, _SGIAssignableConcept)
        -:  396:# endif
        -:  397:      __glibcxx_class_requires2(_Tp, _Alloc_value_type, _SameTypeConcept)
[...]
        -: 1777:      {
        -: 1778:	// std::distance(begin(), end()) cannot be greater than PTRDIFF_MAX,
        -: 1779:	// and realistically we can't store more than PTRDIFF_MAX/sizeof(T)
        -: 1780:	// (even if std::allocator_traits::max_size says we can).
        4: 1781:	const size_t __diffmax
        -: 1782:	  = __gnu_cxx::__numeric_traits<ptrdiff_t>::__max / sizeof(_Tp);
        4: 1783:	const size_t __allocmax = _Alloc_traits::max_size(__a);
        4: 1783-block  0
call    0 returned 4
        4: 1784:	return (std::min)(__diffmax, __allocmax);
call    0 returned 4
        -: 1785:      }
------------------
_ZNSt6vectorIdSaIdEE11_S_max_sizeERKS0_:
function _ZNSt6vectorIdSaIdEE11_S_max_sizeERKS0_ called 25914 returned 100% blocks executed 100%
    25914: 1776:      _S_max_size(const _Tp_alloc_type& __a) _GLIBCXX_NOEXCEPT
        -: 1777:      {
        -: 1778:	// std::distance(begin(), end()) cannot be greater than PTRDIFF_MAX,
        -: 1779:	// and realistically we can't store more than PTRDIFF_MAX/sizeof(T)
        -: 1780:	// (even if std::allocator_traits::max_size says we can).
    25914: 1781:	const size_t __diffmax
        -: 1782:	  = __gnu_cxx::__numeric_traits<ptrdiff_t>::__max / sizeof(_Tp);
    25914: 1783:	const size_t __allocmax = _Alloc_traits::max_size(__a);
    25914: 1783-block  0
call    0 returned 25914
    25914: 1784:	return (std::min)(__diffmax, __allocmax);
call    0 returned 25914
        -: 1785:      }
------------------
_ZNSt6vectorIiSaIiEE11_S_max_sizeERKS0_:
function _ZNSt6vectorIiSaIiEE11_S_max_sizeERKS0_ called 25912 returned 100% blocks executed 100%
    25912: 1776:      _S_max_size(const _Tp_alloc_type& __a) _GLIBCXX_NOEXCEPT
        -: 1777:      {
        -: 1778:	// std::distance(begin(), end()) cannot be greater than PTRDIFF_MAX,
        -: 1779:	// and realistically we can't store more than PTRDIFF_MAX/sizeof(T)
        -: 1780:	// (even if std::allocator_traits::max_size says we can).
    25912: 1781:	const size_t __diffmax
        -: 1782:	  = __gnu_cxx::__numeric_traits<ptrdiff_t>::__max / sizeof(_Tp);
    25912: 1783:	const size_t __allocmax = _Alloc_traits::max_size(__a);
    25912: 1783-block  0
call    0 returned 25912
    25912: 1784:	return (std::min)(__diffmax, __allocmax);
call    0 returned 25912
        -: 1785:      }
------------------
_ZNSt6vectorIN8cppjieba4WordESaIS1_EE11_S_max_sizeERKS2_:
function _ZNSt6vectorIN8cppjieba4WordESaIS1_EE11_S_max_sizeERKS2_ called 4 returned 100% blocks executed 100%
        4: 1776:      _S_max_size(const _Tp_alloc_type& __a) _GLIBCXX_NOEXCEPT
        -: 1777:      {
        -: 1778:	// std::distance(begin(), end()) cannot be greater than PTRDIFF_MAX,
        -: 1779:	// and realistically we can't store more than PTRDIFF_MAX/sizeof(T)
        -: 1780:	// (even if std::allocator_traits::max_size says we can).
        4: 1781:	const size_t __diffmax
        -: 1782:	  = __gnu_cxx::__numeric_traits<ptrdiff_t>::__max / sizeof(_Tp);
        4: 1783:	const size_t __allocmax = _Alloc_traits::max_size(__a);
        4: 1783-block  0
call    0 returned 4
        4: 1784:	return (std::min)(__diffmax, __allocmax);
call    0 returned 4
        -: 1785:      }
------------------
_ZNSt6vectorIN8cppjieba9WordRangeESaIS1_EE11_S_max_sizeERKS2_:
function _ZNSt6vectorIN8cppjieba9WordRangeESaIS1_EE11_S_max_sizeERKS2_ called 29876 returned 100% blocks executed 100%
    29876: 1776:      _S_max_size(const _Tp_alloc_type& __a) _GLIBCXX_NOEXCEPT
        -: 1777:      {
        -: 1778:	// std::distance(begin(), end()) cannot be greater than PTRDIFF_MAX,
        -: 1779:	// and realistically we can't store more than PTRDIFF_MAX/sizeof(T)
        -: 1780:	// (even if std::allocator_traits::max_size says we can).
    29876: 1781:	const size_t __diffmax
        -: 1782:	  = __gnu_cxx::__numeric_traits<ptrdiff_t>::__max / sizeof(_Tp);
    29876: 1783:	const size_t __allocmax = _Alloc_traits::max_size(__a);
    29876: 1783-block  0
call    0 returned 29876
    29876: 1784:	return (std::min)(__diffmax, __allocmax);
call    0 returned 29876
        -: 1785:      }
------------------
        -: 1786:
        -: 1787:      // Internal erase functions follow.
        -: 1788:
        -: 1789:      // Called by erase(q1,q2), clear(), resize(), _M_fill_assign,
        -: 1790:      // _M_assign_aux.
        -: 1791:      void
  927517*: 1792:      _M_erase_at_end(pointer __pos) _GLIBCXX_NOEXCEPT
        -: 1793:      {
  927517*: 1794:	if (size_type __n = this->_M_impl._M_finish - __pos)
        -: 1795:	  {
  668672*: 1796:	    std::_Destroy(__pos, this->_M_impl._M_finish,
  668672*: 1797:			  _M_get_Tp_allocator());
  668672*: 1798:	    this->_M_impl._M_finish = __pos;
        -: 1799:	    _GLIBCXX_ASAN_ANNOTATE_SHRINK(__n);
        -: 1800:	  }
  927517*: 1801:      }
------------------
_ZNSt6vectorISt4pairIydESaIS1_EE15_M_erase_at_endEPS1_:
function _ZNSt6vectorISt4pairIydESaIS1_EE15_M_erase_at_endEPS1_ called 0 returned 0% blocks executed 0%
    #####: 1792:      _M_erase_at_end(pointer __pos) _GLIBCXX_NOEXCEPT
        -: 1793:      {
    #####: 1794:	if (size_type __n = this->_M_impl._M_finish - __pos)
    %%%%%: 1794-block  0
branch  0 never executed
branch  1 never executed
        -: 1795:	  {
    #####: 1796:	    std::_Destroy(__pos, this->_M_impl._M_finish,
call    0 never executed
    #####: 1797:			  _M_get_Tp_allocator());
    %%%%%: 1797-block  0
call    0 never executed
    #####: 1798:	    this->_M_impl._M_finish = __pos;
        -: 1799:	    _GLIBCXX_ASAN_ANNOTATE_SHRINK(__n);
        -: 1800:	  }
    #####: 1801:      }
------------------
_ZNSt6vectorIN8cppjieba16KeywordExtractor4WordESaIS2_EE15_M_erase_at_endEPS2_:
function _ZNSt6vectorIN8cppjieba16KeywordExtractor4WordESaIS2_EE15_M_erase_at_endEPS2_ called 6 returned 100% blocks executed 100%
        6: 1792:      _M_erase_at_end(pointer __pos) _GLIBCXX_NOEXCEPT
        -: 1793:      {
        6: 1794:	if (size_type __n = this->_M_impl._M_finish - __pos)
        6: 1794-block  0
branch  0 taken 2 (fallthrough)
branch  1 taken 4
        -: 1795:	  {
        2: 1796:	    std::_Destroy(__pos, this->_M_impl._M_finish,
call    0 returned 2
        2: 1797:			  _M_get_Tp_allocator());
        2: 1797-block  0
call    0 returned 2
        2: 1798:	    this->_M_impl._M_finish = __pos;
        -: 1799:	    _GLIBCXX_ASAN_ANNOTATE_SHRINK(__n);
        -: 1800:	  }
        6: 1801:      }
------------------
_ZNSt6vectorIN8cppjieba9WordRangeESaIS1_EE15_M_erase_at_endEPS1_:
function _ZNSt6vectorIN8cppjieba9WordRangeESaIS1_EE15_M_erase_at_endEPS1_ called 25640 returned 100% blocks executed 100%
    25640: 1792:      _M_erase_at_end(pointer __pos) _GLIBCXX_NOEXCEPT
        -: 1793:      {
    25640: 1794:	if (size_type __n = this->_M_impl._M_finish - __pos)
    25640: 1794-block  0
branch  0 taken 25640 (fallthrough)
branch  1 taken 0
        -: 1795:	  {
    25640: 1796:	    std::_Destroy(__pos, this->_M_impl._M_finish,
call    0 returned 25640
    25640: 1797:			  _M_get_Tp_allocator());
    25640: 1797-block  0
call    0 returned 25640
    25640: 1798:	    this->_M_impl._M_finish = __pos;
        -: 1799:	    _GLIBCXX_ASAN_ANNOTATE_SHRINK(__n);
        -: 1800:	  }
    25640: 1801:      }
------------------
_ZNSt6vectorIySaIyEE15_M_erase_at_endEPy:
function _ZNSt6vectorIySaIyEE15_M_erase_at_endEPy called 0 returned 0% blocks executed 0%
    #####: 1792:      _M_erase_at_end(pointer __pos) _GLIBCXX_NOEXCEPT
        -: 1793:      {
    #####: 1794:	if (size_type __n = this->_M_impl._M_finish - __pos)
    %%%%%: 1794-block  0
branch  0 never executed
branch  1 never executed
        -: 1795:	  {
    #####: 1796:	    std::_Destroy(__pos, this->_M_impl._M_finish,
call    0 never executed
    #####: 1797:			  _M_get_Tp_allocator());
    %%%%%: 1797-block  0
call    0 never executed
    #####: 1798:	    this->_M_impl._M_finish = __pos;
        -: 1799:	    _GLIBCXX_ASAN_ANNOTATE_SHRINK(__n);
        -: 1800:	  }
    #####: 1801:      }
------------------
_ZNSt6vectorIN8cppjieba4WordESaIS1_EE15_M_erase_at_endEPS1_:
function _ZNSt6vectorIN8cppjieba4WordESaIS1_EE15_M_erase_at_endEPS1_ called 4 returned 100% blocks executed 40%
        4: 1792:      _M_erase_at_end(pointer __pos) _GLIBCXX_NOEXCEPT
        -: 1793:      {
        4: 1794:	if (size_type __n = this->_M_impl._M_finish - __pos)
        4: 1794-block  0
branch  0 taken 0 (fallthrough)
branch  1 taken 4
        -: 1795:	  {
    #####: 1796:	    std::_Destroy(__pos, this->_M_impl._M_finish,
call    0 never executed
    #####: 1797:			  _M_get_Tp_allocator());
    %%%%%: 1797-block  0
call    0 never executed
    #####: 1798:	    this->_M_impl._M_finish = __pos;
        -: 1799:	    _GLIBCXX_ASAN_ANNOTATE_SHRINK(__n);
        -: 1800:	  }
        4: 1801:      }
------------------
_ZNSt6vectorIN8cppjieba3DagESaIS1_EE15_M_erase_at_endEPS1_:
function _ZNSt6vectorIN8cppjieba3DagESaIS1_EE15_M_erase_at_endEPS1_ called 0 returned 0% blocks executed 0%
    #####: 1792:      _M_erase_at_end(pointer __pos) _GLIBCXX_NOEXCEPT
        -: 1793:      {
    #####: 1794:	if (size_type __n = this->_M_impl._M_finish - __pos)
    %%%%%: 1794-block  0
branch  0 never executed
branch  1 never executed
        -: 1795:	  {
    #####: 1796:	    std::_Destroy(__pos, this->_M_impl._M_finish,
call    0 never executed
    #####: 1797:			  _M_get_Tp_allocator());
    %%%%%: 1797-block  0
call    0 never executed
    #####: 1798:	    this->_M_impl._M_finish = __pos;
        -: 1799:	    _GLIBCXX_ASAN_ANNOTATE_SHRINK(__n);
        -: 1800:	  }
    #####: 1801:      }
------------------
_ZNSt6vectorINSt7__cxx1112basic_stringIcSt11char_traitsIcESaIcEEESaIS5_EE15_M_erase_at_endEPS5_:
function _ZNSt6vectorINSt7__cxx1112basic_stringIcSt11char_traitsIcESaIcEEESaIS5_EE15_M_erase_at_endEPS5_ called 901867 returned 100% blocks executed 100%
   901867: 1792:      _M_erase_at_end(pointer __pos) _GLIBCXX_NOEXCEPT
        -: 1793:      {
   901867: 1794:	if (size_type __n = this->_M_impl._M_finish - __pos)
   901867: 1794-block  0
branch  0 taken 643030 (fallthrough)
branch  1 taken 258837
        -: 1795:	  {
   643030: 1796:	    std::_Destroy(__pos, this->_M_impl._M_finish,
call    0 returned 643030
   643030: 1797:			  _M_get_Tp_allocator());
   643030: 1797-block  0
call    0 returned 643030
   643030: 1798:	    this->_M_impl._M_finish = __pos;
        -: 1799:	    _GLIBCXX_ASAN_ANNOTATE_SHRINK(__n);
        -: 1800:	  }
   901867: 1801:      }
------------------
        -: 1802:
        -: 1803:      iterator
        -: 1804:      _M_erase(iterator __position);
        -: 1805:
        -: 1806:      iterator
        -: 1807:      _M_erase(iterator __first, iterator __last);
        -: 1808:
        -: 1809:#if __cplusplus >= 201103L
        -: 1810:    private:
        -: 1811:      // Constant-time move assignment when source object's memory can be
        -: 1812:      // moved, either because the source's allocator will move too
        -: 1813:      // or because the allocators are equal.
        -: 1814:      void
function _ZNSt6vectorIySaIyEE14_M_move_assignEOS1_St17integral_constantIbLb1EE called 47620 returned 100% blocks executed 100%
    47620: 1815:      _M_move_assign(vector&& __x, true_type) noexcept
        -: 1816:      {
    47620: 1817:	vector __tmp(get_allocator());
    47620: 1817-block  0
call    0 returned 47620
call    1 returned 47620
    47620: 1818:	this->_M_impl._M_swap_data(__x._M_impl);
call    0 returned 47620
    47620: 1819:	__tmp._M_impl._M_swap_data(__x._M_impl);
call    0 returned 47620
    47620: 1820:	std::__alloc_on_move(_M_get_Tp_allocator(), __x._M_get_Tp_allocator());
call    0 returned 47620
call    1 returned 47620
call    2 returned 47620
    47620: 1821:      }
call    0 returned 47620
        -: 1822:
        -: 1823:      // Do move assignment when it might not be possible to move source
        -: 1824:      // object's memory, resulting in a linear-time operation.
        -: 1825:      void
        -: 1826:      _M_move_assign(vector&& __x, false_type)
        -: 1827:      {
        -: 1828:	if (__x._M_get_Tp_allocator() == this->_M_get_Tp_allocator())
        -: 1829:	  _M_move_assign(std::move(__x), true_type());
        -: 1830:	else
        -: 1831:	  {
        -: 1832:	    // The rvalue's allocator cannot be moved and is not equal,
        -: 1833:	    // so we need to individually move each element.
        -: 1834:	    this->_M_assign_aux(std::make_move_iterator(__x.begin()),
        -: 1835:			        std::make_move_iterator(__x.end()),
        -: 1836:				std::random_access_iterator_tag());
        -: 1837:	    __x.clear();
        -: 1838:	  }
        -: 1839:      }
        -: 1840:#endif
        -: 1841:
        -: 1842:      template<typename _Up>
        -: 1843:	_Up*
        -: 1844:	_M_data_ptr(_Up* __ptr) const _GLIBCXX_NOEXCEPT
        -: 1845:	{ return __ptr; }
        -: 1846:
        -: 1847:#if __cplusplus >= 201103L
        -: 1848:      template<typename _Ptr>
        -: 1849:	typename std::pointer_traits<_Ptr>::element_type*
        -: 1850:	_M_data_ptr(_Ptr __ptr) const
        -: 1851:	{ return empty() ? nullptr : std::__to_address(__ptr); }
        -: 1852:#else
        -: 1853:      template<typename _Up>
        -: 1854:	_Up*
        -: 1855:	_M_data_ptr(_Up* __ptr) _GLIBCXX_NOEXCEPT
        -: 1856:	{ return __ptr; }
        -: 1857:
        -: 1858:      template<typename _Ptr>
        -: 1859:	value_type*
        -: 1860:	_M_data_ptr(_Ptr __ptr)
        -: 1861:	{ return empty() ? (value_type*)0 : __ptr.operator->(); }
        -: 1862:
        -: 1863:      template<typename _Ptr>
        -: 1864:	const value_type*
        -: 1865:	_M_data_ptr(_Ptr __ptr) const
        -: 1866:	{ return empty() ? (const value_type*)0 : __ptr.operator->(); }
        -: 1867:#endif
        -: 1868:    };
        -: 1869:
        -: 1870:#if __cpp_deduction_guides >= 201606
        -: 1871:  template<typename _InputIterator, typename _ValT
        -: 1872:	     = typename iterator_traits<_InputIterator>::value_type,
        -: 1873:	   typename _Allocator = allocator<_ValT>,
        -: 1874:	   typename = _RequireInputIter<_InputIterator>,
        -: 1875:	   typename = _RequireAllocator<_Allocator>>
        -: 1876:    vector(_InputIterator, _InputIterator, _Allocator = _Allocator())
        -: 1877:      -> vector<_ValT, _Allocator>;
        -: 1878:#endif
        -: 1879:
        -: 1880:  /**
        -: 1881:   *  @brief  Vector equality comparison.
        -: 1882:   *  @param  __x  A %vector.
        -: 1883:   *  @param  __y  A %vector of the same type as @a __x.
        -: 1884:   *  @return  True iff the size and elements of the vectors are equal.
        -: 1885:   *
        -: 1886:   *  This is an equivalence relation.  It is linear in the size of the
        -: 1887:   *  vectors.  Vectors are considered equivalent if their sizes are equal,
        -: 1888:   *  and if corresponding elements compare equal.
        -: 1889:  */
        -: 1890:  template<typename _Tp, typename _Alloc>
        -: 1891:    inline bool
        -: 1892:    operator==(const vector<_Tp, _Alloc>& __x, const vector<_Tp, _Alloc>& __y)
        -: 1893:    { return (__x.size() == __y.size()
        -: 1894:	      && std::equal(__x.begin(), __x.end(), __y.begin())); }
        -: 1895:
        -: 1896:#if __cpp_lib_three_way_comparison
        -: 1897:  /**
        -: 1898:   *  @brief  Vector ordering relation.
        -: 1899:   *  @param  __x  A `vector`.
        -: 1900:   *  @param  __y  A `vector` of the same type as `__x`.
        -: 1901:   *  @return  A value indicating whether `__x` is less than, equal to,
        -: 1902:   *           greater than, or incomparable with `__y`.
        -: 1903:   *
        -: 1904:   *  See `std::lexicographical_compare_three_way()` for how the determination
        -: 1905:   *  is made. This operator is used to synthesize relational operators like
        -: 1906:   *  `<` and `>=` etc.
        -: 1907:  */
        -: 1908:  template<typename _Tp, typename _Alloc>
        -: 1909:    inline __detail::__synth3way_t<_Tp>
        -: 1910:    operator<=>(const vector<_Tp, _Alloc>& __x, const vector<_Tp, _Alloc>& __y)
        -: 1911:    {
        -: 1912:      return std::lexicographical_compare_three_way(__x.begin(), __x.end(),
        -: 1913:						    __y.begin(), __y.end(),
        -: 1914:						    __detail::__synth3way);
        -: 1915:    }
        -: 1916:#else
        -: 1917:  /**
        -: 1918:   *  @brief  Vector ordering relation.
        -: 1919:   *  @param  __x  A %vector.
        -: 1920:   *  @param  __y  A %vector of the same type as @a __x.
        -: 1921:   *  @return  True iff @a __x is lexicographically less than @a __y.
        -: 1922:   *
        -: 1923:   *  This is a total ordering relation.  It is linear in the size of the
        -: 1924:   *  vectors.  The elements must be comparable with @c <.
        -: 1925:   *
        -: 1926:   *  See std::lexicographical_compare() for how the determination is made.
        -: 1927:  */
        -: 1928:  template<typename _Tp, typename _Alloc>
        -: 1929:    inline bool
        -: 1930:    operator<(const vector<_Tp, _Alloc>& __x, const vector<_Tp, _Alloc>& __y)
        -: 1931:    { return std::lexicographical_compare(__x.begin(), __x.end(),
        -: 1932:					  __y.begin(), __y.end()); }
        -: 1933:
        -: 1934:  /// Based on operator==
        -: 1935:  template<typename _Tp, typename _Alloc>
        -: 1936:    inline bool
        -: 1937:    operator!=(const vector<_Tp, _Alloc>& __x, const vector<_Tp, _Alloc>& __y)
        -: 1938:    { return !(__x == __y); }
        -: 1939:
        -: 1940:  /// Based on operator<
        -: 1941:  template<typename _Tp, typename _Alloc>
        -: 1942:    inline bool
        -: 1943:    operator>(const vector<_Tp, _Alloc>& __x, const vector<_Tp, _Alloc>& __y)
        -: 1944:    { return __y < __x; }
        -: 1945:
        -: 1946:  /// Based on operator<
        -: 1947:  template<typename _Tp, typename _Alloc>
        -: 1948:    inline bool
        -: 1949:    operator<=(const vector<_Tp, _Alloc>& __x, const vector<_Tp, _Alloc>& __y)
        -: 1950:    { return !(__y < __x); }
        -: 1951:
        -: 1952:  /// Based on operator<
        -: 1953:  template<typename _Tp, typename _Alloc>
        -: 1954:    inline bool
        -: 1955:    operator>=(const vector<_Tp, _Alloc>& __x, const vector<_Tp, _Alloc>& __y)
        -: 1956:    { return !(__x < __y); }
        -: 1957:#endif // three-way comparison
        -: 1958:
        -: 1959:  /// See std::vector::swap().
        -: 1960:  template<typename _Tp, typename _Alloc>
        -: 1961:    inline void
        -: 1962:    swap(vector<_Tp, _Alloc>& __x, vector<_Tp, _Alloc>& __y)
        -: 1963:    _GLIBCXX_NOEXCEPT_IF(noexcept(__x.swap(__y)))
        -: 1964:    { __x.swap(__y); }
        -: 1965:
        -: 1966:_GLIBCXX_END_NAMESPACE_CONTAINER
        -: 1967:
        -: 1968:#if __cplusplus >= 201703L
        -: 1969:  namespace __detail::__variant
        -: 1970:  {
        -: 1971:    template<typename> struct _Never_valueless_alt; // see <variant>
        -: 1972:
        -: 1973:    // Provide the strong exception-safety guarantee when emplacing a
        -: 1974:    // vector into a variant, but only if move assignment cannot throw.
        -: 1975:    template<typename _Tp, typename _Alloc>
        -: 1976:      struct _Never_valueless_alt<_GLIBCXX_STD_C::vector<_Tp, _Alloc>>
        -: 1977:      : std::is_nothrow_move_assignable<_GLIBCXX_STD_C::vector<_Tp, _Alloc>>
        -: 1978:      { };
        -: 1979:  }  // namespace __detail::__variant
        -: 1980:#endif // C++17
        -: 1981:
        -: 1982:_GLIBCXX_END_NAMESPACE_VERSION
        -: 1983:} // namespace std
        -: 1984:
        -: 1985:#endif /* _STL_VECTOR_H */
